<?xml version="1.0" encoding="utf-8"?>
<TestRun id="fd0af691-b777-4b5a-8b7c-2f27a6ecf32e" name="@runnervmejwal 2026-09-05 06:56:31" xmlns="http://microsoft.com/schemas/VisualStudio/TeamTest/2010">
  <Times creation="2026-09-05T06:56:31.9681387+00:00" queuing="2026-09-05T06:56:31.9681389+00:00" start="2026-09-05T06:56:30.1085771+00:00" finish="2026-09-05T06:56:58.2885675+00:00" />
  <TestSettings name="default" id="158aa205-66e6-4680-abea-3e5077b43efe">
    <Deployment runDeploymentRoot="_runnervmejwal_2026-09-05_06_56_31" />
  </TestSettings>
  <Results>
    <UnitTestResult executionId="adc91396-a6fb-4738-ac88-e571ba7a89e0" testId="707c162a-e09a-96a2-445c-c45322d5e8e8" testName="SonnetDB.Parity.Runner.ParityRunner.MqSuite_SonnetMqMatchesNatsJetStream" computerName="runnervmejwal" duration="00:00:01.0427673" startTime="2026-09-05T06:56:56.4816257+00:00" endTime="2026-09-05T06:56:57.5246222+00:00" testType="13cdc9d9-ddb5-4fa4-a97d-d965ccfc6d4b" outcome="Passed" testListId="8c84fa94-04c1-424b-9868-57a2d4851a1d" relativeResultsDirectory="adc91396-a6fb-4738-ac88-e571ba7a89e0" />
    <UnitTestResult executionId="11a7d6cb-e68e-48d7-a40d-298d74eca5d2" testId="56b0765d-9cc2-4c9e-e01f-ce69614fa9ee" testName="SonnetDB.Parity.Runner.ParityRunner.AnalyticsSuite_SonnetDbMatchesClickHouse" computerName="runnervmejwal" duration="00:00:00.2949209" startTime="2026-09-05T06:56:49.7125067+00:00" endTime="2026-09-05T06:56:50.0073723+00:00" testType="13cdc9d9-ddb5-4fa4-a97d-d965ccfc6d4b" outcome="Passed" testListId="8c84fa94-04c1-424b-9868-57a2d4851a1d" relativeResultsDirectory="11a7d6cb-e68e-48d7-a40d-298d74eca5d2" />
    <UnitTestResult executionId="d9bfd0b7-2794-4d86-bc70-04e0727900ac" testId="da0cedfe-ae28-1d5e-524f-235c86149b72" testName="SonnetDB.Parity.Runner.ParityRunner.DocumentSuite_SonnetDbMatchesMongoDbSemantics" computerName="runnervmejwal" duration="00:00:02.6161510" startTime="2026-09-05T06:56:47.0961310+00:00" endTime="2026-09-05T06:56:49.7120025+00:00" testType="13cdc9d9-ddb5-4fa4-a97d-d965ccfc6d4b" outcome="Passed" testListId="8c84fa94-04c1-424b-9868-57a2d4851a1d" relativeResultsDirectory="d9bfd0b7-2794-4d86-bc70-04e0727900ac" />
    <UnitTestResult executionId="9c15400c-c663-4e99-bc96-83a79f800e22" testId="66a88082-7872-fe6d-92d1-1ef9f0689ba7" testName="SonnetDB.Parity.Runner.ParityRunner.ObjectSuite_SonnetDbMatchesMinio" computerName="runnervmejwal" duration="00:00:00.7362871" startTime="2026-09-05T06:56:50.0076206+00:00" endTime="2026-09-05T06:56:50.7441284+00:00" testType="13cdc9d9-ddb5-4fa4-a97d-d965ccfc6d4b" outcome="Passed" testListId="8c84fa94-04c1-424b-9868-57a2d4851a1d" relativeResultsDirectory="9c15400c-c663-4e99-bc96-83a79f800e22" />
    <UnitTestResult executionId="7ea2727a-79fa-4864-a1c4-bc908542bd74" testId="acb2f3ab-260f-16f2-daed-19b4d6b5945b" testName="SonnetDB.Parity.Runner.ResultDifferTests.DiffSqlResults_WithTimeBucketContract_NormalizesWindowStopOnEitherSide" computerName="runnervmejwal" duration="00:00:00.0001912" startTime="2026-09-05T06:56:30.7178278+00:00" endTime="2026-09-05T06:56:30.7178784+00:00" testType="13cdc9d9-ddb5-4fa4-a97d-d965ccfc6d4b" outcome="Passed" testListId="8c84fa94-04c1-424b-9868-57a2d4851a1d" relativeResultsDirectory="7ea2727a-79fa-4864-a1c4-bc908542bd74" />
    <UnitTestResult executionId="0c13b2af-7ef4-465f-9342-e2121fddf023" testId="b2f087cf-30a2-36dc-426f-7c7c70967bf0" testName="SonnetDB.Parity.Runner.ParityRunner.KvSuite_SonnetDbMatchesRedis" computerName="runnervmejwal" duration="00:00:16.3965584" startTime="2026-09-05T06:56:30.6939294+00:00" endTime="2026-09-05T06:56:47.0953980+00:00" testType="13cdc9d9-ddb5-4fa4-a97d-d965ccfc6d4b" outcome="Passed" testListId="8c84fa94-04c1-424b-9868-57a2d4851a1d" relativeResultsDirectory="0c13b2af-7ef4-465f-9342-e2121fddf023" />
    <UnitTestResult executionId="25c3ddad-a6d5-4a69-9469-b6b3fded49b2" testId="45a94119-4f7f-2202-c475-1c2e4d283298" testName="SonnetDB.Parity.Runner.ResultDifferTests.DiffSqlResults_WithTimeBucketContract_NormalizesWindowStopToBucketStart" computerName="runnervmejwal" duration="00:00:00.0003818" startTime="2026-09-05T06:56:30.7169333+00:00" endTime="2026-09-05T06:56:30.7170194+00:00" testType="13cdc9d9-ddb5-4fa4-a97d-d965ccfc6d4b" outcome="Passed" testListId="8c84fa94-04c1-424b-9868-57a2d4851a1d" relativeResultsDirectory="25c3ddad-a6d5-4a69-9469-b6b3fded49b2" />
    <UnitTestResult executionId="8b37d354-b313-40b0-a535-8f4acaf0a779" testId="0c4b18d7-aafc-8287-45d4-75233304d011" testName="SonnetDB.Parity.Runner.ParityRunner.FullTextSuite_SonnetDbMatchesMeilisearch" computerName="runnervmejwal" duration="00:00:02.5848635" startTime="2026-09-05T06:56:53.3951468+00:00" endTime="2026-09-05T06:56:55.9801960+00:00" testType="13cdc9d9-ddb5-4fa4-a97d-d965ccfc6d4b" outcome="Passed" testListId="8c84fa94-04c1-424b-9868-57a2d4851a1d" relativeResultsDirectory="8b37d354-b313-40b0-a535-8f4acaf0a779" />
    <UnitTestResult executionId="84555e93-183a-4352-92e6-f03ce9f30d43" testId="ee07b8ae-2701-101a-fee5-0fb9b5b109b4" testName="SonnetDB.Parity.Runner.ResultDifferTests.DiffSqlResults_WithBucketAlias_AcceptsEquivalentTimeColumnName" computerName="runnervmejwal" duration="00:00:00.0002259" startTime="2026-09-05T06:56:30.7175856+00:00" endTime="2026-09-05T06:56:30.7176441+00:00" testType="13cdc9d9-ddb5-4fa4-a97d-d965ccfc6d4b" outcome="Passed" testListId="8c84fa94-04c1-424b-9868-57a2d4851a1d" relativeResultsDirectory="84555e93-183a-4352-92e6-f03ce9f30d43" />
    <UnitTestResult executionId="09d6d398-65b2-487b-847c-020690f1b387" testId="66e61c5f-c702-a767-f8b5-e32fbd491049" testName="SonnetDB.Parity.Runner.FrameRestTransportParitySuite.FrameHttp2_And_Rest_AreSemanticallyEquivalent_ForAllServices" computerName="runnervmejwal" duration="00:00:00.0573039" startTime="2026-09-05T06:56:30.7809704+00:00" endTime="2026-09-05T06:56:32.1425938+00:00" testType="13cdc9d9-ddb5-4fa4-a97d-d965ccfc6d4b" outcome="Failed" testListId="8c84fa94-04c1-424b-9868-57a2d4851a1d" relativeResultsDirectory="09d6d398-65b2-487b-847c-020690f1b387">
      <Output>
        <ErrorInfo>
          <Message>SonnetDB.Data.SndbServerException : [200 OK] frame_transport_error: 帧端点连接失败：The HTTP/2 server closed the connection. HTTP/2 error code 'HTTP_1_1_REQUIRED' (0xd). (HttpProtocolError)</Message>
          <StackTrace>   at SonnetDB.Data.Remote.FrameChannel.HandleTransportFailure(String message) in /home/runner/work/SonnetDB/SonnetDB/src/SonnetDB.Data/Remote/FrameChannel.cs:line 113
   at SonnetDB.Data.Remote.FrameChannel.TrySendAsync(ReadOnlyMemory`1 requestFrames, CancellationToken cancellationToken) in /home/runner/work/SonnetDB/SonnetDB/src/SonnetDB.Data/Remote/FrameChannel.cs:line 80
   at SonnetDB.Data.Remote.FrameChannel.SendUnaryAsync(ReadOnlyMemory`1 requestFrame, CancellationToken cancellationToken) in /home/runner/work/SonnetDB/SonnetDB/src/SonnetDB.Data/Remote/FrameChannel.cs:line 92
   at SonnetDB.Data.Mq.SndbMqClient.PublishAsync(String topic, Byte[] payload, IReadOnlyDictionary`2 headers, CancellationToken cancellationToken) in /home/runner/work/SonnetDB/SonnetDB/src/SonnetDB.Data/Mq/SndbMqClient.cs:line 68
   at SonnetDB.Parity.Runner.FrameRestTransportParitySuite.ExerciseMqAsync(String protocol, String topic) in /home/runner/work/SonnetDB/SonnetDB/tests/SonnetDB.Parity/runner/FrameRestTransportParitySuite.cs:line 108
   at SonnetDB.Parity.Runner.FrameRestTransportParitySuite.AssertMqParityAsync() in /home/runner/work/SonnetDB/SonnetDB/tests/SonnetDB.Parity/runner/FrameRestTransportParitySuite.cs:line 96
   at SonnetDB.Parity.Runner.FrameRestTransportParitySuite.FrameHttp2_And_Rest_AreSemanticallyEquivalent_ForAllServices() in /home/runner/work/SonnetDB/SonnetDB/tests/SonnetDB.Parity/runner/FrameRestTransportParitySuite.cs:line 85
--- End of stack trace from previous location ---</StackTrace>
        </ErrorInfo>
      </Output>
    </UnitTestResult>
    <UnitTestResult executionId="ebac18dc-d62c-40db-aa58-92f1b0a93c5c" testId="7a2f4258-eca0-9ab2-de74-b48e51c31b91" testName="SonnetDB.Parity.Runner.ProtocolIngestParitySuite.LineProtocol_HttpUdpMqttAndCoap_ProduceEquivalentRows" computerName="runnervmejwal" duration="00:00:00.1627989" startTime="2026-09-05T06:56:57.5254473+00:00" endTime="2026-09-05T06:56:58.2098690+00:00" testType="13cdc9d9-ddb5-4fa4-a97d-d965ccfc6d4b" outcome="Passed" testListId="8c84fa94-04c1-424b-9868-57a2d4851a1d" relativeResultsDirectory="ebac18dc-d62c-40db-aa58-92f1b0a93c5c" />
    <UnitTestResult executionId="710a3239-8304-4c62-bc0d-60cd5676230b" testId="9d48f0d2-2ffa-3aeb-e036-ad27082d0bb4" testName="SonnetDB.Parity.Adapters.RelationalResultMaterializerTests.ReadAsync_WithFractionalDecimal_NormalizesToDouble" computerName="runnervmejwal" duration="00:00:00.0627125" startTime="2026-09-05T06:56:30.7191921+00:00" endTime="2026-09-05T06:56:30.7725256+00:00" testType="13cdc9d9-ddb5-4fa4-a97d-d965ccfc6d4b" outcome="Passed" testListId="8c84fa94-04c1-424b-9868-57a2d4851a1d" relativeResultsDirectory="710a3239-8304-4c62-bc0d-60cd5676230b" />
    <UnitTestResult executionId="47bf283e-af04-419b-bbfd-1e75bc0ebb86" testId="326f18ea-ff47-0d78-2a31-253eef3e3b9d" testName="SonnetDB.Parity.Runner.ResultDifferTests.DiffSqlResults_WithTimeBucketContract_KeepsValueColumnsStrict" computerName="runnervmejwal" duration="00:00:00.0053240" startTime="2026-09-05T06:56:30.6955366+00:00" endTime="2026-09-05T06:56:30.7059435+00:00" testType="13cdc9d9-ddb5-4fa4-a97d-d965ccfc6d4b" outcome="Passed" testListId="8c84fa94-04c1-424b-9868-57a2d4851a1d" relativeResultsDirectory="47bf283e-af04-419b-bbfd-1e75bc0ebb86" />
    <UnitTestResult executionId="7783bfeb-d12c-474e-bac9-4623166ecc9a" testId="6cfb7d90-74fc-c7a3-287d-37b4650aa54d" testName="SonnetDB.Parity.Runner.ParityRunner.VectorSuite_SonnetDbMatchesQdrant" computerName="runnervmejwal" duration="00:00:01.8963813" startTime="2026-09-05T06:56:51.4982569+00:00" endTime="2026-09-05T06:56:53.3948779+00:00" testType="13cdc9d9-ddb5-4fa4-a97d-d965ccfc6d4b" outcome="Passed" testListId="8c84fa94-04c1-424b-9868-57a2d4851a1d" relativeResultsDirectory="7783bfeb-d12c-474e-bac9-4623166ecc9a" />
    <UnitTestResult executionId="e7351ad1-6430-4010-9c60-521d78f161e2" testId="e7b8d2f1-2350-3ae7-4d72-5c147a8fd3cb" testName="SonnetDB.Parity.Adapters.RelationalResultMaterializerTests.ReadAsync_WithIntegralDecimal_NormalizesToInt64" computerName="runnervmejwal" duration="00:00:00.0078320" startTime="2026-09-05T06:56:30.7728699+00:00" endTime="2026-09-05T06:56:30.7804138+00:00" testType="13cdc9d9-ddb5-4fa4-a97d-d965ccfc6d4b" outcome="Passed" testListId="8c84fa94-04c1-424b-9868-57a2d4851a1d" relativeResultsDirectory="e7351ad1-6430-4010-9c60-521d78f161e2" />
    <UnitTestResult executionId="cc768983-f5f2-40f3-b7c3-9de6e0f5d2ad" testId="a3dce82f-2060-f755-ba41-589eaef086cf" testName="SonnetDB.Parity.Runner.ParityRunner.RelationalSuite_SonnetDbMatchesPostgres" computerName="runnervmejwal" duration="00:00:00.5008152" startTime="2026-09-05T06:56:55.9808058+00:00" endTime="2026-09-05T06:56:56.4814042+00:00" testType="13cdc9d9-ddb5-4fa4-a97d-d965ccfc6d4b" outcome="Passed" testListId="8c84fa94-04c1-424b-9868-57a2d4851a1d" relativeResultsDirectory="cc768983-f5f2-40f3-b7c3-9de6e0f5d2ad" />
    <UnitTestResult executionId="ea3cb344-15fb-452f-ba87-8a7cee9e162a" testId="da7990f2-5dd5-68c9-cd8b-83165d59ca0a" testName="SonnetDB.Parity.Runner.ParityRunner.TsdbSuite_SonnetDbMatchesInfluxDbAndVictoriaMetrics" computerName="runnervmejwal" duration="00:00:00.7533756" startTime="2026-09-05T06:56:50.7445181+00:00" endTime="2026-09-05T06:56:51.4979826+00:00" testType="13cdc9d9-ddb5-4fa4-a97d-d965ccfc6d4b" outcome="Passed" testListId="8c84fa94-04c1-424b-9868-57a2d4851a1d" relativeResultsDirectory="ea3cb344-15fb-452f-ba87-8a7cee9e162a" />
  </Results>
  <TestDefinitions>
    <UnitTest name="SonnetDB.Parity.Runner.ParityRunner.DocumentSuite_SonnetDbMatchesMongoDbSemantics" storage="/home/runner/work/sonnetdb/sonnetdb/tests/sonnetdb.parity/bin/release/net10.0/sonnetdb.parity.dll" id="da0cedfe-ae28-1d5e-524f-235c86149b72">
      <Execution id="d9bfd0b7-2794-4d86-bc70-04e0727900ac" />
      <TestMethod codeBase="/home/runner/work/SonnetDB/SonnetDB/tests/SonnetDB.Parity/bin/Release/net10.0/SonnetDB.Parity.dll" adapterTypeName="executor://xunit/VsTestRunner3/netcore/" className="SonnetDB.Parity.Runner.ParityRunner" name="DocumentSuite_SonnetDbMatchesMongoDbSemantics" />
    </UnitTest>
    <UnitTest name="SonnetDB.Parity.Runner.ParityRunner.TsdbSuite_SonnetDbMatchesInfluxDbAndVictoriaMetrics" storage="/home/runner/work/sonnetdb/sonnetdb/tests/sonnetdb.parity/bin/release/net10.0/sonnetdb.parity.dll" id="da7990f2-5dd5-68c9-cd8b-83165d59ca0a">
      <Execution id="ea3cb344-15fb-452f-ba87-8a7cee9e162a" />
      <TestMethod codeBase="/home/runner/work/SonnetDB/SonnetDB/tests/SonnetDB.Parity/bin/Release/net10.0/SonnetDB.Parity.dll" adapterTypeName="executor://xunit/VsTestRunner3/netcore/" className="SonnetDB.Parity.Runner.ParityRunner" name="TsdbSuite_SonnetDbMatchesInfluxDbAndVictoriaMetrics" />
    </UnitTest>
    <UnitTest name="SonnetDB.Parity.Runner.ParityRunner.RelationalSuite_SonnetDbMatchesPostgres" storage="/home/runner/work/sonnetdb/sonnetdb/tests/sonnetdb.parity/bin/release/net10.0/sonnetdb.parity.dll" id="a3dce82f-2060-f755-ba41-589eaef086cf">
      <Execution id="cc768983-f5f2-40f3-b7c3-9de6e0f5d2ad" />
      <TestMethod codeBase="/home/runner/work/SonnetDB/SonnetDB/tests/SonnetDB.Parity/bin/Release/net10.0/SonnetDB.Parity.dll" adapterTypeName="executor://xunit/VsTestRunner3/netcore/" className="SonnetDB.Parity.Runner.ParityRunner" name="RelationalSuite_SonnetDbMatchesPostgres" />
    </UnitTest>
    <UnitTest name="SonnetDB.Parity.Adapters.RelationalResultMaterializerTests.ReadAsync_WithIntegralDecimal_NormalizesToInt64" storage="/home/runner/work/sonnetdb/sonnetdb/tests/sonnetdb.parity/bin/release/net10.0/sonnetdb.parity.dll" id="e7b8d2f1-2350-3ae7-4d72-5c147a8fd3cb">
      <Execution id="e7351ad1-6430-4010-9c60-521d78f161e2" />
      <TestMethod codeBase="/home/runner/work/SonnetDB/SonnetDB/tests/SonnetDB.Parity/bin/Release/net10.0/SonnetDB.Parity.dll" adapterTypeName="executor://xunit/VsTestRunner3/netcore/" className="SonnetDB.Parity.Adapters.RelationalResultMaterializerTests" name="ReadAsync_WithIntegralDecimal_NormalizesToInt64" />
    </UnitTest>
    <UnitTest name="SonnetDB.Parity.Runner.ProtocolIngestParitySuite.LineProtocol_HttpUdpMqttAndCoap_ProduceEquivalentRows" storage="/home/runner/work/sonnetdb/sonnetdb/tests/sonnetdb.parity/bin/release/net10.0/sonnetdb.parity.dll" id="7a2f4258-eca0-9ab2-de74-b48e51c31b91">
      <Execution id="ebac18dc-d62c-40db-aa58-92f1b0a93c5c" />
      <TestMethod codeBase="/home/runner/work/SonnetDB/SonnetDB/tests/SonnetDB.Parity/bin/Release/net10.0/SonnetDB.Parity.dll" adapterTypeName="executor://xunit/VsTestRunner3/netcore/" className="SonnetDB.Parity.Runner.ProtocolIngestParitySuite" name="LineProtocol_HttpUdpMqttAndCoap_ProduceEquivalentRows" />
    </UnitTest>
    <UnitTest name="SonnetDB.Parity.Runner.FrameRestTransportParitySuite.FrameHttp2_And_Rest_AreSemanticallyEquivalent_ForAllServices" storage="/home/runner/work/sonnetdb/sonnetdb/tests/sonnetdb.parity/bin/release/net10.0/sonnetdb.parity.dll" id="66e61c5f-c702-a767-f8b5-e32fbd491049">
      <Execution id="09d6d398-65b2-487b-847c-020690f1b387" />
      <TestMethod codeBase="/home/runner/work/SonnetDB/SonnetDB/tests/SonnetDB.Parity/bin/Release/net10.0/SonnetDB.Parity.dll" adapterTypeName="executor://xunit/VsTestRunner3/netcore/" className="SonnetDB.Parity.Runner.FrameRestTransportParitySuite" name="FrameHttp2_And_Rest_AreSemanticallyEquivalent_ForAllServices" />
    </UnitTest>
    <UnitTest name="SonnetDB.Parity.Runner.ResultDifferTests.DiffSqlResults_WithTimeBucketContract_KeepsValueColumnsStrict" storage="/home/runner/work/sonnetdb/sonnetdb/tests/sonnetdb.parity/bin/release/net10.0/sonnetdb.parity.dll" id="326f18ea-ff47-0d78-2a31-253eef3e3b9d">
      <Execution id="47bf283e-af04-419b-bbfd-1e75bc0ebb86" />
      <TestMethod codeBase="/home/runner/work/SonnetDB/SonnetDB/tests/SonnetDB.Parity/bin/Release/net10.0/SonnetDB.Parity.dll" adapterTypeName="executor://xunit/VsTestRunner3/netcore/" className="SonnetDB.Parity.Runner.ResultDifferTests" name="DiffSqlResults_WithTimeBucketContract_KeepsValueColumnsStrict" />
    </UnitTest>
    <UnitTest name="SonnetDB.Parity.Runner.ParityRunner.MqSuite_SonnetMqMatchesNatsJetStream" storage="/home/runner/work/sonnetdb/sonnetdb/tests/sonnetdb.parity/bin/release/net10.0/sonnetdb.parity.dll" id="707c162a-e09a-96a2-445c-c45322d5e8e8">
      <Execution id="adc91396-a6fb-4738-ac88-e571ba7a89e0" />
      <TestMethod codeBase="/home/runner/work/SonnetDB/SonnetDB/tests/SonnetDB.Parity/bin/Release/net10.0/SonnetDB.Parity.dll" adapterTypeName="executor://xunit/VsTestRunner3/netcore/" className="SonnetDB.Parity.Runner.ParityRunner" name="MqSuite_SonnetMqMatchesNatsJetStream" />
    </UnitTest>
    <UnitTest name="SonnetDB.Parity.Adapters.RelationalResultMaterializerTests.ReadAsync_WithFractionalDecimal_NormalizesToDouble" storage="/home/runner/work/sonnetdb/sonnetdb/tests/sonnetdb.parity/bin/release/net10.0/sonnetdb.parity.dll" id="9d48f0d2-2ffa-3aeb-e036-ad27082d0bb4">
      <Execution id="710a3239-8304-4c62-bc0d-60cd5676230b" />
      <TestMethod codeBase="/home/runner/work/SonnetDB/SonnetDB/tests/SonnetDB.Parity/bin/Release/net10.0/SonnetDB.Parity.dll" adapterTypeName="executor://xunit/VsTestRunner3/netcore/" className="SonnetDB.Parity.Adapters.RelationalResultMaterializerTests" name="ReadAsync_WithFractionalDecimal_NormalizesToDouble" />
    </UnitTest>
    <UnitTest name="SonnetDB.Parity.Runner.ResultDifferTests.DiffSqlResults_WithTimeBucketContract_NormalizesWindowStopToBucketStart" storage="/home/runner/work/sonnetdb/sonnetdb/tests/sonnetdb.parity/bin/release/net10.0/sonnetdb.parity.dll" id="45a94119-4f7f-2202-c475-1c2e4d283298">
      <Execution id="25c3ddad-a6d5-4a69-9469-b6b3fded49b2" />
      <TestMethod codeBase="/home/runner/work/SonnetDB/SonnetDB/tests/SonnetDB.Parity/bin/Release/net10.0/SonnetDB.Parity.dll" adapterTypeName="executor://xunit/VsTestRunner3/netcore/" className="SonnetDB.Parity.Runner.ResultDifferTests" name="DiffSqlResults_WithTimeBucketContract_NormalizesWindowStopToBucketStart" />
    </UnitTest>
    <UnitTest name="SonnetDB.Parity.Runner.ParityRunner.ObjectSuite_SonnetDbMatchesMinio" storage="/home/runner/work/sonnetdb/sonnetdb/tests/sonnetdb.parity/bin/release/net10.0/sonnetdb.parity.dll" id="66a88082-7872-fe6d-92d1-1ef9f0689ba7">
      <Execution id="9c15400c-c663-4e99-bc96-83a79f800e22" />
      <TestMethod codeBase="/home/runner/work/SonnetDB/SonnetDB/tests/SonnetDB.Parity/bin/Release/net10.0/SonnetDB.Parity.dll" adapterTypeName="executor://xunit/VsTestRunner3/netcore/" className="SonnetDB.Parity.Runner.ParityRunner" name="ObjectSuite_SonnetDbMatchesMinio" />
    </UnitTest>
    <UnitTest name="SonnetDB.Parity.Runner.ParityRunner.KvSuite_SonnetDbMatchesRedis" storage="/home/runner/work/sonnetdb/sonnetdb/tests/sonnetdb.parity/bin/release/net10.0/sonnetdb.parity.dll" id="b2f087cf-30a2-36dc-426f-7c7c70967bf0">
      <Execution id="0c13b2af-7ef4-465f-9342-e2121fddf023" />
      <TestMethod codeBase="/home/runner/work/SonnetDB/SonnetDB/tests/SonnetDB.Parity/bin/Release/net10.0/SonnetDB.Parity.dll" adapterTypeName="executor://xunit/VsTestRunner3/netcore/" className="SonnetDB.Parity.Runner.ParityRunner" name="KvSuite_SonnetDbMatchesRedis" />
    </UnitTest>
    <UnitTest name="SonnetDB.Parity.Runner.ParityRunner.FullTextSuite_SonnetDbMatchesMeilisearch" storage="/home/runner/work/sonnetdb/sonnetdb/tests/sonnetdb.parity/bin/release/net10.0/sonnetdb.parity.dll" id="0c4b18d7-aafc-8287-45d4-75233304d011">
      <Execution id="8b37d354-b313-40b0-a535-8f4acaf0a779" />
      <TestMethod codeBase="/home/runner/work/SonnetDB/SonnetDB/tests/SonnetDB.Parity/bin/Release/net10.0/SonnetDB.Parity.dll" adapterTypeName="executor://xunit/VsTestRunner3/netcore/" className="SonnetDB.Parity.Runner.ParityRunner" name="FullTextSuite_SonnetDbMatchesMeilisearch" />
    </UnitTest>
    <UnitTest name="SonnetDB.Parity.Runner.ParityRunner.AnalyticsSuite_SonnetDbMatchesClickHouse" storage="/home/runner/work/sonnetdb/sonnetdb/tests/sonnetdb.parity/bin/release/net10.0/sonnetdb.parity.dll" id="56b0765d-9cc2-4c9e-e01f-ce69614fa9ee">
      <Execution id="11a7d6cb-e68e-48d7-a40d-298d74eca5d2" />
      <TestMethod codeBase="/home/runner/work/SonnetDB/SonnetDB/tests/SonnetDB.Parity/bin/Release/net10.0/SonnetDB.Parity.dll" adapterTypeName="executor://xunit/VsTestRunner3/netcore/" className="SonnetDB.Parity.Runner.ParityRunner" name="AnalyticsSuite_SonnetDbMatchesClickHouse" />
    </UnitTest>
    <UnitTest name="SonnetDB.Parity.Runner.ResultDifferTests.DiffSqlResults_WithTimeBucketContract_NormalizesWindowStopOnEitherSide" storage="/home/runner/work/sonnetdb/sonnetdb/tests/sonnetdb.parity/bin/release/net10.0/sonnetdb.parity.dll" id="acb2f3ab-260f-16f2-daed-19b4d6b5945b">
      <Execution id="7ea2727a-79fa-4864-a1c4-bc908542bd74" />
      <TestMethod codeBase="/home/runner/work/SonnetDB/SonnetDB/tests/SonnetDB.Parity/bin/Release/net10.0/SonnetDB.Parity.dll" adapterTypeName="executor://xunit/VsTestRunner3/netcore/" className="SonnetDB.Parity.Runner.ResultDifferTests" name="DiffSqlResults_WithTimeBucketContract_NormalizesWindowStopOnEitherSide" />
    </UnitTest>
    <UnitTest name="SonnetDB.Parity.Runner.ResultDifferTests.DiffSqlResults_WithBucketAlias_AcceptsEquivalentTimeColumnName" storage="/home/runner/work/sonnetdb/sonnetdb/tests/sonnetdb.parity/bin/release/net10.0/sonnetdb.parity.dll" id="ee07b8ae-2701-101a-fee5-0fb9b5b109b4">
      <Execution id="84555e93-183a-4352-92e6-f03ce9f30d43" />
      <TestMethod codeBase="/home/runner/work/SonnetDB/SonnetDB/tests/SonnetDB.Parity/bin/Release/net10.0/SonnetDB.Parity.dll" adapterTypeName="executor://xunit/VsTestRunner3/netcore/" className="SonnetDB.Parity.Runner.ResultDifferTests" name="DiffSqlResults_WithBucketAlias_AcceptsEquivalentTimeColumnName" />
    </UnitTest>
    <UnitTest name="SonnetDB.Parity.Runner.ParityRunner.VectorSuite_SonnetDbMatchesQdrant" storage="/home/runner/work/sonnetdb/sonnetdb/tests/sonnetdb.parity/bin/release/net10.0/sonnetdb.parity.dll" id="6cfb7d90-74fc-c7a3-287d-37b4650aa54d">
      <Execution id="7783bfeb-d12c-474e-bac9-4623166ecc9a" />
      <TestMethod codeBase="/home/runner/work/SonnetDB/SonnetDB/tests/SonnetDB.Parity/bin/Release/net10.0/SonnetDB.Parity.dll" adapterTypeName="executor://xunit/VsTestRunner3/netcore/" className="SonnetDB.Parity.Runner.ParityRunner" name="VectorSuite_SonnetDbMatchesQdrant" />
    </UnitTest>
  </TestDefinitions>
  <TestEntries>
    <TestEntry testId="707c162a-e09a-96a2-445c-c45322d5e8e8" executionId="adc91396-a6fb-4738-ac88-e571ba7a89e0" testListId="8c84fa94-04c1-424b-9868-57a2d4851a1d" />
    <TestEntry testId="56b0765d-9cc2-4c9e-e01f-ce69614fa9ee" executionId="11a7d6cb-e68e-48d7-a40d-298d74eca5d2" testListId="8c84fa94-04c1-424b-9868-57a2d4851a1d" />
    <TestEntry testId="da0cedfe-ae28-1d5e-524f-235c86149b72" executionId="d9bfd0b7-2794-4d86-bc70-04e0727900ac" testListId="8c84fa94-04c1-424b-9868-57a2d4851a1d" />
    <TestEntry testId="66a88082-7872-fe6d-92d1-1ef9f0689ba7" executionId="9c15400c-c663-4e99-bc96-83a79f800e22" testListId="8c84fa94-04c1-424b-9868-57a2d4851a1d" />
    <TestEntry testId="acb2f3ab-260f-16f2-daed-19b4d6b5945b" executionId="7ea2727a-79fa-4864-a1c4-bc908542bd74" testListId="8c84fa94-04c1-424b-9868-57a2d4851a1d" />
    <TestEntry testId="b2f087cf-30a2-36dc-426f-7c7c70967bf0" executionId="0c13b2af-7ef4-465f-9342-e2121fddf023" testListId="8c84fa94-04c1-424b-9868-57a2d4851a1d" />
    <TestEntry testId="45a94119-4f7f-2202-c475-1c2e4d283298" executionId="25c3ddad-a6d5-4a69-9469-b6b3fded49b2" testListId="8c84fa94-04c1-424b-9868-57a2d4851a1d" />
    <TestEntry testId="0c4b18d7-aafc-8287-45d4-75233304d011" executionId="8b37d354-b313-40b0-a535-8f4acaf0a779" testListId="8c84fa94-04c1-424b-9868-57a2d4851a1d" />
    <TestEntry testId="ee07b8ae-2701-101a-fee5-0fb9b5b109b4" executionId="84555e93-183a-4352-92e6-f03ce9f30d43" testListId="8c84fa94-04c1-424b-9868-57a2d4851a1d" />
    <TestEntry testId="66e61c5f-c702-a767-f8b5-e32fbd491049" executionId="09d6d398-65b2-487b-847c-020690f1b387" testListId="8c84fa94-04c1-424b-9868-57a2d4851a1d" />
    <TestEntry testId="7a2f4258-eca0-9ab2-de74-b48e51c31b91" executionId="ebac18dc-d62c-40db-aa58-92f1b0a93c5c" testListId="8c84fa94-04c1-424b-9868-57a2d4851a1d" />
    <TestEntry testId="9d48f0d2-2ffa-3aeb-e036-ad27082d0bb4" executionId="710a3239-8304-4c62-bc0d-60cd5676230b" testListId="8c84fa94-04c1-424b-9868-57a2d4851a1d" />
    <TestEntry testId="326f18ea-ff47-0d78-2a31-253eef3e3b9d" executionId="47bf283e-af04-419b-bbfd-1e75bc0ebb86" testListId="8c84fa94-04c1-424b-9868-57a2d4851a1d" />
    <TestEntry testId="6cfb7d90-74fc-c7a3-287d-37b4650aa54d" executionId="7783bfeb-d12c-474e-bac9-4623166ecc9a" testListId="8c84fa94-04c1-424b-9868-57a2d4851a1d" />
    <TestEntry testId="e7b8d2f1-2350-3ae7-4d72-5c147a8fd3cb" executionId="e7351ad1-6430-4010-9c60-521d78f161e2" testListId="8c84fa94-04c1-424b-9868-57a2d4851a1d" />
    <TestEntry testId="a3dce82f-2060-f755-ba41-589eaef086cf" executionId="cc768983-f5f2-40f3-b7c3-9de6e0f5d2ad" testListId="8c84fa94-04c1-424b-9868-57a2d4851a1d" />
    <TestEntry testId="da7990f2-5dd5-68c9-cd8b-83165d59ca0a" executionId="ea3cb344-15fb-452f-ba87-8a7cee9e162a" testListId="8c84fa94-04c1-424b-9868-57a2d4851a1d" />
  </TestEntries>
  <TestLists>
    <TestList name="Results Not in a List" id="8c84fa94-04c1-424b-9868-57a2d4851a1d" />
    <TestList name="All Loaded Results" id="19431567-8539-422a-85d7-44ee4e166bda" />
  </TestLists>
  <ResultSummary outcome="Failed">
    <Counters total="17" executed="17" passed="16" failed="1" error="0" timeout="0" aborted="0" inconclusive="0" passedButRunAborted="0" notRunnable="0" notExecuted="0" disconnected="0" warning="0" completed="0" inProgress="0" pending="0" />
    <Output>
      <StdOut>[xUnit.net 00:00:00.00] xUnit.net VSTest Adapter v3.1.5+1b188a7b0a (64-bit .NET 10.0.11)
[xUnit.net 00:00:00.13]   Discovering: SonnetDB.Parity
[xUnit.net 00:00:00.17]   Discovered:  SonnetDB.Parity
[xUnit.net 00:00:00.20]   Starting:    SonnetDB.Parity
{"Timestamp":"2026-09-05T06:56:31.816Z","EventId":14,"LogLevel":"Information","Category":"Microsoft.Hosting.Lifetime","Message":"Now listening on: http://127.0.0.1:37913","State":{"address":"http://127.0.0.1:37913","{OriginalFormat}":"Now listening on: {address}"},"Scopes":[]}
{"Timestamp":"2026-09-05T06:56:31.820Z","EventId":0,"LogLevel":"Information","Category":"Microsoft.Hosting.Lifetime","Message":"Application started. Press Ctrl\u002BC to shut down.","State":{"{OriginalFormat}":"Application started. Press Ctrl\u002BC to shut down."},"Scopes":[]}
{"Timestamp":"2026-09-05T06:56:31.821Z","EventId":0,"LogLevel":"Information","Category":"Microsoft.Hosting.Lifetime","Message":"Hosting environment: Production","State":{"EnvName":"Production","{OriginalFormat}":"Hosting environment: {EnvName}"},"Scopes":[]}
{"Timestamp":"2026-09-05T06:56:31.821Z","EventId":0,"LogLevel":"Information","Category":"Microsoft.Hosting.Lifetime","Message":"Content root path: /tmp/sonnetdb-parity-host-b8cce6df8a2d4832bbf297be1604c68d","State":{"ContentRoot":"/tmp/sonnetdb-parity-host-b8cce6df8a2d4832bbf297be1604c68d","{OriginalFormat}":"Content root path: {ContentRoot}"},"Scopes":[]}
{"Timestamp":"2026-09-05T06:56:31.895Z","EventId":1,"LogLevel":"Information","Category":"Microsoft.AspNetCore.Hosting.Diagnostics","Message":"Request starting HTTP/1.1 POST http://127.0.0.1:37913/v1/db - application/json;\u002Bcharset=utf-8 27","State":{"Protocol":"HTTP/1.1","Method":"POST","ContentType":"application/json; charset=utf-8","ContentLength":27,"Scheme":"http","Host":"127.0.0.1:37913","PathBase":"","Path":"/v1/db","QueryString":"","{OriginalFormat}":"Request starting {Protocol} {Method} {Scheme}://{Host}{PathBase}{Path}{QueryString} - {ContentType} {ContentLength}"},"Scopes":[{"Message":"SpanId:e45258d418523fca, TraceId:195f13dc43a0defc69f6930d07df6903, ParentId:9879d17051abebb0","SpanId":"e45258d418523fca","TraceId":"195f13dc43a0defc69f6930d07df6903","ParentId":"9879d17051abebb0"},{"Message":"http.request.method:POST, server.address:127.0.0.1, server.port:37913, url.scheme:http, url.path:/v1/db, network.protocol.version:1.1","http.request.method":"POST","server.address":"127.0.0.1","server.port":37913,"url.scheme":"http","url.path":"/v1/db","network.protocol.version":"1.1"},{"Message":"ConnectionId:0HNOB3B8KUL2V","ConnectionId":"0HNOB3B8KUL2V"},{"Message":"RequestPath:/v1/db RequestId:0HNOB3B8KUL2V:00000001","RequestId":"0HNOB3B8KUL2V:00000001","RequestPath":"/v1/db"}]}
{"Timestamp":"2026-09-05T06:56:31.963Z","EventId":0,"LogLevel":"Information","Category":"Microsoft.AspNetCore.Routing.EndpointMiddleware","Message":"Executing endpoint \u0027HTTP: POST /v1/db\u0027","State":{"EndpointName":"HTTP: POST /v1/db","{OriginalFormat}":"Executing endpoint \u0027{EndpointName}\u0027"},"Scopes":[{"Message":"SpanId:e45258d418523fca, TraceId:195f13dc43a0defc69f6930d07df6903, ParentId:9879d17051abebb0","SpanId":"e45258d418523fca","TraceId":"195f13dc43a0defc69f6930d07df6903","ParentId":"9879d17051abebb0"},{"Message":"http.request.method:POST, server.address:127.0.0.1, server.port:37913, url.scheme:http, url.path:/v1/db, network.protocol.version:1.1","http.request.method":"POST","server.address":"127.0.0.1","server.port":37913,"url.scheme":"http","url.path":"/v1/db","network.protocol.version":"1.1"},{"Message":"ConnectionId:0HNOB3B8KUL2V","ConnectionId":"0HNOB3B8KUL2V"},{"Message":"RequestPath:/v1/db RequestId:0HNOB3B8KUL2V:00000001","RequestId":"0HNOB3B8KUL2V:00000001","RequestPath":"/v1/db"}]}
{"Timestamp":"2026-09-05T06:56:32.003Z","EventId":1,"LogLevel":"Information","Category":"Microsoft.AspNetCore.Http.Result.JsonResult","Message":"Setting HTTP status code 201.","State":{"StatusCode":201,"{OriginalFormat}":"Setting HTTP status code {StatusCode}."},"Scopes":[{"Message":"SpanId:e45258d418523fca, TraceId:195f13dc43a0defc69f6930d07df6903, ParentId:9879d17051abebb0","SpanId":"e45258d418523fca","TraceId":"195f13dc43a0defc69f6930d07df6903","ParentId":"9879d17051abebb0"},{"Message":"http.request.method:POST, server.address:127.0.0.1, server.port:37913, url.scheme:http, url.path:/v1/db, network.protocol.version:1.1","http.request.method":"POST","server.address":"127.0.0.1","server.port":37913,"url.scheme":"http","url.path":"/v1/db","network.protocol.version":"1.1"},{"Message":"ConnectionId:0HNOB3B8KUL2V","ConnectionId":"0HNOB3B8KUL2V"},{"Message":"RequestPath:/v1/db RequestId:0HNOB3B8KUL2V:00000001","RequestId":"0HNOB3B8KUL2V:00000001","RequestPath":"/v1/db"}]}
{"Timestamp":"2026-09-05T06:56:32.005Z","EventId":3,"LogLevel":"Information","Category":"Microsoft.AspNetCore.Http.Result.JsonResult","Message":"Writing value of type \u0027DatabaseOperationResponse\u0027 as Json.","State":{"Type":"DatabaseOperationResponse","{OriginalFormat}":"Writing value of type \u0027{Type}\u0027 as Json."},"Scopes":[{"Message":"SpanId:e45258d418523fca, TraceId:195f13dc43a0defc69f6930d07df6903, ParentId:9879d17051abebb0","SpanId":"e45258d418523fca","TraceId":"195f13dc43a0defc69f6930d07df6903","ParentId":"9879d17051abebb0"},{"Message":"http.request.method:POST, server.address:127.0.0.1, server.port:37913, url.scheme:http, url.path:/v1/db, network.protocol.version:1.1","http.request.method":"POST","server.address":"127.0.0.1","server.port":37913,"url.scheme":"http","url.path":"/v1/db","network.protocol.version":"1.1"},{"Message":"ConnectionId:0HNOB3B8KUL2V","ConnectionId":"0HNOB3B8KUL2V"},{"Message":"RequestPath:/v1/db RequestId:0HNOB3B8KUL2V:00000001","RequestId":"0HNOB3B8KUL2V:00000001","RequestPath":"/v1/db"}]}
{"Timestamp":"2026-09-05T06:56:32.019Z","EventId":1,"LogLevel":"Information","Category":"Microsoft.AspNetCore.Routing.EndpointMiddleware","Message":"Executed endpoint \u0027HTTP: POST /v1/db\u0027","State":{"EndpointName":"HTTP: POST /v1/db","{OriginalFormat}":"Executed endpoint \u0027{EndpointName}\u0027"},"Scopes":[{"Message":"SpanId:e45258d418523fca, TraceId:195f13dc43a0defc69f6930d07df6903, ParentId:9879d17051abebb0","SpanId":"e45258d418523fca","TraceId":"195f13dc43a0defc69f6930d07df6903","ParentId":"9879d17051abebb0"},{"Message":"http.request.method:POST, server.address:127.0.0.1, server.port:37913, url.scheme:http, url.path:/v1/db, network.protocol.version:1.1","http.request.method":"POST","server.address":"127.0.0.1","server.port":37913,"url.scheme":"http","url.path":"/v1/db","network.protocol.version":"1.1"},{"Message":"ConnectionId:0HNOB3B8KUL2V","ConnectionId":"0HNOB3B8KUL2V"},{"Message":"RequestPath:/v1/db RequestId:0HNOB3B8KUL2V:00000001","RequestId":"0HNOB3B8KUL2V:00000001","RequestPath":"/v1/db"}]}
{"Timestamp":"2026-09-05T06:56:32.020Z","EventId":2,"LogLevel":"Information","Category":"Microsoft.AspNetCore.Hosting.Diagnostics","Message":"Request finished HTTP/1.1 POST http://127.0.0.1:37913/v1/db - 201 - application/json;\u002Bcharset=utf-8 125.5053ms","State":{"ElapsedMilliseconds":125.5053,"StatusCode":201,"ContentType":"application/json; charset=utf-8","ContentLength":null,"Protocol":"HTTP/1.1","Method":"POST","Scheme":"http","Host":"127.0.0.1:37913","PathBase":"","Path":"/v1/db","QueryString":"","{OriginalFormat}":"Request finished {Protocol} {Method} {Scheme}://{Host}{PathBase}{Path}{QueryString} - {StatusCode} {ContentLength} {ContentType} {ElapsedMilliseconds}ms"},"Scopes":[{"Message":"SpanId:e45258d418523fca, TraceId:195f13dc43a0defc69f6930d07df6903, ParentId:9879d17051abebb0","SpanId":"e45258d418523fca","TraceId":"195f13dc43a0defc69f6930d07df6903","ParentId":"9879d17051abebb0"},{"Message":"http.request.method:POST, server.address:127.0.0.1, server.port:37913, url.scheme:http, url.path:/v1/db, network.protocol.version:1.1","http.request.method":"POST","server.address":"127.0.0.1","server.port":37913,"url.scheme":"http","url.path":"/v1/db","network.protocol.version":"1.1"},{"Message":"ConnectionId:0HNOB3B8KUL2V","ConnectionId":"0HNOB3B8KUL2V"},{"Message":"RequestPath:/v1/db RequestId:0HNOB3B8KUL2V:00000001","RequestId":"0HNOB3B8KUL2V:00000001","RequestPath":"/v1/db"}]}
{"Timestamp":"2026-09-05T06:56:32.088Z","EventId":0,"LogLevel":"Information","Category":"Microsoft.Hosting.Lifetime","Message":"Application is shutting down...","State":{"{OriginalFormat}":"Application is shutting down..."},"Scopes":[]}
[xUnit.net 00:00:01.68]       SonnetDB.Data.SndbServerException : [200 OK] frame_transport_error: 帧端点连接失败：The HTTP/2 server closed the connection. HTTP/2 error code 'HTTP_1_1_REQUIRED' (0xd). (HttpProtocolError)
[xUnit.net 00:00:01.68]       Stack Trace:
[xUnit.net 00:00:01.68]         /home/runner/work/SonnetDB/SonnetDB/src/SonnetDB.Data/Remote/FrameChannel.cs(113,0): at SonnetDB.Data.Remote.FrameChannel.HandleTransportFailure(String message)
[xUnit.net 00:00:01.68]         /home/runner/work/SonnetDB/SonnetDB/src/SonnetDB.Data/Remote/FrameChannel.cs(80,0): at SonnetDB.Data.Remote.FrameChannel.TrySendAsync(ReadOnlyMemory`1 requestFrames, CancellationToken cancellationToken)
[xUnit.net 00:00:01.68]         /home/runner/work/SonnetDB/SonnetDB/src/SonnetDB.Data/Remote/FrameChannel.cs(92,0): at SonnetDB.Data.Remote.FrameChannel.SendUnaryAsync(ReadOnlyMemory`1 requestFrame, CancellationToken cancellationToken)
[xUnit.net 00:00:01.68]         /home/runner/work/SonnetDB/SonnetDB/src/SonnetDB.Data/Mq/SndbMqClient.cs(68,0): at SonnetDB.Data.Mq.SndbMqClient.PublishAsync(String topic, Byte[] payload, IReadOnlyDictionary`2 headers, CancellationToken cancellationToken)
[xUnit.net 00:00:01.68]         /home/runner/work/SonnetDB/SonnetDB/tests/SonnetDB.Parity/runner/FrameRestTransportParitySuite.cs(108,0): at SonnetDB.Parity.Runner.FrameRestTransportParitySuite.ExerciseMqAsync(String protocol, String topic)
[xUnit.net 00:00:01.68]         /home/runner/work/SonnetDB/SonnetDB/tests/SonnetDB.Parity/runner/FrameRestTransportParitySuite.cs(96,0): at SonnetDB.Parity.Runner.FrameRestTransportParitySuite.AssertMqParityAsync()
[xUnit.net 00:00:01.68]         /home/runner/work/SonnetDB/SonnetDB/tests/SonnetDB.Parity/runner/FrameRestTransportParitySuite.cs(85,0): at SonnetDB.Parity.Runner.FrameRestTransportParitySuite.FrameHttp2_And_Rest_AreSemanticallyEquivalent_ForAllServices()
[xUnit.net 00:00:01.68]         --- End of stack trace from previous location ---
{"Timestamp":"2026-09-05T06:56:57.598Z","EventId":0,"LogLevel":"Information","Category":"SonnetDB.Coap","Message":"CoAP \u660E\u6587 UDP \u76D1\u542C\u5DF2\u542F\u7528\uFF1A0.0.0.0:49884","State":{"Port":49884,"{OriginalFormat}":"CoAP \u660E\u6587 UDP \u76D1\u542C\u5DF2\u542F\u7528\uFF1A0.0.0.0:{Port}"},"Scopes":[]}
{"Timestamp":"2026-09-05T06:56:57.663Z","EventId":14,"LogLevel":"Information","Category":"Microsoft.Hosting.Lifetime","Message":"Now listening on: http://[::]:34019","State":{"address":"http://[::]:34019","{OriginalFormat}":"Now listening on: {address}"},"Scopes":[]}
{"Timestamp":"2026-09-05T06:56:57.663Z","EventId":14,"LogLevel":"Information","Category":"Microsoft.Hosting.Lifetime","Message":"Now listening on: http://127.0.0.1:45815","State":{"address":"http://127.0.0.1:45815","{OriginalFormat}":"Now listening on: {address}"},"Scopes":[]}
{"Timestamp":"2026-09-05T06:56:57.666Z","EventId":1012,"LogLevel":"Information","Category":"SonnetDB.LineProtocolUdp.LineProtocolUdpListenerService","Message":"Line Protocol UDP \u76D1\u542C\u5DF2\u542F\u7528\uFF1A0.0.0.0:53029 -\u003E database \u0027protocol_udp\u0027\uFF0C\u65E0\u9274\u6743/\u65E0 ack\uFF0C\u4EC5\u9650\u53EF\u4FE1\u5185\u7F51","State":{"Port":53029,"Database":"protocol_udp","{OriginalFormat}":"Line Protocol UDP \u76D1\u542C\u5DF2\u542F\u7528\uFF1A0.0.0.0:{Port} -\u003E database \u0027{Database}\u0027\uFF0C\u65E0\u9274\u6743/\u65E0 ack\uFF0C\u4EC5\u9650\u53EF\u4FE1\u5185\u7F51"},"Scopes":[]}
{"Timestamp":"2026-09-05T06:56:57.668Z","EventId":0,"LogLevel":"Information","Category":"Microsoft.Hosting.Lifetime","Message":"Application started. Press Ctrl\u002BC to shut down.","State":{"{OriginalFormat}":"Application started. Press Ctrl\u002BC to shut down."},"Scopes":[]}
{"Timestamp":"2026-09-05T06:56:57.668Z","EventId":0,"LogLevel":"Information","Category":"Microsoft.Hosting.Lifetime","Message":"Hosting environment: Production","State":{"EnvName":"Production","{OriginalFormat}":"Hosting environment: {EnvName}"},"Scopes":[]}
{"Timestamp":"2026-09-05T06:56:57.668Z","EventId":0,"LogLevel":"Information","Category":"Microsoft.Hosting.Lifetime","Message":"Content root path: /tmp/sndb-protocol-parity-host-c95a348209704a84b0e111c58946b7bb","State":{"ContentRoot":"/tmp/sndb-protocol-parity-host-c95a348209704a84b0e111c58946b7bb","{OriginalFormat}":"Content root path: {ContentRoot}"},"Scopes":[]}
{"Timestamp":"2026-09-05T06:56:57.679Z","EventId":1,"LogLevel":"Information","Category":"Microsoft.AspNetCore.Hosting.Diagnostics","Message":"Request starting HTTP/1.1 GET http://127.0.0.1:45815/healthz - - -","State":{"Protocol":"HTTP/1.1","Method":"GET","ContentType":null,"ContentLength":null,"Scheme":"http","Host":"127.0.0.1:45815","PathBase":"","Path":"/healthz","QueryString":"","{OriginalFormat}":"Request starting {Protocol} {Method} {Scheme}://{Host}{PathBase}{Path}{QueryString} - {ContentType} {ContentLength}"},"Scopes":[{"Message":"SpanId:7f4a7cf88ebe73b9, TraceId:0daad574aad262bc097374aaa25cdb4b, ParentId:b576f0e6a2a33d65","SpanId":"7f4a7cf88ebe73b9","TraceId":"0daad574aad262bc097374aaa25cdb4b","ParentId":"b576f0e6a2a33d65"},{"Message":"http.request.method:GET, server.address:127.0.0.1, server.port:45815, url.scheme:http, url.path:/healthz, network.protocol.version:1.1","http.request.method":"GET","server.address":"127.0.0.1","server.port":45815,"url.scheme":"http","url.path":"/healthz","network.protocol.version":"1.1"},{"Message":"ConnectionId:0HNOB3B8KUL32","ConnectionId":"0HNOB3B8KUL32"},{"Message":"RequestPath:/healthz RequestId:0HNOB3B8KUL32:00000001","RequestId":"0HNOB3B8KUL32:00000001","RequestPath":"/healthz"}]}
{"Timestamp":"2026-09-05T06:56:57.684Z","EventId":0,"LogLevel":"Information","Category":"Microsoft.AspNetCore.Routing.EndpointMiddleware","Message":"Executing endpoint \u0027HTTP: GET /healthz\u0027","State":{"EndpointName":"HTTP: GET /healthz","{OriginalFormat}":"Executing endpoint \u0027{EndpointName}\u0027"},"Scopes":[{"Message":"SpanId:7f4a7cf88ebe73b9, TraceId:0daad574aad262bc097374aaa25cdb4b, ParentId:b576f0e6a2a33d65","SpanId":"7f4a7cf88ebe73b9","TraceId":"0daad574aad262bc097374aaa25cdb4b","ParentId":"b576f0e6a2a33d65"},{"Message":"http.request.method:GET, server.address:127.0.0.1, server.port:45815, url.scheme:http, url.path:/healthz, network.protocol.version:1.1","http.request.method":"GET","server.address":"127.0.0.1","server.port":45815,"url.scheme":"http","url.path":"/healthz","network.protocol.version":"1.1"},{"Message":"ConnectionId:0HNOB3B8KUL32","ConnectionId":"0HNOB3B8KUL32"},{"Message":"RequestPath:/healthz RequestId:0HNOB3B8KUL32:00000001","RequestId":"0HNOB3B8KUL32:00000001","RequestPath":"/healthz"}]}
{"Timestamp":"2026-09-05T06:56:57.689Z","EventId":3,"LogLevel":"Information","Category":"Microsoft.AspNetCore.Http.Result.JsonResult","Message":"Writing value of type \u0027HealthResponse\u0027 as Json.","State":{"Type":"HealthResponse","{OriginalFormat}":"Writing value of type \u0027{Type}\u0027 as Json."},"Scopes":[{"Message":"SpanId:7f4a7cf88ebe73b9, TraceId:0daad574aad262bc097374aaa25cdb4b, ParentId:b576f0e6a2a33d65","SpanId":"7f4a7cf88ebe73b9","TraceId":"0daad574aad262bc097374aaa25cdb4b","ParentId":"b576f0e6a2a33d65"},{"Message":"http.request.method:GET, server.address:127.0.0.1, server.port:45815, url.scheme:http, url.path:/healthz, network.protocol.version:1.1","http.request.method":"GET","server.address":"127.0.0.1","server.port":45815,"url.scheme":"http","url.path":"/healthz","network.protocol.version":"1.1"},{"Message":"ConnectionId:0HNOB3B8KUL32","ConnectionId":"0HNOB3B8KUL32"},{"Message":"RequestPath:/healthz RequestId:0HNOB3B8KUL32:00000001","RequestId":"0HNOB3B8KUL32:00000001","RequestPath":"/healthz"}]}
{"Timestamp":"2026-09-05T06:56:57.689Z","EventId":1,"LogLevel":"Information","Category":"Microsoft.AspNetCore.Routing.EndpointMiddleware","Message":"Executed endpoint \u0027HTTP: GET /healthz\u0027","State":{"EndpointName":"HTTP: GET /healthz","{OriginalFormat}":"Executed endpoint \u0027{EndpointName}\u0027"},"Scopes":[{"Message":"SpanId:7f4a7cf88ebe73b9, TraceId:0daad574aad262bc097374aaa25cdb4b, ParentId:b576f0e6a2a33d65","SpanId":"7f4a7cf88ebe73b9","TraceId":"0daad574aad262bc097374aaa25cdb4b","ParentId":"b576f0e6a2a33d65"},{"Message":"http.request.method:GET, server.address:127.0.0.1, server.port:45815, url.scheme:http, url.path:/healthz, network.protocol.version:1.1","http.request.method":"GET","server.address":"127.0.0.1","server.port":45815,"url.scheme":"http","url.path":"/healthz","network.protocol.version":"1.1"},{"Message":"ConnectionId:0HNOB3B8KUL32","ConnectionId":"0HNOB3B8KUL32"},{"Message":"RequestPath:/healthz RequestId:0HNOB3B8KUL32:00000001","RequestId":"0HNOB3B8KUL32:00000001","RequestPath":"/healthz"}]}
{"Timestamp":"2026-09-05T06:56:57.690Z","EventId":2,"LogLevel":"Information","Category":"Microsoft.AspNetCore.Hosting.Diagnostics","Message":"Request finished HTTP/1.1 GET http://127.0.0.1:45815/healthz - 200 - application/json;\u002Bcharset=utf-8 10.9727ms","State":{"ElapsedMilliseconds":10.9727,"StatusCode":200,"ContentType":"application/json; charset=utf-8","ContentLength":null,"Protocol":"HTTP/1.1","Method":"GET","Scheme":"http","Host":"127.0.0.1:45815","PathBase":"","Path":"/healthz","QueryString":"","{OriginalFormat}":"Request finished {Protocol} {Method} {Scheme}://{Host}{PathBase}{Path}{QueryString} - {StatusCode} {ContentLength} {ContentType} {ElapsedMilliseconds}ms"},"Scopes":[{"Message":"SpanId:7f4a7cf88ebe73b9, TraceId:0daad574aad262bc097374aaa25cdb4b, ParentId:b576f0e6a2a33d65","SpanId":"7f4a7cf88ebe73b9","TraceId":"0daad574aad262bc097374aaa25cdb4b","ParentId":"b576f0e6a2a33d65"},{"Message":"http.request.method:GET, server.address:127.0.0.1, server.port:45815, url.scheme:http, url.path:/healthz, network.protocol.version:1.1","http.request.method":"GET","server.address":"127.0.0.1","server.port":45815,"url.scheme":"http","url.path":"/healthz","network.protocol.version":"1.1"},{"Message":"ConnectionId:0HNOB3B8KUL32","ConnectionId":"0HNOB3B8KUL32"},{"Message":"RequestPath:/healthz RequestId:0HNOB3B8KUL32:00000001","RequestId":"0HNOB3B8KUL32:00000001","RequestPath":"/healthz"}]}
{"Timestamp":"2026-09-05T06:56:57.693Z","EventId":1,"LogLevel":"Information","Category":"Microsoft.AspNetCore.Hosting.Diagnostics","Message":"Request starting HTTP/1.1 POST http://127.0.0.1:45815/v1/db - application/json;\u002Bcharset=utf-8 24","State":{"Protocol":"HTTP/1.1","Method":"POST","ContentType":"application/json; charset=utf-8","ContentLength":24,"Scheme":"http","Host":"127.0.0.1:45815","PathBase":"","Path":"/v1/db","QueryString":"","{OriginalFormat}":"Request starting {Protocol} {Method} {Scheme}://{Host}{PathBase}{Path}{QueryString} - {ContentType} {ContentLength}"},"Scopes":[{"Message":"SpanId:c6b3eec779541300, TraceId:89bf1a74e2a5a5c2d23b3f9ee4e1ae16, ParentId:f3e23e75f6a3e9a8","SpanId":"c6b3eec779541300","TraceId":"89bf1a74e2a5a5c2d23b3f9ee4e1ae16","ParentId":"f3e23e75f6a3e9a8"},{"Message":"http.request.method:POST, server.address:127.0.0.1, server.port:45815, url.scheme:http, url.path:/v1/db, network.protocol.version:1.1","http.request.method":"POST","server.address":"127.0.0.1","server.port":45815,"url.scheme":"http","url.path":"/v1/db","network.protocol.version":"1.1"},{"Message":"ConnectionId:0HNOB3B8KUL33","ConnectionId":"0HNOB3B8KUL33"},{"Message":"RequestPath:/v1/db RequestId:0HNOB3B8KUL33:00000001","RequestId":"0HNOB3B8KUL33:00000001","RequestPath":"/v1/db"}]}
{"Timestamp":"2026-09-05T06:56:57.694Z","EventId":0,"LogLevel":"Information","Category":"Microsoft.AspNetCore.Routing.EndpointMiddleware","Message":"Executing endpoint \u0027HTTP: POST /v1/db\u0027","State":{"EndpointName":"HTTP: POST /v1/db","{OriginalFormat}":"Executing endpoint \u0027{EndpointName}\u0027"},"Scopes":[{"Message":"SpanId:c6b3eec779541300, TraceId:89bf1a74e2a5a5c2d23b3f9ee4e1ae16, ParentId:f3e23e75f6a3e9a8","SpanId":"c6b3eec779541300","TraceId":"89bf1a74e2a5a5c2d23b3f9ee4e1ae16","ParentId":"f3e23e75f6a3e9a8"},{"Message":"http.request.method:POST, server.address:127.0.0.1, server.port:45815, url.scheme:http, url.path:/v1/db, network.protocol.version:1.1","http.request.method":"POST","server.address":"127.0.0.1","server.port":45815,"url.scheme":"http","url.path":"/v1/db","network.protocol.version":"1.1"},{"Message":"ConnectionId:0HNOB3B8KUL33","ConnectionId":"0HNOB3B8KUL33"},{"Message":"RequestPath:/v1/db RequestId:0HNOB3B8KUL33:00000001","RequestId":"0HNOB3B8KUL33:00000001","RequestPath":"/v1/db"}]}
{"Timestamp":"2026-09-05T06:56:57.697Z","EventId":1,"LogLevel":"Information","Category":"Microsoft.AspNetCore.Http.Result.JsonResult","Message":"Setting HTTP status code 201.","State":{"StatusCode":201,"{OriginalFormat}":"Setting HTTP status code {StatusCode}."},"Scopes":[{"Message":"SpanId:c6b3eec779541300, TraceId:89bf1a74e2a5a5c2d23b3f9ee4e1ae16, ParentId:f3e23e75f6a3e9a8","SpanId":"c6b3eec779541300","TraceId":"89bf1a74e2a5a5c2d23b3f9ee4e1ae16","ParentId":"f3e23e75f6a3e9a8"},{"Message":"http.request.method:POST, server.address:127.0.0.1, server.port:45815, url.scheme:http, url.path:/v1/db, network.protocol.version:1.1","http.request.method":"POST","server.address":"127.0.0.1","server.port":45815,"url.scheme":"http","url.path":"/v1/db","network.protocol.version":"1.1"},{"Message":"ConnectionId:0HNOB3B8KUL33","ConnectionId":"0HNOB3B8KUL33"},{"Message":"RequestPath:/v1/db RequestId:0HNOB3B8KUL33:00000001","RequestId":"0HNOB3B8KUL33:00000001","RequestPath":"/v1/db"}]}
{"Timestamp":"2026-09-05T06:56:57.697Z","EventId":3,"LogLevel":"Information","Category":"Microsoft.AspNetCore.Http.Result.JsonResult","Message":"Writing value of type \u0027DatabaseOperationResponse\u0027 as Json.","State":{"Type":"DatabaseOperationResponse","{OriginalFormat}":"Writing value of type \u0027{Type}\u0027 as Json."},"Scopes":[{"Message":"SpanId:c6b3eec779541300, TraceId:89bf1a74e2a5a5c2d23b3f9ee4e1ae16, ParentId:f3e23e75f6a3e9a8","SpanId":"c6b3eec779541300","TraceId":"89bf1a74e2a5a5c2d23b3f9ee4e1ae16","ParentId":"f3e23e75f6a3e9a8"},{"Message":"http.request.method:POST, server.address:127.0.0.1, server.port:45815, url.scheme:http, url.path:/v1/db, network.protocol.version:1.1","http.request.method":"POST","server.address":"127.0.0.1","server.port":45815,"url.scheme":"http","url.path":"/v1/db","network.protocol.version":"1.1"},{"Message":"ConnectionId:0HNOB3B8KUL33","ConnectionId":"0HNOB3B8KUL33"},{"Message":"RequestPath:/v1/db RequestId:0HNOB3B8KUL33:00000001","RequestId":"0HNOB3B8KUL33:00000001","RequestPath":"/v1/db"}]}
{"Timestamp":"2026-09-05T06:56:57.697Z","EventId":1,"LogLevel":"Information","Category":"Microsoft.AspNetCore.Routing.EndpointMiddleware","Message":"Executed endpoint \u0027HTTP: POST /v1/db\u0027","State":{"EndpointName":"HTTP: POST /v1/db","{OriginalFormat}":"Executed endpoint \u0027{EndpointName}\u0027"},"Scopes":[{"Message":"SpanId:c6b3eec779541300, TraceId:89bf1a74e2a5a5c2d23b3f9ee4e1ae16, ParentId:f3e23e75f6a3e9a8","SpanId":"c6b3eec779541300","TraceId":"89bf1a74e2a5a5c2d23b3f9ee4e1ae16","ParentId":"f3e23e75f6a3e9a8"},{"Message":"http.request.method:POST, server.address:127.0.0.1, server.port:45815, url.scheme:http, url.path:/v1/db, network.protocol.version:1.1","http.request.method":"POST","server.address":"127.0.0.1","server.port":45815,"url.scheme":"http","url.path":"/v1/db","network.protocol.version":"1.1"},{"Message":"ConnectionId:0HNOB3B8KUL33","ConnectionId":"0HNOB3B8KUL33"},{"Message":"RequestPath:/v1/db RequestId:0HNOB3B8KUL33:00000001","RequestId":"0HNOB3B8KUL33:00000001","RequestPath":"/v1/db"}]}
{"Timestamp":"2026-09-05T06:56:57.697Z","EventId":2,"LogLevel":"Information","Category":"Microsoft.AspNetCore.Hosting.Diagnostics","Message":"Request finished HTTP/1.1 POST http://127.0.0.1:45815/v1/db - 201 - application/json;\u002Bcharset=utf-8 4.0177ms","State":{"ElapsedMilliseconds":4.0177,"StatusCode":201,"ContentType":"application/json; charset=utf-8","ContentLength":null,"Protocol":"HTTP/1.1","Method":"POST","Scheme":"http","Host":"127.0.0.1:45815","PathBase":"","Path":"/v1/db","QueryString":"","{OriginalFormat}":"Request finished {Protocol} {Method} {Scheme}://{Host}{PathBase}{Path}{QueryString} - {StatusCode} {ContentLength} {ContentType} {ElapsedMilliseconds}ms"},"Scopes":[{"Message":"SpanId:c6b3eec779541300, TraceId:89bf1a74e2a5a5c2d23b3f9ee4e1ae16, ParentId:f3e23e75f6a3e9a8","SpanId":"c6b3eec779541300","TraceId":"89bf1a74e2a5a5c2d23b3f9ee4e1ae16","ParentId":"f3e23e75f6a3e9a8"},{"Message":"http.request.method:POST, server.address:127.0.0.1, server.port:45815, url.scheme:http, url.path:/v1/db, network.protocol.version:1.1","http.request.method":"POST","server.address":"127.0.0.1","server.port":45815,"url.scheme":"http","url.path":"/v1/db","network.protocol.version":"1.1"},{"Message":"ConnectionId:0HNOB3B8KUL33","ConnectionId":"0HNOB3B8KUL33"},{"Message":"RequestPath:/v1/db RequestId:0HNOB3B8KUL33:00000001","RequestId":"0HNOB3B8KUL33:00000001","RequestPath":"/v1/db"}]}
{"Timestamp":"2026-09-05T06:56:57.701Z","EventId":1,"LogLevel":"Information","Category":"Microsoft.AspNetCore.Hosting.Diagnostics","Message":"Request starting HTTP/1.1 POST http://127.0.0.1:45815/v1/db/protocol_http/sql - application/json;\u002Bcharset=utf-8 71","State":{"Protocol":"HTTP/1.1","Method":"POST","ContentType":"application/json; charset=utf-8","ContentLength":71,"Scheme":"http","Host":"127.0.0.1:45815","PathBase":"","Path":"/v1/db/protocol_http/sql","QueryString":"","{OriginalFormat}":"Request starting {Protocol} {Method} {Scheme}://{Host}{PathBase}{Path}{QueryString} - {ContentType} {ContentLength}"},"Scopes":[{"Message":"SpanId:45a82f31ecfca4d1, TraceId:916f484455bcb990dc1708e3b74b512f, ParentId:a9cd732a0bbab219","SpanId":"45a82f31ecfca4d1","TraceId":"916f484455bcb990dc1708e3b74b512f","ParentId":"a9cd732a0bbab219"},{"Message":"http.request.method:POST, server.address:127.0.0.1, server.port:45815, url.scheme:http, url.path:/v1/db/protocol_http/sql, network.protocol.version:1.1","http.request.method":"POST","server.address":"127.0.0.1","server.port":45815,"url.scheme":"http","url.path":"/v1/db/protocol_http/sql","network.protocol.version":"1.1"},{"Message":"ConnectionId:0HNOB3B8KUL34","ConnectionId":"0HNOB3B8KUL34"},{"Message":"RequestPath:/v1/db/protocol_http/sql RequestId:0HNOB3B8KUL34:00000001","RequestId":"0HNOB3B8KUL34:00000001","RequestPath":"/v1/db/protocol_http/sql"}]}
{"Timestamp":"2026-09-05T06:56:57.704Z","EventId":0,"LogLevel":"Information","Category":"Microsoft.AspNetCore.Routing.EndpointMiddleware","Message":"Executing endpoint \u0027HTTP: POST /v1/db/{db}/sql\u0027","State":{"EndpointName":"HTTP: POST /v1/db/{db}/sql","{OriginalFormat}":"Executing endpoint \u0027{EndpointName}\u0027"},"Scopes":[{"Message":"SpanId:45a82f31ecfca4d1, TraceId:916f484455bcb990dc1708e3b74b512f, ParentId:a9cd732a0bbab219","SpanId":"45a82f31ecfca4d1","TraceId":"916f484455bcb990dc1708e3b74b512f","ParentId":"a9cd732a0bbab219"},{"Message":"http.request.method:POST, server.address:127.0.0.1, server.port:45815, url.scheme:http, url.path:/v1/db/protocol_http/sql, network.protocol.version:1.1","http.request.method":"POST","server.address":"127.0.0.1","server.port":45815,"url.scheme":"http","url.path":"/v1/db/protocol_http/sql","network.protocol.version":"1.1"},{"Message":"ConnectionId:0HNOB3B8KUL34","ConnectionId":"0HNOB3B8KUL34"},{"Message":"RequestPath:/v1/db/protocol_http/sql RequestId:0HNOB3B8KUL34:00000001","RequestId":"0HNOB3B8KUL34:00000001","RequestPath":"/v1/db/protocol_http/sql"}]}
{"Timestamp":"2026-09-05T06:56:57.739Z","EventId":1,"LogLevel":"Information","Category":"Microsoft.AspNetCore.Routing.EndpointMiddleware","Message":"Executed endpoint \u0027HTTP: POST /v1/db/{db}/sql\u0027","State":{"EndpointName":"HTTP: POST /v1/db/{db}/sql","{OriginalFormat}":"Executed endpoint \u0027{EndpointName}\u0027"},"Scopes":[{"Message":"SpanId:45a82f31ecfca4d1, TraceId:916f484455bcb990dc1708e3b74b512f, ParentId:a9cd732a0bbab219","SpanId":"45a82f31ecfca4d1","TraceId":"916f484455bcb990dc1708e3b74b512f","ParentId":"a9cd732a0bbab219"},{"Message":"http.request.method:POST, server.address:127.0.0.1, server.port:45815, url.scheme:http, url.path:/v1/db/protocol_http/sql, network.protocol.version:1.1","http.request.method":"POST","server.address":"127.0.0.1","server.port":45815,"url.scheme":"http","url.path":"/v1/db/protocol_http/sql","network.protocol.version":"1.1"},{"Message":"ConnectionId:0HNOB3B8KUL34","ConnectionId":"0HNOB3B8KUL34"},{"Message":"RequestPath:/v1/db/protocol_http/sql RequestId:0HNOB3B8KUL34:00000001","RequestId":"0HNOB3B8KUL34:00000001","RequestPath":"/v1/db/protocol_http/sql"}]}
{"Timestamp":"2026-09-05T06:56:57.739Z","EventId":2,"LogLevel":"Information","Category":"Microsoft.AspNetCore.Hosting.Diagnostics","Message":"Request finished HTTP/1.1 POST http://127.0.0.1:45815/v1/db/protocol_http/sql - 200 - application/x-ndjson;\u002Bcharset=utf-8 38.2691ms","State":{"ElapsedMilliseconds":38.2691,"StatusCode":200,"ContentType":"application/x-ndjson; charset=utf-8","ContentLength":null,"Protocol":"HTTP/1.1","Method":"POST","Scheme":"http","Host":"127.0.0.1:45815","PathBase":"","Path":"/v1/db/protocol_http/sql","QueryString":"","{OriginalFormat}":"Request finished {Protocol} {Method} {Scheme}://{Host}{PathBase}{Path}{QueryString} - {StatusCode} {ContentLength} {ContentType} {ElapsedMilliseconds}ms"},"Scopes":[{"Message":"SpanId:45a82f31ecfca4d1, TraceId:916f484455bcb990dc1708e3b74b512f, ParentId:a9cd732a0bbab219","SpanId":"45a82f31ecfca4d1","TraceId":"916f484455bcb990dc1708e3b74b512f","ParentId":"a9cd732a0bbab219"},{"Message":"http.request.method:POST, server.address:127.0.0.1, server.port:45815, url.scheme:http, url.path:/v1/db/protocol_http/sql, network.protocol.version:1.1","http.request.method":"POST","server.address":"127.0.0.1","server.port":45815,"url.scheme":"http","url.path":"/v1/db/protocol_http/sql","network.protocol.version":"1.1"},{"Message":"ConnectionId:0HNOB3B8KUL34","ConnectionId":"0HNOB3B8KUL34"},{"Message":"RequestPath:/v1/db/protocol_http/sql RequestId:0HNOB3B8KUL34:00000001","RequestId":"0HNOB3B8KUL34:00000001","RequestPath":"/v1/db/protocol_http/sql"}]}
{"Timestamp":"2026-09-05T06:56:57.742Z","EventId":1,"LogLevel":"Information","Category":"Microsoft.AspNetCore.Hosting.Diagnostics","Message":"Request starting HTTP/1.1 POST http://127.0.0.1:45815/v1/db - application/json;\u002Bcharset=utf-8 23","State":{"Protocol":"HTTP/1.1","Method":"POST","ContentType":"application/json; charset=utf-8","ContentLength":23,"Scheme":"http","Host":"127.0.0.1:45815","PathBase":"","Path":"/v1/db","QueryString":"","{OriginalFormat}":"Request starting {Protocol} {Method} {Scheme}://{Host}{PathBase}{Path}{QueryString} - {ContentType} {ContentLength}"},"Scopes":[{"Message":"SpanId:3db6d8284e52074f, TraceId:b607d28a17bf377a1ac5a00a0c8bf96e, ParentId:e278a9a9b6851a1f","SpanId":"3db6d8284e52074f","TraceId":"b607d28a17bf377a1ac5a00a0c8bf96e","ParentId":"e278a9a9b6851a1f"},{"Message":"http.request.method:POST, server.address:127.0.0.1, server.port:45815, url.scheme:http, url.path:/v1/db, network.protocol.version:1.1","http.request.method":"POST","server.address":"127.0.0.1","server.port":45815,"url.scheme":"http","url.path":"/v1/db","network.protocol.version":"1.1"},{"Message":"ConnectionId:0HNOB3B8KUL35","ConnectionId":"0HNOB3B8KUL35"},{"Message":"RequestPath:/v1/db RequestId:0HNOB3B8KUL35:00000001","RequestId":"0HNOB3B8KUL35:00000001","RequestPath":"/v1/db"}]}
{"Timestamp":"2026-09-05T06:56:57.742Z","EventId":0,"LogLevel":"Information","Category":"Microsoft.AspNetCore.Routing.EndpointMiddleware","Message":"Executing endpoint \u0027HTTP: POST /v1/db\u0027","State":{"EndpointName":"HTTP: POST /v1/db","{OriginalFormat}":"Executing endpoint \u0027{EndpointName}\u0027"},"Scopes":[{"Message":"SpanId:3db6d8284e52074f, TraceId:b607d28a17bf377a1ac5a00a0c8bf96e, ParentId:e278a9a9b6851a1f","SpanId":"3db6d8284e52074f","TraceId":"b607d28a17bf377a1ac5a00a0c8bf96e","ParentId":"e278a9a9b6851a1f"},{"Message":"http.request.method:POST, server.address:127.0.0.1, server.port:45815, url.scheme:http, url.path:/v1/db, network.protocol.version:1.1","http.request.method":"POST","server.address":"127.0.0.1","server.port":45815,"url.scheme":"http","url.path":"/v1/db","network.protocol.version":"1.1"},{"Message":"ConnectionId:0HNOB3B8KUL35","ConnectionId":"0HNOB3B8KUL35"},{"Message":"RequestPath:/v1/db RequestId:0HNOB3B8KUL35:00000001","RequestId":"0HNOB3B8KUL35:00000001","RequestPath":"/v1/db"}]}
{"Timestamp":"2026-09-05T06:56:57.744Z","EventId":1,"LogLevel":"Information","Category":"Microsoft.AspNetCore.Http.Result.JsonResult","Message":"Setting HTTP status code 201.","State":{"StatusCode":201,"{OriginalFormat}":"Setting HTTP status code {StatusCode}."},"Scopes":[{"Message":"SpanId:3db6d8284e52074f, TraceId:b607d28a17bf377a1ac5a00a0c8bf96e, ParentId:e278a9a9b6851a1f","SpanId":"3db6d8284e52074f","TraceId":"b607d28a17bf377a1ac5a00a0c8bf96e","ParentId":"e278a9a9b6851a1f"},{"Message":"http.request.method:POST, server.address:127.0.0.1, server.port:45815, url.scheme:http, url.path:/v1/db, network.protocol.version:1.1","http.request.method":"POST","server.address":"127.0.0.1","server.port":45815,"url.scheme":"http","url.path":"/v1/db","network.protocol.version":"1.1"},{"Message":"ConnectionId:0HNOB3B8KUL35","ConnectionId":"0HNOB3B8KUL35"},{"Message":"RequestPath:/v1/db RequestId:0HNOB3B8KUL35:00000001","RequestId":"0HNOB3B8KUL35:00000001","RequestPath":"/v1/db"}]}
{"Timestamp":"2026-09-05T06:56:57.744Z","EventId":3,"LogLevel":"Information","Category":"Microsoft.AspNetCore.Http.Result.JsonResult","Message":"Writing value of type \u0027DatabaseOperationResponse\u0027 as Json.","State":{"Type":"DatabaseOperationResponse","{OriginalFormat}":"Writing value of type \u0027{Type}\u0027 as Json."},"Scopes":[{"Message":"SpanId:3db6d8284e52074f, TraceId:b607d28a17bf377a1ac5a00a0c8bf96e, ParentId:e278a9a9b6851a1f","SpanId":"3db6d8284e52074f","TraceId":"b607d28a17bf377a1ac5a00a0c8bf96e","ParentId":"e278a9a9b6851a1f"},{"Message":"http.request.method:POST, server.address:127.0.0.1, server.port:45815, url.scheme:http, url.path:/v1/db, network.protocol.version:1.1","http.request.method":"POST","server.address":"127.0.0.1","server.port":45815,"url.scheme":"http","url.path":"/v1/db","network.protocol.version":"1.1"},{"Message":"ConnectionId:0HNOB3B8KUL35","ConnectionId":"0HNOB3B8KUL35"},{"Message":"RequestPath:/v1/db RequestId:0HNOB3B8KUL35:00000001","RequestId":"0HNOB3B8KUL35:00000001","RequestPath":"/v1/db"}]}
{"Timestamp":"2026-09-05T06:56:57.744Z","EventId":1,"LogLevel":"Information","Category":"Microsoft.AspNetCore.Routing.EndpointMiddleware","Message":"Executed endpoint \u0027HTTP: POST /v1/db\u0027","State":{"EndpointName":"HTTP: POST /v1/db","{OriginalFormat}":"Executed endpoint \u0027{EndpointName}\u0027"},"Scopes":[{"Message":"SpanId:3db6d8284e52074f, TraceId:b607d28a17bf377a1ac5a00a0c8bf96e, ParentId:e278a9a9b6851a1f","SpanId":"3db6d8284e52074f","TraceId":"b607d28a17bf377a1ac5a00a0c8bf96e","ParentId":"e278a9a9b6851a1f"},{"Message":"http.request.method:POST, server.address:127.0.0.1, server.port:45815, url.scheme:http, url.path:/v1/db, network.protocol.version:1.1","http.request.method":"POST","server.address":"127.0.0.1","server.port":45815,"url.scheme":"http","url.path":"/v1/db","network.protocol.version":"1.1"},{"Message":"ConnectionId:0HNOB3B8KUL35","ConnectionId":"0HNOB3B8KUL35"},{"Message":"RequestPath:/v1/db RequestId:0HNOB3B8KUL35:00000001","RequestId":"0HNOB3B8KUL35:00000001","RequestPath":"/v1/db"}]}
{"Timestamp":"2026-09-05T06:56:57.744Z","EventId":2,"LogLevel":"Information","Category":"Microsoft.AspNetCore.Hosting.Diagnostics","Message":"Request finished HTTP/1.1 POST http://127.0.0.1:45815/v1/db - 201 - application/json;\u002Bcharset=utf-8 2.4653ms","State":{"ElapsedMilliseconds":2.4653,"StatusCode":201,"ContentType":"application/json; charset=utf-8","ContentLength":null,"Protocol":"HTTP/1.1","Method":"POST","Scheme":"http","Host":"127.0.0.1:45815","PathBase":"","Path":"/v1/db","QueryString":"","{OriginalFormat}":"Request finished {Protocol} {Method} {Scheme}://{Host}{PathBase}{Path}{QueryString} - {StatusCode} {ContentLength} {ContentType} {ElapsedMilliseconds}ms"},"Scopes":[{"Message":"SpanId:3db6d8284e52074f, TraceId:b607d28a17bf377a1ac5a00a0c8bf96e, ParentId:e278a9a9b6851a1f","SpanId":"3db6d8284e52074f","TraceId":"b607d28a17bf377a1ac5a00a0c8bf96e","ParentId":"e278a9a9b6851a1f"},{"Message":"http.request.method:POST, server.address:127.0.0.1, server.port:45815, url.scheme:http, url.path:/v1/db, network.protocol.version:1.1","http.request.method":"POST","server.address":"127.0.0.1","server.port":45815,"url.scheme":"http","url.path":"/v1/db","network.protocol.version":"1.1"},{"Message":"ConnectionId:0HNOB3B8KUL35","ConnectionId":"0HNOB3B8KUL35"},{"Message":"RequestPath:/v1/db RequestId:0HNOB3B8KUL35:00000001","RequestId":"0HNOB3B8KUL35:00000001","RequestPath":"/v1/db"}]}
{"Timestamp":"2026-09-05T06:56:57.745Z","EventId":1,"LogLevel":"Information","Category":"Microsoft.AspNetCore.Hosting.Diagnostics","Message":"Request starting HTTP/1.1 POST http://127.0.0.1:45815/v1/db/protocol_udp/sql - application/json;\u002Bcharset=utf-8 71","State":{"Protocol":"HTTP/1.1","Method":"POST","ContentType":"application/json; charset=utf-8","ContentLength":71,"Scheme":"http","Host":"127.0.0.1:45815","PathBase":"","Path":"/v1/db/protocol_udp/sql","QueryString":"","{OriginalFormat}":"Request starting {Protocol} {Method} {Scheme}://{Host}{PathBase}{Path}{QueryString} - {ContentType} {ContentLength}"},"Scopes":[{"Message":"SpanId:5b0abd32b2a52b2d, TraceId:24fecac304939ff238446bad2e9a92d6, ParentId:f22086feda342a44","SpanId":"5b0abd32b2a52b2d","TraceId":"24fecac304939ff238446bad2e9a92d6","ParentId":"f22086feda342a44"},{"Message":"http.request.method:POST, server.address:127.0.0.1, server.port:45815, url.scheme:http, url.path:/v1/db/protocol_udp/sql, network.protocol.version:1.1","http.request.method":"POST","server.address":"127.0.0.1","server.port":45815,"url.scheme":"http","url.path":"/v1/db/protocol_udp/sql","network.protocol.version":"1.1"},{"Message":"ConnectionId:0HNOB3B8KUL36","ConnectionId":"0HNOB3B8KUL36"},{"Message":"RequestPath:/v1/db/protocol_udp/sql RequestId:0HNOB3B8KUL36:00000001","RequestId":"0HNOB3B8KUL36:00000001","RequestPath":"/v1/db/protocol_udp/sql"}]}
{"Timestamp":"2026-09-05T06:56:57.746Z","EventId":0,"LogLevel":"Information","Category":"Microsoft.AspNetCore.Routing.EndpointMiddleware","Message":"Executing endpoint \u0027HTTP: POST /v1/db/{db}/sql\u0027","State":{"EndpointName":"HTTP: POST /v1/db/{db}/sql","{OriginalFormat}":"Executing endpoint \u0027{EndpointName}\u0027"},"Scopes":[{"Message":"SpanId:5b0abd32b2a52b2d, TraceId:24fecac304939ff238446bad2e9a92d6, ParentId:f22086feda342a44","SpanId":"5b0abd32b2a52b2d","TraceId":"24fecac304939ff238446bad2e9a92d6","ParentId":"f22086feda342a44"},{"Message":"http.request.method:POST, server.address:127.0.0.1, server.port:45815, url.scheme:http, url.path:/v1/db/protocol_udp/sql, network.protocol.version:1.1","http.request.method":"POST","server.address":"127.0.0.1","server.port":45815,"url.scheme":"http","url.path":"/v1/db/protocol_udp/sql","network.protocol.version":"1.1"},{"Message":"ConnectionId:0HNOB3B8KUL36","ConnectionId":"0HNOB3B8KUL36"},{"Message":"RequestPath:/v1/db/protocol_udp/sql RequestId:0HNOB3B8KUL36:00000001","RequestId":"0HNOB3B8KUL36:00000001","RequestPath":"/v1/db/protocol_udp/sql"}]}
{"Timestamp":"2026-09-05T06:56:57.747Z","EventId":1,"LogLevel":"Information","Category":"Microsoft.AspNetCore.Routing.EndpointMiddleware","Message":"Executed endpoint \u0027HTTP: POST /v1/db/{db}/sql\u0027","State":{"EndpointName":"HTTP: POST /v1/db/{db}/sql","{OriginalFormat}":"Executed endpoint \u0027{EndpointName}\u0027"},"Scopes":[{"Message":"SpanId:5b0abd32b2a52b2d, TraceId:24fecac304939ff238446bad2e9a92d6, ParentId:f22086feda342a44","SpanId":"5b0abd32b2a52b2d","TraceId":"24fecac304939ff238446bad2e9a92d6","ParentId":"f22086feda342a44"},{"Message":"http.request.method:POST, server.address:127.0.0.1, server.port:45815, url.scheme:http, url.path:/v1/db/protocol_udp/sql, network.protocol.version:1.1","http.request.method":"POST","server.address":"127.0.0.1","server.port":45815,"url.scheme":"http","url.path":"/v1/db/protocol_udp/sql","network.protocol.version":"1.1"},{"Message":"ConnectionId:0HNOB3B8KUL36","ConnectionId":"0HNOB3B8KUL36"},{"Message":"RequestPath:/v1/db/protocol_udp/sql RequestId:0HNOB3B8KUL36:00000001","RequestId":"0HNOB3B8KUL36:00000001","RequestPath":"/v1/db/protocol_udp/sql"}]}
{"Timestamp":"2026-09-05T06:56:57.747Z","EventId":2,"LogLevel":"Information","Category":"Microsoft.AspNetCore.Hosting.Diagnostics","Message":"Request finished HTTP/1.1 POST http://127.0.0.1:45815/v1/db/protocol_udp/sql - 200 - application/x-ndjson;\u002Bcharset=utf-8 2.4582ms","State":{"ElapsedMilliseconds":2.4582,"StatusCode":200,"ContentType":"application/x-ndjson; charset=utf-8","ContentLength":null,"Protocol":"HTTP/1.1","Method":"POST","Scheme":"http","Host":"127.0.0.1:45815","PathBase":"","Path":"/v1/db/protocol_udp/sql","QueryString":"","{OriginalFormat}":"Request finished {Protocol} {Method} {Scheme}://{Host}{PathBase}{Path}{QueryString} - {StatusCode} {ContentLength} {ContentType} {ElapsedMilliseconds}ms"},"Scopes":[{"Message":"SpanId:5b0abd32b2a52b2d, TraceId:24fecac304939ff238446bad2e9a92d6, ParentId:f22086feda342a44","SpanId":"5b0abd32b2a52b2d","TraceId":"24fecac304939ff238446bad2e9a92d6","ParentId":"f22086feda342a44"},{"Message":"http.request.method:POST, server.address:127.0.0.1, server.port:45815, url.scheme:http, url.path:/v1/db/protocol_udp/sql, network.protocol.version:1.1","http.request.method":"POST","server.address":"127.0.0.1","server.port":45815,"url.scheme":"http","url.path":"/v1/db/protocol_udp/sql","network.protocol.version":"1.1"},{"Message":"ConnectionId:0HNOB3B8KUL36","ConnectionId":"0HNOB3B8KUL36"},{"Message":"RequestPath:/v1/db/protocol_udp/sql RequestId:0HNOB3B8KUL36:00000001","RequestId":"0HNOB3B8KUL36:00000001","RequestPath":"/v1/db/protocol_udp/sql"}]}
{"Timestamp":"2026-09-05T06:56:57.748Z","EventId":1,"LogLevel":"Information","Category":"Microsoft.AspNetCore.Hosting.Diagnostics","Message":"Request starting HTTP/1.1 POST http://127.0.0.1:45815/v1/db - application/json;\u002Bcharset=utf-8 24","State":{"Protocol":"HTTP/1.1","Method":"POST","ContentType":"application/json; charset=utf-8","ContentLength":24,"Scheme":"http","Host":"127.0.0.1:45815","PathBase":"","Path":"/v1/db","QueryString":"","{OriginalFormat}":"Request starting {Protocol} {Method} {Scheme}://{Host}{PathBase}{Path}{QueryString} - {ContentType} {ContentLength}"},"Scopes":[{"Message":"SpanId:a32ddb3e4089a537, TraceId:18c68dc097363646ca09c43e716b98b7, ParentId:924118e04713de4c","SpanId":"a32ddb3e4089a537","TraceId":"18c68dc097363646ca09c43e716b98b7","ParentId":"924118e04713de4c"},{"Message":"http.request.method:POST, server.address:127.0.0.1, server.port:45815, url.scheme:http, url.path:/v1/db, network.protocol.version:1.1","http.request.method":"POST","server.address":"127.0.0.1","server.port":45815,"url.scheme":"http","url.path":"/v1/db","network.protocol.version":"1.1"},{"Message":"ConnectionId:0HNOB3B8KUL37","ConnectionId":"0HNOB3B8KUL37"},{"Message":"RequestPath:/v1/db RequestId:0HNOB3B8KUL37:00000001","RequestId":"0HNOB3B8KUL37:00000001","RequestPath":"/v1/db"}]}
{"Timestamp":"2026-09-05T06:56:57.748Z","EventId":0,"LogLevel":"Information","Category":"Microsoft.AspNetCore.Routing.EndpointMiddleware","Message":"Executing endpoint \u0027HTTP: POST /v1/db\u0027","State":{"EndpointName":"HTTP: POST /v1/db","{OriginalFormat}":"Executing endpoint \u0027{EndpointName}\u0027"},"Scopes":[{"Message":"SpanId:a32ddb3e4089a537, TraceId:18c68dc097363646ca09c43e716b98b7, ParentId:924118e04713de4c","SpanId":"a32ddb3e4089a537","TraceId":"18c68dc097363646ca09c43e716b98b7","ParentId":"924118e04713de4c"},{"Message":"http.request.method:POST, server.address:127.0.0.1, server.port:45815, url.scheme:http, url.path:/v1/db, network.protocol.version:1.1","http.request.method":"POST","server.address":"127.0.0.1","server.port":45815,"url.scheme":"http","url.path":"/v1/db","network.protocol.version":"1.1"},{"Message":"ConnectionId:0HNOB3B8KUL37","ConnectionId":"0HNOB3B8KUL37"},{"Message":"RequestPath:/v1/db RequestId:0HNOB3B8KUL37:00000001","RequestId":"0HNOB3B8KUL37:00000001","RequestPath":"/v1/db"}]}
{"Timestamp":"2026-09-05T06:56:57.750Z","EventId":1,"LogLevel":"Information","Category":"Microsoft.AspNetCore.Http.Result.JsonResult","Message":"Setting HTTP status code 201.","State":{"StatusCode":201,"{OriginalFormat}":"Setting HTTP status code {StatusCode}."},"Scopes":[{"Message":"SpanId:a32ddb3e4089a537, TraceId:18c68dc097363646ca09c43e716b98b7, ParentId:924118e04713de4c","SpanId":"a32ddb3e4089a537","TraceId":"18c68dc097363646ca09c43e716b98b7","ParentId":"924118e04713de4c"},{"Message":"http.request.method:POST, server.address:127.0.0.1, server.port:45815, url.scheme:http, url.path:/v1/db, network.protocol.version:1.1","http.request.method":"POST","server.address":"127.0.0.1","server.port":45815,"url.scheme":"http","url.path":"/v1/db","network.protocol.version":"1.1"},{"Message":"ConnectionId:0HNOB3B8KUL37","ConnectionId":"0HNOB3B8KUL37"},{"Message":"RequestPath:/v1/db RequestId:0HNOB3B8KUL37:00000001","RequestId":"0HNOB3B8KUL37:00000001","RequestPath":"/v1/db"}]}
{"Timestamp":"2026-09-05T06:56:57.750Z","EventId":3,"LogLevel":"Information","Category":"Microsoft.AspNetCore.Http.Result.JsonResult","Message":"Writing value of type \u0027DatabaseOperationResponse\u0027 as Json.","State":{"Type":"DatabaseOperationResponse","{OriginalFormat}":"Writing value of type \u0027{Type}\u0027 as Json."},"Scopes":[{"Message":"SpanId:a32ddb3e4089a537, TraceId:18c68dc097363646ca09c43e716b98b7, ParentId:924118e04713de4c","SpanId":"a32ddb3e4089a537","TraceId":"18c68dc097363646ca09c43e716b98b7","ParentId":"924118e04713de4c"},{"Message":"http.request.method:POST, server.address:127.0.0.1, server.port:45815, url.scheme:http, url.path:/v1/db, network.protocol.version:1.1","http.request.method":"POST","server.address":"127.0.0.1","server.port":45815,"url.scheme":"http","url.path":"/v1/db","network.protocol.version":"1.1"},{"Message":"ConnectionId:0HNOB3B8KUL37","ConnectionId":"0HNOB3B8KUL37"},{"Message":"RequestPath:/v1/db RequestId:0HNOB3B8KUL37:00000001","RequestId":"0HNOB3B8KUL37:00000001","RequestPath":"/v1/db"}]}
{"Timestamp":"2026-09-05T06:56:57.750Z","EventId":1,"LogLevel":"Information","Category":"Microsoft.AspNetCore.Routing.EndpointMiddleware","Message":"Executed endpoint \u0027HTTP: POST /v1/db\u0027","State":{"EndpointName":"HTTP: POST /v1/db","{OriginalFormat}":"Executed endpoint \u0027{EndpointName}\u0027"},"Scopes":[{"Message":"SpanId:a32ddb3e4089a537, TraceId:18c68dc097363646ca09c43e716b98b7, ParentId:924118e04713de4c","SpanId":"a32ddb3e4089a537","TraceId":"18c68dc097363646ca09c43e716b98b7","ParentId":"924118e04713de4c"},{"Message":"http.request.method:POST, server.address:127.0.0.1, server.port:45815, url.scheme:http, url.path:/v1/db, network.protocol.version:1.1","http.request.method":"POST","server.address":"127.0.0.1","server.port":45815,"url.scheme":"http","url.path":"/v1/db","network.protocol.version":"1.1"},{"Message":"ConnectionId:0HNOB3B8KUL37","ConnectionId":"0HNOB3B8KUL37"},{"Message":"RequestPath:/v1/db RequestId:0HNOB3B8KUL37:00000001","RequestId":"0HNOB3B8KUL37:00000001","RequestPath":"/v1/db"}]}
{"Timestamp":"2026-09-05T06:56:57.750Z","EventId":2,"LogLevel":"Information","Category":"Microsoft.AspNetCore.Hosting.Diagnostics","Message":"Request finished HTTP/1.1 POST http://127.0.0.1:45815/v1/db - 201 - application/json;\u002Bcharset=utf-8 2.2623ms","State":{"ElapsedMilliseconds":2.2623,"StatusCode":201,"ContentType":"application/json; charset=utf-8","ContentLength":null,"Protocol":"HTTP/1.1","Method":"POST","Scheme":"http","Host":"127.0.0.1:45815","PathBase":"","Path":"/v1/db","QueryString":"","{OriginalFormat}":"Request finished {Protocol} {Method} {Scheme}://{Host}{PathBase}{Path}{QueryString} - {StatusCode} {ContentLength} {ContentType} {ElapsedMilliseconds}ms"},"Scopes":[{"Message":"SpanId:a32ddb3e4089a537, TraceId:18c68dc097363646ca09c43e716b98b7, ParentId:924118e04713de4c","SpanId":"a32ddb3e4089a537","TraceId":"18c68dc097363646ca09c43e716b98b7","ParentId":"924118e04713de4c"},{"Message":"http.request.method:POST, server.address:127.0.0.1, server.port:45815, url.scheme:http, url.path:/v1/db, network.protocol.version:1.1","http.request.method":"POST","server.address":"127.0.0.1","server.port":45815,"url.scheme":"http","url.path":"/v1/db","network.protocol.version":"1.1"},{"Message":"ConnectionId:0HNOB3B8KUL37","ConnectionId":"0HNOB3B8KUL37"},{"Message":"RequestPath:/v1/db RequestId:0HNOB3B8KUL37:00000001","RequestId":"0HNOB3B8KUL37:00000001","RequestPath":"/v1/db"}]}
{"Timestamp":"2026-09-05T06:56:57.751Z","EventId":1,"LogLevel":"Information","Category":"Microsoft.AspNetCore.Hosting.Diagnostics","Message":"Request starting HTTP/1.1 POST http://127.0.0.1:45815/v1/db/protocol_mqtt/sql - application/json;\u002Bcharset=utf-8 71","State":{"Protocol":"HTTP/1.1","Method":"POST","ContentType":"application/json; charset=utf-8","ContentLength":71,"Scheme":"http","Host":"127.0.0.1:45815","PathBase":"","Path":"/v1/db/protocol_mqtt/sql","QueryString":"","{OriginalFormat}":"Request starting {Protocol} {Method} {Scheme}://{Host}{PathBase}{Path}{QueryString} - {ContentType} {ContentLength}"},"Scopes":[{"Message":"SpanId:1608f46caf064153, TraceId:31a67f65138f9484a6c0beead21c0d65, ParentId:3829a522ed5b714b","SpanId":"1608f46caf064153","TraceId":"31a67f65138f9484a6c0beead21c0d65","ParentId":"3829a522ed5b714b"},{"Message":"http.request.method:POST, server.address:127.0.0.1, server.port:45815, url.scheme:http, url.path:/v1/db/protocol_mqtt/sql, network.protocol.version:1.1","http.request.method":"POST","server.address":"127.0.0.1","server.port":45815,"url.scheme":"http","url.path":"/v1/db/protocol_mqtt/sql","network.protocol.version":"1.1"},{"Message":"ConnectionId:0HNOB3B8KUL38","ConnectionId":"0HNOB3B8KUL38"},{"Message":"RequestPath:/v1/db/protocol_mqtt/sql RequestId:0HNOB3B8KUL38:00000001","RequestId":"0HNOB3B8KUL38:00000001","RequestPath":"/v1/db/protocol_mqtt/sql"}]}
{"Timestamp":"2026-09-05T06:56:57.751Z","EventId":0,"LogLevel":"Information","Category":"Microsoft.AspNetCore.Routing.EndpointMiddleware","Message":"Executing endpoint \u0027HTTP: POST /v1/db/{db}/sql\u0027","State":{"EndpointName":"HTTP: POST /v1/db/{db}/sql","{OriginalFormat}":"Executing endpoint \u0027{EndpointName}\u0027"},"Scopes":[{"Message":"SpanId:1608f46caf064153, TraceId:31a67f65138f9484a6c0beead21c0d65, ParentId:3829a522ed5b714b","SpanId":"1608f46caf064153","TraceId":"31a67f65138f9484a6c0beead21c0d65","ParentId":"3829a522ed5b714b"},{"Message":"http.request.method:POST, server.address:127.0.0.1, server.port:45815, url.scheme:http, url.path:/v1/db/protocol_mqtt/sql, network.protocol.version:1.1","http.request.method":"POST","server.address":"127.0.0.1","server.port":45815,"url.scheme":"http","url.path":"/v1/db/protocol_mqtt/sql","network.protocol.version":"1.1"},{"Message":"ConnectionId:0HNOB3B8KUL38","ConnectionId":"0HNOB3B8KUL38"},{"Message":"RequestPath:/v1/db/protocol_mqtt/sql RequestId:0HNOB3B8KUL38:00000001","RequestId":"0HNOB3B8KUL38:00000001","RequestPath":"/v1/db/protocol_mqtt/sql"}]}
{"Timestamp":"2026-09-05T06:56:57.752Z","EventId":1,"LogLevel":"Information","Category":"Microsoft.AspNetCore.Routing.EndpointMiddleware","Message":"Executed endpoint \u0027HTTP: POST /v1/db/{db}/sql\u0027","State":{"EndpointName":"HTTP: POST /v1/db/{db}/sql","{OriginalFormat}":"Executed endpoint \u0027{EndpointName}\u0027"},"Scopes":[{"Message":"SpanId:1608f46caf064153, TraceId:31a67f65138f9484a6c0beead21c0d65, ParentId:3829a522ed5b714b","SpanId":"1608f46caf064153","TraceId":"31a67f65138f9484a6c0beead21c0d65","ParentId":"3829a522ed5b714b"},{"Message":"http.request.method:POST, server.address:127.0.0.1, server.port:45815, url.scheme:http, url.path:/v1/db/protocol_mqtt/sql, network.protocol.version:1.1","http.request.method":"POST","server.address":"127.0.0.1","server.port":45815,"url.scheme":"http","url.path":"/v1/db/protocol_mqtt/sql","network.protocol.version":"1.1"},{"Message":"ConnectionId:0HNOB3B8KUL38","ConnectionId":"0HNOB3B8KUL38"},{"Message":"RequestPath:/v1/db/protocol_mqtt/sql RequestId:0HNOB3B8KUL38:00000001","RequestId":"0HNOB3B8KUL38:00000001","RequestPath":"/v1/db/protocol_mqtt/sql"}]}
[...]
{"Timestamp":"2026-09-05T06:56:57.906Z","EventId":0,"LogLevel":"Information","Category":"Microsoft.AspNetCore.Routing.EndpointMiddleware","Message":"Executing endpoint \u0027HTTP: POST /v1/db/{db}/sql\u0027","State":{"EndpointName":"HTTP: POST /v1/db/{db}/sql","{OriginalFormat}":"Executing endpoint \u0027{EndpointName}\u0027"},"Scopes":[{"Message":"SpanId:e2a4a392c98a4bf5, TraceId:05daa67956ebd2ff706538887cf3ed20, ParentId:377937cb1c0acae2","SpanId":"e2a4a392c98a4bf5","TraceId":"05daa67956ebd2ff706538887cf3ed20","ParentId":"377937cb1c0acae2"},{"Message":"http.request.method:POST, server.address:127.0.0.1, server.port:45815, url.scheme:http, url.path:/v1/db/protocol_http/sql, network.protocol.version:1.1","http.request.method":"POST","server.address":"127.0.0.1","server.port":45815,"url.scheme":"http","url.path":"/v1/db/protocol_http/sql","network.protocol.version":"1.1"},{"Message":"ConnectionId:0HNOB3B8KUL3D","ConnectionId":"0HNOB3B8KUL3D"},{"Message":"RequestPath:/v1/db/protocol_http/sql RequestId:0HNOB3B8KUL3D:00000001","RequestId":"0HNOB3B8KUL3D:00000001","RequestPath":"/v1/db/protocol_http/sql"}]}
{"Timestamp":"2026-09-05T06:56:57.911Z","EventId":1,"LogLevel":"Information","Category":"Microsoft.AspNetCore.Routing.EndpointMiddleware","Message":"Executed endpoint \u0027HTTP: POST /v1/db/{db}/sql\u0027","State":{"EndpointName":"HTTP: POST /v1/db/{db}/sql","{OriginalFormat}":"Executed endpoint \u0027{EndpointName}\u0027"},"Scopes":[{"Message":"SpanId:e2a4a392c98a4bf5, TraceId:05daa67956ebd2ff706538887cf3ed20, ParentId:377937cb1c0acae2","SpanId":"e2a4a392c98a4bf5","TraceId":"05daa67956ebd2ff706538887cf3ed20","ParentId":"377937cb1c0acae2"},{"Message":"http.request.method:POST, server.address:127.0.0.1, server.port:45815, url.scheme:http, url.path:/v1/db/protocol_http/sql, network.protocol.version:1.1","http.request.method":"POST","server.address":"127.0.0.1","server.port":45815,"url.scheme":"http","url.path":"/v1/db/protocol_http/sql","network.protocol.version":"1.1"},{"Message":"ConnectionId:0HNOB3B8KUL3D","ConnectionId":"0HNOB3B8KUL3D"},{"Message":"RequestPath:/v1/db/protocol_http/sql RequestId:0HNOB3B8KUL3D:00000001","RequestId":"0HNOB3B8KUL3D:00000001","RequestPath":"/v1/db/protocol_http/sql"}]}
{"Timestamp":"2026-09-05T06:56:57.911Z","EventId":2,"LogLevel":"Information","Category":"Microsoft.AspNetCore.Hosting.Diagnostics","Message":"Request finished HTTP/1.1 POST http://127.0.0.1:45815/v1/db/protocol_http/sql - 200 - application/x-ndjson;\u002Bcharset=utf-8 4.9456ms","State":{"ElapsedMilliseconds":4.9456,"StatusCode":200,"ContentType":"application/x-ndjson; charset=utf-8","ContentLength":null,"Protocol":"HTTP/1.1","Method":"POST","Scheme":"http","Host":"127.0.0.1:45815","PathBase":"","Path":"/v1/db/protocol_http/sql","QueryString":"","{OriginalFormat}":"Request finished {Protocol} {Method} {Scheme}://{Host}{PathBase}{Path}{QueryString} - {StatusCode} {ContentLength} {ContentType} {ElapsedMilliseconds}ms"},"Scopes":[{"Message":"SpanId:e2a4a392c98a4bf5, TraceId:05daa67956ebd2ff706538887cf3ed20, ParentId:377937cb1c0acae2","SpanId":"e2a4a392c98a4bf5","TraceId":"05daa67956ebd2ff706538887cf3ed20","ParentId":"377937cb1c0acae2"},{"Message":"http.request.method:POST, server.address:127.0.0.1, server.port:45815, url.scheme:http, url.path:/v1/db/protocol_http/sql, network.protocol.version:1.1","http.request.method":"POST","server.address":"127.0.0.1","server.port":45815,"url.scheme":"http","url.path":"/v1/db/protocol_http/sql","network.protocol.version":"1.1"},{"Message":"ConnectionId:0HNOB3B8KUL3D","ConnectionId":"0HNOB3B8KUL3D"},{"Message":"RequestPath:/v1/db/protocol_http/sql RequestId:0HNOB3B8KUL3D:00000001","RequestId":"0HNOB3B8KUL3D:00000001","RequestPath":"/v1/db/protocol_http/sql"}]}
{"Timestamp":"2026-09-05T06:56:57.914Z","EventId":1,"LogLevel":"Information","Category":"Microsoft.AspNetCore.Hosting.Diagnostics","Message":"Request starting HTTP/1.1 POST http://127.0.0.1:45815/v1/db/protocol_udp/sql - application/json;\u002Bcharset=utf-8 66","State":{"Protocol":"HTTP/1.1","Method":"POST","ContentType":"application/json; charset=utf-8","ContentLength":66,"Scheme":"http","Host":"127.0.0.1:45815","PathBase":"","Path":"/v1/db/protocol_udp/sql","QueryString":"","{OriginalFormat}":"Request starting {Protocol} {Method} {Scheme}://{Host}{PathBase}{Path}{QueryString} - {ContentType} {ContentLength}"},"Scopes":[{"Message":"SpanId:8bebc7f15c45aeaa, TraceId:933b4971a5d8f28054e04d1259e82fc6, ParentId:6fd1b51f8a37bc31","SpanId":"8bebc7f15c45aeaa","TraceId":"933b4971a5d8f28054e04d1259e82fc6","ParentId":"6fd1b51f8a37bc31"},{"Message":"http.request.method:POST, server.address:127.0.0.1, server.port:45815, url.scheme:http, url.path:/v1/db/protocol_udp/sql, network.protocol.version:1.1","http.request.method":"POST","server.address":"127.0.0.1","server.port":45815,"url.scheme":"http","url.path":"/v1/db/protocol_udp/sql","network.protocol.version":"1.1"},{"Message":"ConnectionId:0HNOB3B8KUL3D","ConnectionId":"0HNOB3B8KUL3D"},{"Message":"RequestPath:/v1/db/protocol_udp/sql RequestId:0HNOB3B8KUL3D:00000002","RequestId":"0HNOB3B8KUL3D:00000002","RequestPath":"/v1/db/protocol_udp/sql"}]}
{"Timestamp":"2026-09-05T06:56:57.914Z","EventId":0,"LogLevel":"Information","Category":"Microsoft.AspNetCore.Routing.EndpointMiddleware","Message":"Executing endpoint \u0027HTTP: POST /v1/db/{db}/sql\u0027","State":{"EndpointName":"HTTP: POST /v1/db/{db}/sql","{OriginalFormat}":"Executing endpoint \u0027{EndpointName}\u0027"},"Scopes":[{"Message":"SpanId:8bebc7f15c45aeaa, TraceId:933b4971a5d8f28054e04d1259e82fc6, ParentId:6fd1b51f8a37bc31","SpanId":"8bebc7f15c45aeaa","TraceId":"933b4971a5d8f28054e04d1259e82fc6","ParentId":"6fd1b51f8a37bc31"},{"Message":"http.request.method:POST, server.address:127.0.0.1, server.port:45815, url.scheme:http, url.path:/v1/db/protocol_udp/sql, network.protocol.version:1.1","http.request.method":"POST","server.address":"127.0.0.1","server.port":45815,"url.scheme":"http","url.path":"/v1/db/protocol_udp/sql","network.protocol.version":"1.1"},{"Message":"ConnectionId:0HNOB3B8KUL3D","ConnectionId":"0HNOB3B8KUL3D"},{"Message":"RequestPath:/v1/db/protocol_udp/sql RequestId:0HNOB3B8KUL3D:00000002","RequestId":"0HNOB3B8KUL3D:00000002","RequestPath":"/v1/db/protocol_udp/sql"}]}
{"Timestamp":"2026-09-05T06:56:57.914Z","EventId":1,"LogLevel":"Information","Category":"Microsoft.AspNetCore.Routing.EndpointMiddleware","Message":"Executed endpoint \u0027HTTP: POST /v1/db/{db}/sql\u0027","State":{"EndpointName":"HTTP: POST /v1/db/{db}/sql","{OriginalFormat}":"Executed endpoint \u0027{EndpointName}\u0027"},"Scopes":[{"Message":"SpanId:8bebc7f15c45aeaa, TraceId:933b4971a5d8f28054e04d1259e82fc6, ParentId:6fd1b51f8a37bc31","SpanId":"8bebc7f15c45aeaa","TraceId":"933b4971a5d8f28054e04d1259e82fc6","ParentId":"6fd1b51f8a37bc31"},{"Message":"http.request.method:POST, server.address:127.0.0.1, server.port:45815, url.scheme:http, url.path:/v1/db/protocol_udp/sql, network.protocol.version:1.1","http.request.method":"POST","server.address":"127.0.0.1","server.port":45815,"url.scheme":"http","url.path":"/v1/db/protocol_udp/sql","network.protocol.version":"1.1"},{"Message":"ConnectionId:0HNOB3B8KUL3D","ConnectionId":"0HNOB3B8KUL3D"},{"Message":"RequestPath:/v1/db/protocol_udp/sql RequestId:0HNOB3B8KUL3D:00000002","RequestId":"0HNOB3B8KUL3D:00000002","RequestPath":"/v1/db/protocol_udp/sql"}]}
{"Timestamp":"2026-09-05T06:56:57.915Z","EventId":2,"LogLevel":"Information","Category":"Microsoft.AspNetCore.Hosting.Diagnostics","Message":"Request finished HTTP/1.1 POST http://127.0.0.1:45815/v1/db/protocol_udp/sql - 200 - application/x-ndjson;\u002Bcharset=utf-8 0.5335ms","State":{"ElapsedMilliseconds":0.5335,"StatusCode":200,"ContentType":"application/x-ndjson; charset=utf-8","ContentLength":null,"Protocol":"HTTP/1.1","Method":"POST","Scheme":"http","Host":"127.0.0.1:45815","PathBase":"","Path":"/v1/db/protocol_udp/sql","QueryString":"","{OriginalFormat}":"Request finished {Protocol} {Method} {Scheme}://{Host}{PathBase}{Path}{QueryString} - {StatusCode} {ContentLength} {ContentType} {ElapsedMilliseconds}ms"},"Scopes":[{"Message":"SpanId:8bebc7f15c45aeaa, TraceId:933b4971a5d8f28054e04d1259e82fc6, ParentId:6fd1b51f8a37bc31","SpanId":"8bebc7f15c45aeaa","TraceId":"933b4971a5d8f28054e04d1259e82fc6","ParentId":"6fd1b51f8a37bc31"},{"Message":"http.request.method:POST, server.address:127.0.0.1, server.port:45815, url.scheme:http, url.path:/v1/db/protocol_udp/sql, network.protocol.version:1.1","http.request.method":"POST","server.address":"127.0.0.1","server.port":45815,"url.scheme":"http","url.path":"/v1/db/protocol_udp/sql","network.protocol.version":"1.1"},{"Message":"ConnectionId:0HNOB3B8KUL3D","ConnectionId":"0HNOB3B8KUL3D"},{"Message":"RequestPath:/v1/db/protocol_udp/sql RequestId:0HNOB3B8KUL3D:00000002","RequestId":"0HNOB3B8KUL3D:00000002","RequestPath":"/v1/db/protocol_udp/sql"}]}
{"Timestamp":"2026-09-05T06:56:57.916Z","EventId":1,"LogLevel":"Information","Category":"Microsoft.AspNetCore.Hosting.Diagnostics","Message":"Request starting HTTP/1.1 POST http://127.0.0.1:45815/v1/db/protocol_mqtt/sql - application/json;\u002Bcharset=utf-8 66","State":{"Protocol":"HTTP/1.1","Method":"POST","ContentType":"application/json; charset=utf-8","ContentLength":66,"Scheme":"http","Host":"127.0.0.1:45815","PathBase":"","Path":"/v1/db/protocol_mqtt/sql","QueryString":"","{OriginalFormat}":"Request starting {Protocol} {Method} {Scheme}://{Host}{PathBase}{Path}{QueryString} - {ContentType} {ContentLength}"},"Scopes":[{"Message":"SpanId:8be00e5b775ef80d, TraceId:708893953c3295bcc0bfbc09a2f97cba, ParentId:676b991168ece179","SpanId":"8be00e5b775ef80d","TraceId":"708893953c3295bcc0bfbc09a2f97cba","ParentId":"676b991168ece179"},{"Message":"http.request.method:POST, server.address:127.0.0.1, server.port:45815, url.scheme:http, url.path:/v1/db/protocol_mqtt/sql, network.protocol.version:1.1","http.request.method":"POST","server.address":"127.0.0.1","server.port":45815,"url.scheme":"http","url.path":"/v1/db/protocol_mqtt/sql","network.protocol.version":"1.1"},{"Message":"ConnectionId:0HNOB3B8KUL3D","ConnectionId":"0HNOB3B8KUL3D"},{"Message":"RequestPath:/v1/db/protocol_mqtt/sql RequestId:0HNOB3B8KUL3D:00000003","RequestId":"0HNOB3B8KUL3D:00000003","RequestPath":"/v1/db/protocol_mqtt/sql"}]}
{"Timestamp":"2026-09-05T06:56:57.916Z","EventId":0,"LogLevel":"Information","Category":"Microsoft.AspNetCore.Routing.EndpointMiddleware","Message":"Executing endpoint \u0027HTTP: POST /v1/db/{db}/sql\u0027","State":{"EndpointName":"HTTP: POST /v1/db/{db}/sql","{OriginalFormat}":"Executing endpoint \u0027{EndpointName}\u0027"},"Scopes":[{"Message":"SpanId:8be00e5b775ef80d, TraceId:708893953c3295bcc0bfbc09a2f97cba, ParentId:676b991168ece179","SpanId":"8be00e5b775ef80d","TraceId":"708893953c3295bcc0bfbc09a2f97cba","ParentId":"676b991168ece179"},{"Message":"http.request.method:POST, server.address:127.0.0.1, server.port:45815, url.scheme:http, url.path:/v1/db/protocol_mqtt/sql, network.protocol.version:1.1","http.request.method":"POST","server.address":"127.0.0.1","server.port":45815,"url.scheme":"http","url.path":"/v1/db/protocol_mqtt/sql","network.protocol.version":"1.1"},{"Message":"ConnectionId:0HNOB3B8KUL3D","ConnectionId":"0HNOB3B8KUL3D"},{"Message":"RequestPath:/v1/db/protocol_mqtt/sql RequestId:0HNOB3B8KUL3D:00000003","RequestId":"0HNOB3B8KUL3D:00000003","RequestPath":"/v1/db/protocol_mqtt/sql"}]}
{"Timestamp":"2026-09-05T06:56:57.916Z","EventId":1,"LogLevel":"Information","Category":"Microsoft.AspNetCore.Routing.EndpointMiddleware","Message":"Executed endpoint \u0027HTTP: POST /v1/db/{db}/sql\u0027","State":{"EndpointName":"HTTP: POST /v1/db/{db}/sql","{OriginalFormat}":"Executed endpoint \u0027{EndpointName}\u0027"},"Scopes":[{"Message":"SpanId:8be00e5b775ef80d, TraceId:708893953c3295bcc0bfbc09a2f97cba, ParentId:676b991168ece179","SpanId":"8be00e5b775ef80d","TraceId":"708893953c3295bcc0bfbc09a2f97cba","ParentId":"676b991168ece179"},{"Message":"http.request.method:POST, server.address:127.0.0.1, server.port:45815, url.scheme:http, url.path:/v1/db/protocol_mqtt/sql, network.protocol.version:1.1","http.request.method":"POST","server.address":"127.0.0.1","server.port":45815,"url.scheme":"http","url.path":"/v1/db/protocol_mqtt/sql","network.protocol.version":"1.1"},{"Message":"ConnectionId:0HNOB3B8KUL3D","ConnectionId":"0HNOB3B8KUL3D"},{"Message":"RequestPath:/v1/db/protocol_mqtt/sql RequestId:0HNOB3B8KUL3D:00000003","RequestId":"0HNOB3B8KUL3D:00000003","RequestPath":"/v1/db/protocol_mqtt/sql"}]}
{"Timestamp":"2026-09-05T06:56:57.916Z","EventId":2,"LogLevel":"Information","Category":"Microsoft.AspNetCore.Hosting.Diagnostics","Message":"Request finished HTTP/1.1 POST http://127.0.0.1:45815/v1/db/protocol_mqtt/sql - 200 - application/x-ndjson;\u002Bcharset=utf-8 0.4377ms","State":{"ElapsedMilliseconds":0.4377,"StatusCode":200,"ContentType":"application/x-ndjson; charset=utf-8","ContentLength":null,"Protocol":"HTTP/1.1","Method":"POST","Scheme":"http","Host":"127.0.0.1:45815","PathBase":"","Path":"/v1/db/protocol_mqtt/sql","QueryString":"","{OriginalFormat}":"Request finished {Protocol} {Method} {Scheme}://{Host}{PathBase}{Path}{QueryString} - {StatusCode} {ContentLength} {ContentType} {ElapsedMilliseconds}ms"},"Scopes":[{"Message":"SpanId:8be00e5b775ef80d, TraceId:708893953c3295bcc0bfbc09a2f97cba, ParentId:676b991168ece179","SpanId":"8be00e5b775ef80d","TraceId":"708893953c3295bcc0bfbc09a2f97cba","ParentId":"676b991168ece179"},{"Message":"http.request.method:POST, server.address:127.0.0.1, server.port:45815, url.scheme:http, url.path:/v1/db/protocol_mqtt/sql, network.protocol.version:1.1","http.request.method":"POST","server.address":"127.0.0.1","server.port":45815,"url.scheme":"http","url.path":"/v1/db/protocol_mqtt/sql","network.protocol.version":"1.1"},{"Message":"ConnectionId:0HNOB3B8KUL3D","ConnectionId":"0HNOB3B8KUL3D"},{"Message":"RequestPath:/v1/db/protocol_mqtt/sql RequestId:0HNOB3B8KUL3D:00000003","RequestId":"0HNOB3B8KUL3D:00000003","RequestPath":"/v1/db/protocol_mqtt/sql"}]}
{"Timestamp":"2026-09-05T06:56:57.917Z","EventId":1,"LogLevel":"Information","Category":"Microsoft.AspNetCore.Hosting.Diagnostics","Message":"Request starting HTTP/1.1 POST http://127.0.0.1:45815/v1/db/protocol_coap/sql - application/json;\u002Bcharset=utf-8 66","State":{"Protocol":"HTTP/1.1","Method":"POST","ContentType":"application/json; charset=utf-8","ContentLength":66,"Scheme":"http","Host":"127.0.0.1:45815","PathBase":"","Path":"/v1/db/protocol_coap/sql","QueryString":"","{OriginalFormat}":"Request starting {Protocol} {Method} {Scheme}://{Host}{PathBase}{Path}{QueryString} - {ContentType} {ContentLength}"},"Scopes":[{"Message":"SpanId:62d84b16590d0284, TraceId:163a78c3e11cc03fb4ffb2d9f07dd9b8, ParentId:4e752cd3bb49aea2","SpanId":"62d84b16590d0284","TraceId":"163a78c3e11cc03fb4ffb2d9f07dd9b8","ParentId":"4e752cd3bb49aea2"},{"Message":"http.request.method:POST, server.address:127.0.0.1, server.port:45815, url.scheme:http, url.path:/v1/db/protocol_coap/sql, network.protocol.version:1.1","http.request.method":"POST","server.address":"127.0.0.1","server.port":45815,"url.scheme":"http","url.path":"/v1/db/protocol_coap/sql","network.protocol.version":"1.1"},{"Message":"ConnectionId:0HNOB3B8KUL3D","ConnectionId":"0HNOB3B8KUL3D"},{"Message":"RequestPath:/v1/db/protocol_coap/sql RequestId:0HNOB3B8KUL3D:00000004","RequestId":"0HNOB3B8KUL3D:00000004","RequestPath":"/v1/db/protocol_coap/sql"}]}
{"Timestamp":"2026-09-05T06:56:57.917Z","EventId":0,"LogLevel":"Information","Category":"Microsoft.AspNetCore.Routing.EndpointMiddleware","Message":"Executing endpoint \u0027HTTP: POST /v1/db/{db}/sql\u0027","State":{"EndpointName":"HTTP: POST /v1/db/{db}/sql","{OriginalFormat}":"Executing endpoint \u0027{EndpointName}\u0027"},"Scopes":[{"Message":"SpanId:62d84b16590d0284, TraceId:163a78c3e11cc03fb4ffb2d9f07dd9b8, ParentId:4e752cd3bb49aea2","SpanId":"62d84b16590d0284","TraceId":"163a78c3e11cc03fb4ffb2d9f07dd9b8","ParentId":"4e752cd3bb49aea2"},{"Message":"http.request.method:POST, server.address:127.0.0.1, server.port:45815, url.scheme:http, url.path:/v1/db/protocol_coap/sql, network.protocol.version:1.1","http.request.method":"POST","server.address":"127.0.0.1","server.port":45815,"url.scheme":"http","url.path":"/v1/db/protocol_coap/sql","network.protocol.version":"1.1"},{"Message":"ConnectionId:0HNOB3B8KUL3D","ConnectionId":"0HNOB3B8KUL3D"},{"Message":"RequestPath:/v1/db/protocol_coap/sql RequestId:0HNOB3B8KUL3D:00000004","RequestId":"0HNOB3B8KUL3D:00000004","RequestPath":"/v1/db/protocol_coap/sql"}]}
{"Timestamp":"2026-09-05T06:56:57.917Z","EventId":1,"LogLevel":"Information","Category":"Microsoft.AspNetCore.Routing.EndpointMiddleware","Message":"Executed endpoint \u0027HTTP: POST /v1/db/{db}/sql\u0027","State":{"EndpointName":"HTTP: POST /v1/db/{db}/sql","{OriginalFormat}":"Executed endpoint \u0027{EndpointName}\u0027"},"Scopes":[{"Message":"SpanId:62d84b16590d0284, TraceId:163a78c3e11cc03fb4ffb2d9f07dd9b8, ParentId:4e752cd3bb49aea2","SpanId":"62d84b16590d0284","TraceId":"163a78c3e11cc03fb4ffb2d9f07dd9b8","ParentId":"4e752cd3bb49aea2"},{"Message":"http.request.method:POST, server.address:127.0.0.1, server.port:45815, url.scheme:http, url.path:/v1/db/protocol_coap/sql, network.protocol.version:1.1","http.request.method":"POST","server.address":"127.0.0.1","server.port":45815,"url.scheme":"http","url.path":"/v1/db/protocol_coap/sql","network.protocol.version":"1.1"},{"Message":"ConnectionId:0HNOB3B8KUL3D","ConnectionId":"0HNOB3B8KUL3D"},{"Message":"RequestPath:/v1/db/protocol_coap/sql RequestId:0HNOB3B8KUL3D:00000004","RequestId":"0HNOB3B8KUL3D:00000004","RequestPath":"/v1/db/protocol_coap/sql"}]}
{"Timestamp":"2026-09-05T06:56:57.917Z","EventId":2,"LogLevel":"Information","Category":"Microsoft.AspNetCore.Hosting.Diagnostics","Message":"Request finished HTTP/1.1 POST http://127.0.0.1:45815/v1/db/protocol_coap/sql - 200 - application/x-ndjson;\u002Bcharset=utf-8 0.4015ms","State":{"ElapsedMilliseconds":0.4015,"StatusCode":200,"ContentType":"application/x-ndjson; charset=utf-8","ContentLength":null,"Protocol":"HTTP/1.1","Method":"POST","Scheme":"http","Host":"127.0.0.1:45815","PathBase":"","Path":"/v1/db/protocol_coap/sql","QueryString":"","{OriginalFormat}":"Request finished {Protocol} {Method} {Scheme}://{Host}{PathBase}{Path}{QueryString} - {StatusCode} {ContentLength} {ContentType} {ElapsedMilliseconds}ms"},"Scopes":[{"Message":"SpanId:62d84b16590d0284, TraceId:163a78c3e11cc03fb4ffb2d9f07dd9b8, ParentId:4e752cd3bb49aea2","SpanId":"62d84b16590d0284","TraceId":"163a78c3e11cc03fb4ffb2d9f07dd9b8","ParentId":"4e752cd3bb49aea2"},{"Message":"http.request.method:POST, server.address:127.0.0.1, server.port:45815, url.scheme:http, url.path:/v1/db/protocol_coap/sql, network.protocol.version:1.1","http.request.method":"POST","server.address":"127.0.0.1","server.port":45815,"url.scheme":"http","url.path":"/v1/db/protocol_coap/sql","network.protocol.version":"1.1"},{"Message":"ConnectionId:0HNOB3B8KUL3D","ConnectionId":"0HNOB3B8KUL3D"},{"Message":"RequestPath:/v1/db/protocol_coap/sql RequestId:0HNOB3B8KUL3D:00000004","RequestId":"0HNOB3B8KUL3D:00000004","RequestPath":"/v1/db/protocol_coap/sql"}]}
{"Timestamp":"2026-09-05T06:56:57.920Z","EventId":0,"LogLevel":"Information","Category":"Microsoft.Hosting.Lifetime","Message":"Application is shutting down...","State":{"{OriginalFormat}":"Application is shutting down..."},"Scopes":[]}
[xUnit.net 00:00:27.74]   Finished:    SonnetDB.Parity
</StdOut>
    </Output>
    <RunInfos>
      <RunInfo computerName="runnervmejwal" outcome="Error" timestamp="2026-09-05T06:56:32.1457941+00:00">
        <Text>[xUnit.net 00:00:01.67]     SonnetDB.Parity.Runner.FrameRestTransportParitySuite.FrameHttp2_And_Rest_AreSemanticallyEquivalent_ForAllServices [FAIL]</Text>
      </RunInfo>
    </RunInfos>
  </ResultSummary>
</TestRun>