<?xml version="1.0" encoding="utf-8"?>
<TestRun id="e0c5badd-21ab-404e-b2df-08b9f97852f4" name="@runnervmtr4k5 2026-09-26 07:29:06" xmlns="http://microsoft.com/schemas/VisualStudio/TeamTest/2010">
  <Times creation="2026-09-26T07:29:06.8550319+00:00" queuing="2026-09-26T07:29:06.8550320+00:00" start="2026-09-26T07:29:04.9714148+00:00" finish="2026-09-26T07:29:08.7574157+00:00" />
  <TestSettings name="default" id="395bf28e-a9c9-49f9-ba9e-61f8654f94a2">
    <Deployment runDeploymentRoot="_runnervmtr4k5_2026-09-26_07_29_06" />
  </TestSettings>
  <Results>
    <UnitTestResult executionId="514f0d0e-c879-4e7d-b5af-8508c73f1237" testId="cbacb637-f33d-723f-1062-c8637f0fe42b" testName="SonnetDB.CrashTests.CrashReliabilityTests.crash_kill9_during_fsync_ReopenReplaysOnlyValidWalRecords" computerName="runnervmtr4k5" duration="00:00:00.6528140" startTime="2026-09-26T07:29:08.0393368+00:00" endTime="2026-09-26T07:29:08.6920725+00:00" testType="13cdc9d9-ddb5-4fa4-a97d-d965ccfc6d4b" outcome="Passed" testListId="8c84fa94-04c1-424b-9868-57a2d4851a1d" relativeResultsDirectory="514f0d0e-c879-4e7d-b5af-8508c73f1237" />
    <UnitTestResult executionId="4dc13964-0d53-4c01-b02c-a3b4fa6aedfa" testId="939f4755-8654-694a-aa27-8a1c688f8ed8" testName="SonnetDB.CrashTests.CrashReliabilityTests.crash_kill9_os_flushed_writes_AckedWritesSurviveProcessCrash" computerName="runnervmtr4k5" duration="00:00:00.5265865" startTime="2026-09-26T07:29:07.4986636+00:00" endTime="2026-09-26T07:29:08.0249980+00:00" testType="13cdc9d9-ddb5-4fa4-a97d-d965ccfc6d4b" outcome="Passed" testListId="8c84fa94-04c1-424b-9868-57a2d4851a1d" relativeResultsDirectory="4dc13964-0d53-4c01-b02c-a3b4fa6aedfa" />
    <UnitTestResult executionId="42af9477-ba87-41ed-a379-09689ef4453c" testId="719ee9c2-b843-29cb-bb45-ddae30178768" testName="SonnetDB.CrashTests.CrashReliabilityTests.power_loss_half_renamed_segment_PendingReplacementIsIgnoredOnReopen" computerName="runnervmtr4k5" duration="00:00:00.2352267" startTime="2026-09-26T07:29:05.5990780+00:00" endTime="2026-09-26T07:29:05.8421632+00:00" testType="13cdc9d9-ddb5-4fa4-a97d-d965ccfc6d4b" outcome="Passed" testListId="8c84fa94-04c1-424b-9868-57a2d4851a1d" relativeResultsDirectory="42af9477-ba87-41ed-a379-09689ef4453c" />
    <UnitTestResult executionId="518305c9-00b0-4480-985d-56239eabdec9" testId="6d2529d1-17c4-74dd-8b49-9d11989bb1d3" testName="SonnetDB.CrashTests.CrashReliabilityTests.power_loss_torn_record_ReopenIgnoresTornWalTail" computerName="runnervmtr4k5" duration="00:00:00.0236340" startTime="2026-09-26T07:29:07.4751471+00:00" endTime="2026-09-26T07:29:07.4983065+00:00" testType="13cdc9d9-ddb5-4fa4-a97d-d965ccfc6d4b" outcome="Passed" testListId="8c84fa94-04c1-424b-9868-57a2d4851a1d" relativeResultsDirectory="518305c9-00b0-4480-985d-56239eabdec9" />
    <UnitTestResult executionId="8cfcaaa7-e757-4a93-9338-94acddaccf76" testId="3ed8f3c2-3284-1a28-63f1-358738d5a81d" testName="SonnetDB.CrashTests.CrashReliabilityTests.oom_protection_memtable_backpressure_HardCapFlushesBeforeUnboundedGrowth" computerName="runnervmtr4k5" duration="00:00:00.0687658" startTime="2026-09-26T07:29:06.4586313+00:00" endTime="2026-09-26T07:29:06.5262604+00:00" testType="13cdc9d9-ddb5-4fa4-a97d-d965ccfc6d4b" outcome="Passed" testListId="8c84fa94-04c1-424b-9868-57a2d4851a1d" relativeResultsDirectory="8cfcaaa7-e757-4a93-9338-94acddaccf76" />
    <UnitTestResult executionId="ddc95925-020b-40a9-b1f4-d2a11fb07456" testId="c69b76cf-c18e-bebd-fa50-e1cbed3f35a7" testName="SonnetDB.CrashTests.CrashReliabilityTests.crash_kill9_after_delete_DeletedRangeStaysDeleted" computerName="runnervmtr4k5" duration="00:00:00.6145952" startTime="2026-09-26T07:29:05.8561562+00:00" endTime="2026-09-26T07:29:06.4574417+00:00" testType="13cdc9d9-ddb5-4fa4-a97d-d965ccfc6d4b" outcome="Passed" testListId="8c84fa94-04c1-424b-9868-57a2d4851a1d" relativeResultsDirectory="ddc95925-020b-40a9-b1f4-d2a11fb07456" />
    <UnitTestResult executionId="948e8d13-22af-4e97-b8ae-86fcb0effd91" testId="0f349738-363a-8ef0-8a25-a36953b9592a" testName="SonnetDB.CrashTests.CrashReliabilityTests.crash_kill9_mid_compaction_ReopenDoesNotDuplicateCommittedSegments" computerName="runnervmtr4k5" duration="00:00:00.9479868" startTime="2026-09-26T07:29:06.5265316+00:00" endTime="2026-09-26T07:29:07.4744721+00:00" testType="13cdc9d9-ddb5-4fa4-a97d-d965ccfc6d4b" outcome="Passed" testListId="8c84fa94-04c1-424b-9868-57a2d4851a1d" relativeResultsDirectory="948e8d13-22af-4e97-b8ae-86fcb0effd91" />
    <UnitTestResult executionId="8634236c-5f2e-4730-812b-d546a2b44c00" testId="9150857f-c4e4-07c5-0035-9fdc417b3556" testName="SonnetDB.CrashTests.CrashReliabilityTests.disk_full_during_wal_append_PreservesPreviouslySyncedRecords" computerName="runnervmtr4k5" duration="00:00:00.0139645" startTime="2026-09-26T07:29:08.0251803+00:00" endTime="2026-09-26T07:29:08.0391561+00:00" testType="13cdc9d9-ddb5-4fa4-a97d-d965ccfc6d4b" outcome="Passed" testListId="8c84fa94-04c1-424b-9868-57a2d4851a1d" relativeResultsDirectory="8634236c-5f2e-4730-812b-d546a2b44c00" />
  </Results>
  <TestDefinitions>
    <UnitTest name="SonnetDB.CrashTests.CrashReliabilityTests.crash_kill9_during_fsync_ReopenReplaysOnlyValidWalRecords" storage="/home/runner/work/sonnetdb/sonnetdb/tests/sonnetdb.crashtests/bin/release/net10.0/sonnetdb.crashtests.dll" id="cbacb637-f33d-723f-1062-c8637f0fe42b">
      <Execution id="514f0d0e-c879-4e7d-b5af-8508c73f1237" />
      <TestMethod codeBase="/home/runner/work/SonnetDB/SonnetDB/tests/SonnetDB.CrashTests/bin/Release/net10.0/SonnetDB.CrashTests.dll" adapterTypeName="executor://xunit/VsTestRunner3/netcore/" className="SonnetDB.CrashTests.CrashReliabilityTests" name="crash_kill9_during_fsync_ReopenReplaysOnlyValidWalRecords" />
    </UnitTest>
    <UnitTest name="SonnetDB.CrashTests.CrashReliabilityTests.oom_protection_memtable_backpressure_HardCapFlushesBeforeUnboundedGrowth" storage="/home/runner/work/sonnetdb/sonnetdb/tests/sonnetdb.crashtests/bin/release/net10.0/sonnetdb.crashtests.dll" id="3ed8f3c2-3284-1a28-63f1-358738d5a81d">
      <Execution id="8cfcaaa7-e757-4a93-9338-94acddaccf76" />
      <TestMethod codeBase="/home/runner/work/SonnetDB/SonnetDB/tests/SonnetDB.CrashTests/bin/Release/net10.0/SonnetDB.CrashTests.dll" adapterTypeName="executor://xunit/VsTestRunner3/netcore/" className="SonnetDB.CrashTests.CrashReliabilityTests" name="oom_protection_memtable_backpressure_HardCapFlushesBeforeUnboundedGrowth" />
    </UnitTest>
    <UnitTest name="SonnetDB.CrashTests.CrashReliabilityTests.crash_kill9_after_delete_DeletedRangeStaysDeleted" storage="/home/runner/work/sonnetdb/sonnetdb/tests/sonnetdb.crashtests/bin/release/net10.0/sonnetdb.crashtests.dll" id="c69b76cf-c18e-bebd-fa50-e1cbed3f35a7">
      <Execution id="ddc95925-020b-40a9-b1f4-d2a11fb07456" />
      <TestMethod codeBase="/home/runner/work/SonnetDB/SonnetDB/tests/SonnetDB.CrashTests/bin/Release/net10.0/SonnetDB.CrashTests.dll" adapterTypeName="executor://xunit/VsTestRunner3/netcore/" className="SonnetDB.CrashTests.CrashReliabilityTests" name="crash_kill9_after_delete_DeletedRangeStaysDeleted" />
    </UnitTest>
    <UnitTest name="SonnetDB.CrashTests.CrashReliabilityTests.crash_kill9_os_flushed_writes_AckedWritesSurviveProcessCrash" storage="/home/runner/work/sonnetdb/sonnetdb/tests/sonnetdb.crashtests/bin/release/net10.0/sonnetdb.crashtests.dll" id="939f4755-8654-694a-aa27-8a1c688f8ed8">
      <Execution id="4dc13964-0d53-4c01-b02c-a3b4fa6aedfa" />
      <TestMethod codeBase="/home/runner/work/SonnetDB/SonnetDB/tests/SonnetDB.CrashTests/bin/Release/net10.0/SonnetDB.CrashTests.dll" adapterTypeName="executor://xunit/VsTestRunner3/netcore/" className="SonnetDB.CrashTests.CrashReliabilityTests" name="crash_kill9_os_flushed_writes_AckedWritesSurviveProcessCrash" />
    </UnitTest>
    <UnitTest name="SonnetDB.CrashTests.CrashReliabilityTests.power_loss_half_renamed_segment_PendingReplacementIsIgnoredOnReopen" storage="/home/runner/work/sonnetdb/sonnetdb/tests/sonnetdb.crashtests/bin/release/net10.0/sonnetdb.crashtests.dll" id="719ee9c2-b843-29cb-bb45-ddae30178768">
      <Execution id="42af9477-ba87-41ed-a379-09689ef4453c" />
      <TestMethod codeBase="/home/runner/work/SonnetDB/SonnetDB/tests/SonnetDB.CrashTests/bin/Release/net10.0/SonnetDB.CrashTests.dll" adapterTypeName="executor://xunit/VsTestRunner3/netcore/" className="SonnetDB.CrashTests.CrashReliabilityTests" name="power_loss_half_renamed_segment_PendingReplacementIsIgnoredOnReopen" />
    </UnitTest>
    <UnitTest name="SonnetDB.CrashTests.CrashReliabilityTests.crash_kill9_mid_compaction_ReopenDoesNotDuplicateCommittedSegments" storage="/home/runner/work/sonnetdb/sonnetdb/tests/sonnetdb.crashtests/bin/release/net10.0/sonnetdb.crashtests.dll" id="0f349738-363a-8ef0-8a25-a36953b9592a">
      <Execution id="948e8d13-22af-4e97-b8ae-86fcb0effd91" />
      <TestMethod codeBase="/home/runner/work/SonnetDB/SonnetDB/tests/SonnetDB.CrashTests/bin/Release/net10.0/SonnetDB.CrashTests.dll" adapterTypeName="executor://xunit/VsTestRunner3/netcore/" className="SonnetDB.CrashTests.CrashReliabilityTests" name="crash_kill9_mid_compaction_ReopenDoesNotDuplicateCommittedSegments" />
    </UnitTest>
    <UnitTest name="SonnetDB.CrashTests.CrashReliabilityTests.disk_full_during_wal_append_PreservesPreviouslySyncedRecords" storage="/home/runner/work/sonnetdb/sonnetdb/tests/sonnetdb.crashtests/bin/release/net10.0/sonnetdb.crashtests.dll" id="9150857f-c4e4-07c5-0035-9fdc417b3556">
      <Execution id="8634236c-5f2e-4730-812b-d546a2b44c00" />
      <TestMethod codeBase="/home/runner/work/SonnetDB/SonnetDB/tests/SonnetDB.CrashTests/bin/Release/net10.0/SonnetDB.CrashTests.dll" adapterTypeName="executor://xunit/VsTestRunner3/netcore/" className="SonnetDB.CrashTests.CrashReliabilityTests" name="disk_full_during_wal_append_PreservesPreviouslySyncedRecords" />
    </UnitTest>
    <UnitTest name="SonnetDB.CrashTests.CrashReliabilityTests.power_loss_torn_record_ReopenIgnoresTornWalTail" storage="/home/runner/work/sonnetdb/sonnetdb/tests/sonnetdb.crashtests/bin/release/net10.0/sonnetdb.crashtests.dll" id="6d2529d1-17c4-74dd-8b49-9d11989bb1d3">
      <Execution id="518305c9-00b0-4480-985d-56239eabdec9" />
      <TestMethod codeBase="/home/runner/work/SonnetDB/SonnetDB/tests/SonnetDB.CrashTests/bin/Release/net10.0/SonnetDB.CrashTests.dll" adapterTypeName="executor://xunit/VsTestRunner3/netcore/" className="SonnetDB.CrashTests.CrashReliabilityTests" name="power_loss_torn_record_ReopenIgnoresTornWalTail" />
    </UnitTest>
  </TestDefinitions>
  <TestEntries>
    <TestEntry testId="cbacb637-f33d-723f-1062-c8637f0fe42b" executionId="514f0d0e-c879-4e7d-b5af-8508c73f1237" testListId="8c84fa94-04c1-424b-9868-57a2d4851a1d" />
    <TestEntry testId="939f4755-8654-694a-aa27-8a1c688f8ed8" executionId="4dc13964-0d53-4c01-b02c-a3b4fa6aedfa" testListId="8c84fa94-04c1-424b-9868-57a2d4851a1d" />
    <TestEntry testId="719ee9c2-b843-29cb-bb45-ddae30178768" executionId="42af9477-ba87-41ed-a379-09689ef4453c" testListId="8c84fa94-04c1-424b-9868-57a2d4851a1d" />
    <TestEntry testId="6d2529d1-17c4-74dd-8b49-9d11989bb1d3" executionId="518305c9-00b0-4480-985d-56239eabdec9" testListId="8c84fa94-04c1-424b-9868-57a2d4851a1d" />
    <TestEntry testId="3ed8f3c2-3284-1a28-63f1-358738d5a81d" executionId="8cfcaaa7-e757-4a93-9338-94acddaccf76" testListId="8c84fa94-04c1-424b-9868-57a2d4851a1d" />
    <TestEntry testId="c69b76cf-c18e-bebd-fa50-e1cbed3f35a7" executionId="ddc95925-020b-40a9-b1f4-d2a11fb07456" testListId="8c84fa94-04c1-424b-9868-57a2d4851a1d" />
    <TestEntry testId="0f349738-363a-8ef0-8a25-a36953b9592a" executionId="948e8d13-22af-4e97-b8ae-86fcb0effd91" testListId="8c84fa94-04c1-424b-9868-57a2d4851a1d" />
    <TestEntry testId="9150857f-c4e4-07c5-0035-9fdc417b3556" executionId="8634236c-5f2e-4730-812b-d546a2b44c00" testListId="8c84fa94-04c1-424b-9868-57a2d4851a1d" />
  </TestEntries>
  <TestLists>
    <TestList name="Results Not in a List" id="8c84fa94-04c1-424b-9868-57a2d4851a1d" />
    <TestList name="All Loaded Results" id="19431567-8539-422a-85d7-44ee4e166bda" />
  </TestLists>
  <ResultSummary outcome="Completed">
    <Counters total="8" executed="8" passed="8" failed="0" error="0" timeout="0" aborted="0" inconclusive="0" passedButRunAborted="0" notRunnable="0" notExecuted="0" disconnected="0" warning="0" completed="0" inProgress="0" pending="0" />
    <Output>
      <StdOut>[xUnit.net 00:00:00.00] xUnit.net VSTest Adapter v3.1.5+1b188a7b0a (64-bit .NET 10.0.12)
[xUnit.net 00:00:00.12]   Discovering: SonnetDB.CrashTests
[xUnit.net 00:00:00.16]   Discovered:  SonnetDB.CrashTests
[xUnit.net 00:00:00.19]   Starting:    SonnetDB.CrashTests
[xUnit.net 00:00:03.32]   Finished:    SonnetDB.CrashTests
</StdOut>
    </Output>
  </ResultSummary>
</TestRun>