<?xml version="1.0" encoding="utf-8"?>
<TestRun id="7a64bc28-40ab-457a-b224-2423e3d1e6ff" name="@runnervmejwal 2026-09-05 06:56:05" xmlns="http://microsoft.com/schemas/VisualStudio/TeamTest/2010">
  <Times creation="2026-09-05T06:56:05.4593888+00:00" queuing="2026-09-05T06:56:05.4593888+00:00" start="2026-09-05T06:56:03.4425438+00:00" finish="2026-09-05T06:57:46.0696013+00:00" />
  <TestSettings name="default" id="73ccee44-3eb6-4ed3-be17-2fff947e14b8">
    <Deployment runDeploymentRoot="_runnervmejwal_2026-09-05_06_56_05" />
  </TestSettings>
  <Results>
    <UnitTestResult executionId="4bf0d8fb-b16a-4f8c-91fb-d58ef2da3169" testId="6cfb7d90-74fc-c7a3-287d-37b4650aa54d" testName="SonnetDB.Parity.Runner.ParityRunner.VectorSuite_SonnetDbMatchesQdrant" computerName="runnervmejwal" duration="00:00:01.4003003" startTime="2026-09-05T06:56:56.8212837+00:00" endTime="2026-09-05T06:56:58.2206571+00:00" testType="13cdc9d9-ddb5-4fa4-a97d-d965ccfc6d4b" outcome="Failed" testListId="8c84fa94-04c1-424b-9868-57a2d4851a1d" relativeResultsDirectory="4bf0d8fb-b16a-4f8c-91fb-d58ef2da3169">
      <Output>
        <ErrorInfo>
          <Message>Assert.Empty() Failure: Collection was not empty
Collection: ["qdrant 场景 ann_recall_at_10 自检未通过。", "qdrant 场景 filtered_search 自检未通过。", "qdrant 场景 upsert_during_query 自检未通过。"]</Message>
          <StackTrace>   at SonnetDB.Parity.Runner.ParityRunner.VectorSuite_SonnetDbMatchesQdrant() in /home/runner/work/SonnetDB/SonnetDB/tests/SonnetDB.Parity/runner/ParityRunner.cs:line 298
   at SonnetDB.Parity.Runner.ParityRunner.VectorSuite_SonnetDbMatchesQdrant() in /home/runner/work/SonnetDB/SonnetDB/tests/SonnetDB.Parity/runner/ParityRunner.cs:line 298
--- End of stack trace from previous location ---</StackTrace>
        </ErrorInfo>
      </Output>
    </UnitTestResult>
    <UnitTestResult executionId="3e4d0eb1-02b7-4bc1-b58c-7090e15e0e9f" testId="da7990f2-5dd5-68c9-cd8b-83165d59ca0a" testName="SonnetDB.Parity.Runner.ParityRunner.TsdbSuite_SonnetDbMatchesInfluxDbAndVictoriaMetrics" computerName="runnervmejwal" duration="00:00:02.8019908" startTime="2026-09-05T06:56:54.0167783+00:00" endTime="2026-09-05T06:56:56.8198296+00:00" testType="13cdc9d9-ddb5-4fa4-a97d-d965ccfc6d4b" outcome="Failed" testListId="8c84fa94-04c1-424b-9868-57a2d4851a1d" relativeResultsDirectory="3e4d0eb1-02b7-4bc1-b58c-7090e15e0e9f">
      <Output>
        <ErrorInfo>
          <Message>Assert.Empty() Failure: Collection was not empty
Collection: ["victoriametrics TSDB 场景 ingest_1m_points 自检未通过。", "SonnetDB 与 victoriametrics 场景 groupby_time_window "···, "SonnetDB 与 influxdb 场景 derivative_accuracy 结果超出容差："···, "SonnetDB 与 victoriametrics 场景 derivative_accuracy "···, "SonnetDB 与 influxdb 场景 rate_irate_consistency 结果超出"···, ···]</Message>
          <StackTrace>   at SonnetDB.Parity.Runner.ParityRunner.TsdbSuite_SonnetDbMatchesInfluxDbAndVictoriaMetrics() in /home/runner/work/SonnetDB/SonnetDB/tests/SonnetDB.Parity/runner/ParityRunner.cs:line 180
   at SonnetDB.Parity.Runner.ParityRunner.TsdbSuite_SonnetDbMatchesInfluxDbAndVictoriaMetrics() in /home/runner/work/SonnetDB/SonnetDB/tests/SonnetDB.Parity/runner/ParityRunner.cs:line 180
--- End of stack trace from previous location ---</StackTrace>
        </ErrorInfo>
      </Output>
    </UnitTestResult>
    <UnitTestResult executionId="8e4b31a0-bf5c-49f3-ac59-2b4fdc35451e" testId="ee07b8ae-2701-101a-fee5-0fb9b5b109b4" testName="SonnetDB.Parity.Runner.ResultDifferTests.DiffSqlResults_WithBucketAlias_AcceptsEquivalentTimeColumnName" computerName="runnervmejwal" duration="00:00:00.0001257" startTime="2026-09-05T06:56:04.5240430+00:00" endTime="2026-09-05T06:56:04.5241277+00:00" testType="13cdc9d9-ddb5-4fa4-a97d-d965ccfc6d4b" outcome="Passed" testListId="8c84fa94-04c1-424b-9868-57a2d4851a1d" relativeResultsDirectory="8e4b31a0-bf5c-49f3-ac59-2b4fdc35451e" />
    <UnitTestResult executionId="92352b0f-33f7-4504-b9c2-7b6ccb5ffe22" testId="56b0765d-9cc2-4c9e-e01f-ce69614fa9ee" testName="SonnetDB.Parity.Runner.ParityRunner.AnalyticsSuite_SonnetDbMatchesClickHouse" computerName="runnervmejwal" duration="00:00:00.2432165" startTime="2026-09-05T06:56:52.9246985+00:00" endTime="2026-09-05T06:56:53.1678454+00:00" testType="13cdc9d9-ddb5-4fa4-a97d-d965ccfc6d4b" outcome="Passed" testListId="8c84fa94-04c1-424b-9868-57a2d4851a1d" relativeResultsDirectory="92352b0f-33f7-4504-b9c2-7b6ccb5ffe22" />
    <UnitTestResult executionId="ea1d1b82-7dd1-40c4-8bae-67dfa814943c" testId="b2f087cf-30a2-36dc-426f-7c7c70967bf0" testName="SonnetDB.Parity.Runner.ParityRunner.KvSuite_SonnetDbMatchesRedis" computerName="runnervmejwal" duration="00:00:45.9475863" startTime="2026-09-05T06:56:04.5243913+00:00" endTime="2026-09-05T06:56:50.4723686+00:00" testType="13cdc9d9-ddb5-4fa4-a97d-d965ccfc6d4b" outcome="Passed" testListId="8c84fa94-04c1-424b-9868-57a2d4851a1d" relativeResultsDirectory="ea1d1b82-7dd1-40c4-8bae-67dfa814943c" />
    <UnitTestResult executionId="5ee61121-9416-4d3f-ad14-1fda5615cca2" testId="66e61c5f-c702-a767-f8b5-e32fbd491049" testName="SonnetDB.Parity.Runner.FrameRestTransportParitySuite.FrameHttp2_And_Rest_AreSemanticallyEquivalent_ForAllServices" computerName="runnervmejwal" duration="00:00:00.0342306" startTime="2026-09-05T06:56:04.2647437+00:00" endTime="2026-09-05T06:56:06.1279094+00:00" testType="13cdc9d9-ddb5-4fa4-a97d-d965ccfc6d4b" outcome="Failed" testListId="8c84fa94-04c1-424b-9868-57a2d4851a1d" relativeResultsDirectory="5ee61121-9416-4d3f-ad14-1fda5615cca2">
      <Output>
        <ErrorInfo>
          <Message>SonnetDB.Data.SndbServerException : [200 OK] frame_transport_error: 帧端点连接失败：The HTTP/2 server closed the connection. HTTP/2 error code 'HTTP_1_1_REQUIRED' (0xd). (HttpProtocolError)</Message>
          <StackTrace>   at SonnetDB.Data.Remote.FrameChannel.HandleTransportFailure(String message) in /home/runner/work/SonnetDB/SonnetDB/src/SonnetDB.Data/Remote/FrameChannel.cs:line 113
   at SonnetDB.Data.Remote.FrameChannel.TrySendAsync(ReadOnlyMemory`1 requestFrames, CancellationToken cancellationToken) in /home/runner/work/SonnetDB/SonnetDB/src/SonnetDB.Data/Remote/FrameChannel.cs:line 80
   at SonnetDB.Data.Remote.FrameChannel.SendUnaryAsync(ReadOnlyMemory`1 requestFrame, CancellationToken cancellationToken) in /home/runner/work/SonnetDB/SonnetDB/src/SonnetDB.Data/Remote/FrameChannel.cs:line 92
   at SonnetDB.Data.Mq.SndbMqClient.PublishAsync(String topic, Byte[] payload, IReadOnlyDictionary`2 headers, CancellationToken cancellationToken) in /home/runner/work/SonnetDB/SonnetDB/src/SonnetDB.Data/Mq/SndbMqClient.cs:line 68
   at SonnetDB.Parity.Runner.FrameRestTransportParitySuite.ExerciseMqAsync(String protocol, String topic) in /home/runner/work/SonnetDB/SonnetDB/tests/SonnetDB.Parity/runner/FrameRestTransportParitySuite.cs:line 108
   at SonnetDB.Parity.Runner.FrameRestTransportParitySuite.AssertMqParityAsync() in /home/runner/work/SonnetDB/SonnetDB/tests/SonnetDB.Parity/runner/FrameRestTransportParitySuite.cs:line 96
   at SonnetDB.Parity.Runner.FrameRestTransportParitySuite.FrameHttp2_And_Rest_AreSemanticallyEquivalent_ForAllServices() in /home/runner/work/SonnetDB/SonnetDB/tests/SonnetDB.Parity/runner/FrameRestTransportParitySuite.cs:line 85
--- End of stack trace from previous location ---</StackTrace>
        </ErrorInfo>
      </Output>
    </UnitTestResult>
    <UnitTestResult executionId="8e77769b-a121-4bae-bc5e-22a55753bbb7" testId="7a2f4258-eca0-9ab2-de74-b48e51c31b91" testName="SonnetDB.Parity.Runner.ProtocolIngestParitySuite.LineProtocol_HttpUdpMqttAndCoap_ProduceEquivalentRows" computerName="runnervmejwal" duration="00:00:00.1064171" startTime="2026-09-05T06:57:45.3000311+00:00" endTime="2026-09-05T06:57:46.0040098+00:00" testType="13cdc9d9-ddb5-4fa4-a97d-d965ccfc6d4b" outcome="Passed" testListId="8c84fa94-04c1-424b-9868-57a2d4851a1d" relativeResultsDirectory="8e77769b-a121-4bae-bc5e-22a55753bbb7" />
    <UnitTestResult executionId="5e4aa6d2-9aad-43ff-a4b1-85f4db2cbccb" testId="45a94119-4f7f-2202-c475-1c2e4d283298" testName="SonnetDB.Parity.Runner.ResultDifferTests.DiffSqlResults_WithTimeBucketContract_NormalizesWindowStopToBucketStart" computerName="runnervmejwal" duration="00:00:00.0002115" startTime="2026-09-05T06:56:04.5237948+00:00" endTime="2026-09-05T06:56:04.5239571+00:00" testType="13cdc9d9-ddb5-4fa4-a97d-d965ccfc6d4b" outcome="Passed" testListId="8c84fa94-04c1-424b-9868-57a2d4851a1d" relativeResultsDirectory="5e4aa6d2-9aad-43ff-a4b1-85f4db2cbccb" />
    <UnitTestResult executionId="90062624-a5b5-4854-b805-f22dcff2f272" testId="707c162a-e09a-96a2-445c-c45322d5e8e8" testName="SonnetDB.Parity.Runner.ParityRunner.MqSuite_SonnetMqMatchesNatsJetStream" computerName="runnervmejwal" duration="00:00:00.5254157" startTime="2026-09-05T06:57:44.7739324+00:00" endTime="2026-09-05T06:57:45.2993149+00:00" testType="13cdc9d9-ddb5-4fa4-a97d-d965ccfc6d4b" outcome="Passed" testListId="8c84fa94-04c1-424b-9868-57a2d4851a1d" relativeResultsDirectory="90062624-a5b5-4854-b805-f22dcff2f272" />
    <UnitTestResult executionId="e4bb15b8-4137-4091-8728-ea2c0e40cfdb" testId="9d48f0d2-2ffa-3aeb-e036-ad27082d0bb4" testName="SonnetDB.Parity.Adapters.RelationalResultMaterializerTests.ReadAsync_WithFractionalDecimal_NormalizesToDouble" computerName="runnervmejwal" duration="00:00:00.2430739" startTime="2026-09-05T06:56:04.2635882+00:00" endTime="2026-09-05T06:56:04.5106245+00:00" testType="13cdc9d9-ddb5-4fa4-a97d-d965ccfc6d4b" outcome="Passed" testListId="8c84fa94-04c1-424b-9868-57a2d4851a1d" relativeResultsDirectory="e4bb15b8-4137-4091-8728-ea2c0e40cfdb" />
    <UnitTestResult executionId="1bafe528-8306-4674-ae2b-60a0690e8e2b" testId="326f18ea-ff47-0d78-2a31-253eef3e3b9d" testName="SonnetDB.Parity.Runner.ResultDifferTests.DiffSqlResults_WithTimeBucketContract_KeepsValueColumnsStrict" computerName="runnervmejwal" duration="00:00:00.0018774" startTime="2026-09-05T06:56:04.5230798+00:00" endTime="2026-09-05T06:56:04.5236924+00:00" testType="13cdc9d9-ddb5-4fa4-a97d-d965ccfc6d4b" outcome="Passed" testListId="8c84fa94-04c1-424b-9868-57a2d4851a1d" relativeResultsDirectory="1bafe528-8306-4674-ae2b-60a0690e8e2b" />
    <UnitTestResult executionId="30f40350-d6f3-4759-bad3-d9293b682ca7" testId="acb2f3ab-260f-16f2-daed-19b4d6b5945b" testName="SonnetDB.Parity.Runner.ResultDifferTests.DiffSqlResults_WithTimeBucketContract_NormalizesWindowStopOnEitherSide" computerName="runnervmejwal" duration="00:00:00.0000780" startTime="2026-09-05T06:56:04.5241964+00:00" endTime="2026-09-05T06:56:04.5242328+00:00" testType="13cdc9d9-ddb5-4fa4-a97d-d965ccfc6d4b" outcome="Passed" testListId="8c84fa94-04c1-424b-9868-57a2d4851a1d" relativeResultsDirectory="30f40350-d6f3-4759-bad3-d9293b682ca7" />
    <UnitTestResult executionId="0a5105ff-38ff-4a76-b6de-a720aee92db6" testId="66a88082-7872-fe6d-92d1-1ef9f0689ba7" testName="SonnetDB.Parity.Runner.ParityRunner.ObjectSuite_SonnetDbMatchesMinio" computerName="runnervmejwal" duration="00:00:00.8483930" startTime="2026-09-05T06:56:53.1680626+00:00" endTime="2026-09-05T06:56:54.0165706+00:00" testType="13cdc9d9-ddb5-4fa4-a97d-d965ccfc6d4b" outcome="Passed" testListId="8c84fa94-04c1-424b-9868-57a2d4851a1d" relativeResultsDirectory="0a5105ff-38ff-4a76-b6de-a720aee92db6" />
    <UnitTestResult executionId="44b32813-3e69-4462-b5aa-7ed5da73ab2d" testId="da0cedfe-ae28-1d5e-524f-235c86149b72" testName="SonnetDB.Parity.Runner.ParityRunner.DocumentSuite_SonnetDbMatchesMongoDbSemantics" computerName="runnervmejwal" duration="00:00:02.4515584" startTime="2026-09-05T06:56:50.4732156+00:00" endTime="2026-09-05T06:56:52.9243112+00:00" testType="13cdc9d9-ddb5-4fa4-a97d-d965ccfc6d4b" outcome="Passed" testListId="8c84fa94-04c1-424b-9868-57a2d4851a1d" relativeResultsDirectory="44b32813-3e69-4462-b5aa-7ed5da73ab2d" />
    <UnitTestResult executionId="260db7a3-87d0-4a08-a605-245868a19a58" testId="e7b8d2f1-2350-3ae7-4d72-5c147a8fd3cb" testName="SonnetDB.Parity.Adapters.RelationalResultMaterializerTests.ReadAsync_WithIntegralDecimal_NormalizesToInt64" computerName="runnervmejwal" duration="00:00:00.0090208" startTime="2026-09-05T06:56:04.5219206+00:00" endTime="2026-09-05T06:56:04.5219670+00:00" testType="13cdc9d9-ddb5-4fa4-a97d-d965ccfc6d4b" outcome="Passed" testListId="8c84fa94-04c1-424b-9868-57a2d4851a1d" relativeResultsDirectory="260db7a3-87d0-4a08-a605-245868a19a58" />
    <UnitTestResult executionId="70f06594-3872-41aa-b765-556d92e8ce7f" testId="0c4b18d7-aafc-8287-45d4-75233304d011" testName="SonnetDB.Parity.Runner.ParityRunner.FullTextSuite_SonnetDbMatchesMeilisearch" computerName="runnervmejwal" duration="00:00:45.9126172" startTime="2026-09-05T06:56:58.2215116+00:00" endTime="2026-09-05T06:57:44.1338300+00:00" testType="13cdc9d9-ddb5-4fa4-a97d-d965ccfc6d4b" outcome="Failed" testListId="8c84fa94-04c1-424b-9868-57a2d4851a1d" relativeResultsDirectory="70f06594-3872-41aa-b765-556d92e8ce7f">
      <Output>
        <ErrorInfo>
          <Message>Assert.Empty() Failure: Collection was not empty
Collection: ["meilisearch 场景 index_1m_documents 自检未通过。", "meilisearch 场景 bm25_ranking_top10_overlap 自检未通过。", "meilisearch 场景 cjk_tokenize_correctness 自检未通过。", "meilisearch 场景 facet_filter_query 自检未通过。", "meilisearch 场景 incremental_update_during_query 自检未"···, ···]</Message>
          <StackTrace>   at SonnetDB.Parity.Runner.ParityRunner.FullTextSuite_SonnetDbMatchesMeilisearch() in /home/runner/work/SonnetDB/SonnetDB/tests/SonnetDB.Parity/runner/ParityRunner.cs:line 475
   at SonnetDB.Parity.Runner.ParityRunner.FullTextSuite_SonnetDbMatchesMeilisearch() in /home/runner/work/SonnetDB/SonnetDB/tests/SonnetDB.Parity/runner/ParityRunner.cs:line 475
--- End of stack trace from previous location ---</StackTrace>
        </ErrorInfo>
      </Output>
    </UnitTestResult>
    <UnitTestResult executionId="c08c2922-2be7-4221-960c-11ea62bad686" testId="a3dce82f-2060-f755-ba41-589eaef086cf" testName="SonnetDB.Parity.Runner.ParityRunner.RelationalSuite_SonnetDbMatchesPostgres" computerName="runnervmejwal" duration="00:00:00.6390744" startTime="2026-09-05T06:57:44.1348019+00:00" endTime="2026-09-05T06:57:44.7736579+00:00" testType="13cdc9d9-ddb5-4fa4-a97d-d965ccfc6d4b" outcome="Passed" testListId="8c84fa94-04c1-424b-9868-57a2d4851a1d" relativeResultsDirectory="c08c2922-2be7-4221-960c-11ea62bad686" />
  </Results>
  <TestDefinitions>
    <UnitTest name="SonnetDB.Parity.Runner.ParityRunner.DocumentSuite_SonnetDbMatchesMongoDbSemantics" storage="/home/runner/work/sonnetdb/sonnetdb/tests/sonnetdb.parity/bin/release/net10.0/sonnetdb.parity.dll" id="da0cedfe-ae28-1d5e-524f-235c86149b72">
      <Execution id="44b32813-3e69-4462-b5aa-7ed5da73ab2d" />
      <TestMethod codeBase="/home/runner/work/SonnetDB/SonnetDB/tests/SonnetDB.Parity/bin/Release/net10.0/SonnetDB.Parity.dll" adapterTypeName="executor://xunit/VsTestRunner3/netcore/" className="SonnetDB.Parity.Runner.ParityRunner" name="DocumentSuite_SonnetDbMatchesMongoDbSemantics" />
    </UnitTest>
    <UnitTest name="SonnetDB.Parity.Runner.ParityRunner.TsdbSuite_SonnetDbMatchesInfluxDbAndVictoriaMetrics" storage="/home/runner/work/sonnetdb/sonnetdb/tests/sonnetdb.parity/bin/release/net10.0/sonnetdb.parity.dll" id="da7990f2-5dd5-68c9-cd8b-83165d59ca0a">
      <Execution id="3e4d0eb1-02b7-4bc1-b58c-7090e15e0e9f" />
      <TestMethod codeBase="/home/runner/work/SonnetDB/SonnetDB/tests/SonnetDB.Parity/bin/Release/net10.0/SonnetDB.Parity.dll" adapterTypeName="executor://xunit/VsTestRunner3/netcore/" className="SonnetDB.Parity.Runner.ParityRunner" name="TsdbSuite_SonnetDbMatchesInfluxDbAndVictoriaMetrics" />
    </UnitTest>
    <UnitTest name="SonnetDB.Parity.Runner.ParityRunner.RelationalSuite_SonnetDbMatchesPostgres" storage="/home/runner/work/sonnetdb/sonnetdb/tests/sonnetdb.parity/bin/release/net10.0/sonnetdb.parity.dll" id="a3dce82f-2060-f755-ba41-589eaef086cf">
      <Execution id="c08c2922-2be7-4221-960c-11ea62bad686" />
      <TestMethod codeBase="/home/runner/work/SonnetDB/SonnetDB/tests/SonnetDB.Parity/bin/Release/net10.0/SonnetDB.Parity.dll" adapterTypeName="executor://xunit/VsTestRunner3/netcore/" className="SonnetDB.Parity.Runner.ParityRunner" name="RelationalSuite_SonnetDbMatchesPostgres" />
    </UnitTest>
    <UnitTest name="SonnetDB.Parity.Adapters.RelationalResultMaterializerTests.ReadAsync_WithIntegralDecimal_NormalizesToInt64" storage="/home/runner/work/sonnetdb/sonnetdb/tests/sonnetdb.parity/bin/release/net10.0/sonnetdb.parity.dll" id="e7b8d2f1-2350-3ae7-4d72-5c147a8fd3cb">
      <Execution id="260db7a3-87d0-4a08-a605-245868a19a58" />
      <TestMethod codeBase="/home/runner/work/SonnetDB/SonnetDB/tests/SonnetDB.Parity/bin/Release/net10.0/SonnetDB.Parity.dll" adapterTypeName="executor://xunit/VsTestRunner3/netcore/" className="SonnetDB.Parity.Adapters.RelationalResultMaterializerTests" name="ReadAsync_WithIntegralDecimal_NormalizesToInt64" />
    </UnitTest>
    <UnitTest name="SonnetDB.Parity.Runner.ProtocolIngestParitySuite.LineProtocol_HttpUdpMqttAndCoap_ProduceEquivalentRows" storage="/home/runner/work/sonnetdb/sonnetdb/tests/sonnetdb.parity/bin/release/net10.0/sonnetdb.parity.dll" id="7a2f4258-eca0-9ab2-de74-b48e51c31b91">
      <Execution id="8e77769b-a121-4bae-bc5e-22a55753bbb7" />
      <TestMethod codeBase="/home/runner/work/SonnetDB/SonnetDB/tests/SonnetDB.Parity/bin/Release/net10.0/SonnetDB.Parity.dll" adapterTypeName="executor://xunit/VsTestRunner3/netcore/" className="SonnetDB.Parity.Runner.ProtocolIngestParitySuite" name="LineProtocol_HttpUdpMqttAndCoap_ProduceEquivalentRows" />
    </UnitTest>
    <UnitTest name="SonnetDB.Parity.Runner.FrameRestTransportParitySuite.FrameHttp2_And_Rest_AreSemanticallyEquivalent_ForAllServices" storage="/home/runner/work/sonnetdb/sonnetdb/tests/sonnetdb.parity/bin/release/net10.0/sonnetdb.parity.dll" id="66e61c5f-c702-a767-f8b5-e32fbd491049">
      <Execution id="5ee61121-9416-4d3f-ad14-1fda5615cca2" />
      <TestMethod codeBase="/home/runner/work/SonnetDB/SonnetDB/tests/SonnetDB.Parity/bin/Release/net10.0/SonnetDB.Parity.dll" adapterTypeName="executor://xunit/VsTestRunner3/netcore/" className="SonnetDB.Parity.Runner.FrameRestTransportParitySuite" name="FrameHttp2_And_Rest_AreSemanticallyEquivalent_ForAllServices" />
    </UnitTest>
    <UnitTest name="SonnetDB.Parity.Runner.ResultDifferTests.DiffSqlResults_WithTimeBucketContract_KeepsValueColumnsStrict" storage="/home/runner/work/sonnetdb/sonnetdb/tests/sonnetdb.parity/bin/release/net10.0/sonnetdb.parity.dll" id="326f18ea-ff47-0d78-2a31-253eef3e3b9d">
      <Execution id="1bafe528-8306-4674-ae2b-60a0690e8e2b" />
      <TestMethod codeBase="/home/runner/work/SonnetDB/SonnetDB/tests/SonnetDB.Parity/bin/Release/net10.0/SonnetDB.Parity.dll" adapterTypeName="executor://xunit/VsTestRunner3/netcore/" className="SonnetDB.Parity.Runner.ResultDifferTests" name="DiffSqlResults_WithTimeBucketContract_KeepsValueColumnsStrict" />
    </UnitTest>
    <UnitTest name="SonnetDB.Parity.Runner.ParityRunner.MqSuite_SonnetMqMatchesNatsJetStream" storage="/home/runner/work/sonnetdb/sonnetdb/tests/sonnetdb.parity/bin/release/net10.0/sonnetdb.parity.dll" id="707c162a-e09a-96a2-445c-c45322d5e8e8">
      <Execution id="90062624-a5b5-4854-b805-f22dcff2f272" />
      <TestMethod codeBase="/home/runner/work/SonnetDB/SonnetDB/tests/SonnetDB.Parity/bin/Release/net10.0/SonnetDB.Parity.dll" adapterTypeName="executor://xunit/VsTestRunner3/netcore/" className="SonnetDB.Parity.Runner.ParityRunner" name="MqSuite_SonnetMqMatchesNatsJetStream" />
    </UnitTest>
    <UnitTest name="SonnetDB.Parity.Runner.ResultDifferTests.DiffSqlResults_WithTimeBucketContract_NormalizesWindowStopToBucketStart" storage="/home/runner/work/sonnetdb/sonnetdb/tests/sonnetdb.parity/bin/release/net10.0/sonnetdb.parity.dll" id="45a94119-4f7f-2202-c475-1c2e4d283298">
      <Execution id="5e4aa6d2-9aad-43ff-a4b1-85f4db2cbccb" />
      <TestMethod codeBase="/home/runner/work/SonnetDB/SonnetDB/tests/SonnetDB.Parity/bin/Release/net10.0/SonnetDB.Parity.dll" adapterTypeName="executor://xunit/VsTestRunner3/netcore/" className="SonnetDB.Parity.Runner.ResultDifferTests" name="DiffSqlResults_WithTimeBucketContract_NormalizesWindowStopToBucketStart" />
    </UnitTest>
    <UnitTest name="SonnetDB.Parity.Adapters.RelationalResultMaterializerTests.ReadAsync_WithFractionalDecimal_NormalizesToDouble" storage="/home/runner/work/sonnetdb/sonnetdb/tests/sonnetdb.parity/bin/release/net10.0/sonnetdb.parity.dll" id="9d48f0d2-2ffa-3aeb-e036-ad27082d0bb4">
      <Execution id="e4bb15b8-4137-4091-8728-ea2c0e40cfdb" />
      <TestMethod codeBase="/home/runner/work/SonnetDB/SonnetDB/tests/SonnetDB.Parity/bin/Release/net10.0/SonnetDB.Parity.dll" adapterTypeName="executor://xunit/VsTestRunner3/netcore/" className="SonnetDB.Parity.Adapters.RelationalResultMaterializerTests" name="ReadAsync_WithFractionalDecimal_NormalizesToDouble" />
    </UnitTest>
    <UnitTest name="SonnetDB.Parity.Runner.ParityRunner.ObjectSuite_SonnetDbMatchesMinio" storage="/home/runner/work/sonnetdb/sonnetdb/tests/sonnetdb.parity/bin/release/net10.0/sonnetdb.parity.dll" id="66a88082-7872-fe6d-92d1-1ef9f0689ba7">
      <Execution id="0a5105ff-38ff-4a76-b6de-a720aee92db6" />
      <TestMethod codeBase="/home/runner/work/SonnetDB/SonnetDB/tests/SonnetDB.Parity/bin/Release/net10.0/SonnetDB.Parity.dll" adapterTypeName="executor://xunit/VsTestRunner3/netcore/" className="SonnetDB.Parity.Runner.ParityRunner" name="ObjectSuite_SonnetDbMatchesMinio" />
    </UnitTest>
    <UnitTest name="SonnetDB.Parity.Runner.ParityRunner.KvSuite_SonnetDbMatchesRedis" storage="/home/runner/work/sonnetdb/sonnetdb/tests/sonnetdb.parity/bin/release/net10.0/sonnetdb.parity.dll" id="b2f087cf-30a2-36dc-426f-7c7c70967bf0">
      <Execution id="ea1d1b82-7dd1-40c4-8bae-67dfa814943c" />
      <TestMethod codeBase="/home/runner/work/SonnetDB/SonnetDB/tests/SonnetDB.Parity/bin/Release/net10.0/SonnetDB.Parity.dll" adapterTypeName="executor://xunit/VsTestRunner3/netcore/" className="SonnetDB.Parity.Runner.ParityRunner" name="KvSuite_SonnetDbMatchesRedis" />
    </UnitTest>
    <UnitTest name="SonnetDB.Parity.Runner.ParityRunner.FullTextSuite_SonnetDbMatchesMeilisearch" storage="/home/runner/work/sonnetdb/sonnetdb/tests/sonnetdb.parity/bin/release/net10.0/sonnetdb.parity.dll" id="0c4b18d7-aafc-8287-45d4-75233304d011">
      <Execution id="70f06594-3872-41aa-b765-556d92e8ce7f" />
      <TestMethod codeBase="/home/runner/work/SonnetDB/SonnetDB/tests/SonnetDB.Parity/bin/Release/net10.0/SonnetDB.Parity.dll" adapterTypeName="executor://xunit/VsTestRunner3/netcore/" className="SonnetDB.Parity.Runner.ParityRunner" name="FullTextSuite_SonnetDbMatchesMeilisearch" />
    </UnitTest>
    <UnitTest name="SonnetDB.Parity.Runner.ParityRunner.AnalyticsSuite_SonnetDbMatchesClickHouse" storage="/home/runner/work/sonnetdb/sonnetdb/tests/sonnetdb.parity/bin/release/net10.0/sonnetdb.parity.dll" id="56b0765d-9cc2-4c9e-e01f-ce69614fa9ee">
      <Execution id="92352b0f-33f7-4504-b9c2-7b6ccb5ffe22" />
      <TestMethod codeBase="/home/runner/work/SonnetDB/SonnetDB/tests/SonnetDB.Parity/bin/Release/net10.0/SonnetDB.Parity.dll" adapterTypeName="executor://xunit/VsTestRunner3/netcore/" className="SonnetDB.Parity.Runner.ParityRunner" name="AnalyticsSuite_SonnetDbMatchesClickHouse" />
    </UnitTest>
    <UnitTest name="SonnetDB.Parity.Runner.ResultDifferTests.DiffSqlResults_WithTimeBucketContract_NormalizesWindowStopOnEitherSide" storage="/home/runner/work/sonnetdb/sonnetdb/tests/sonnetdb.parity/bin/release/net10.0/sonnetdb.parity.dll" id="acb2f3ab-260f-16f2-daed-19b4d6b5945b">
      <Execution id="30f40350-d6f3-4759-bad3-d9293b682ca7" />
      <TestMethod codeBase="/home/runner/work/SonnetDB/SonnetDB/tests/SonnetDB.Parity/bin/Release/net10.0/SonnetDB.Parity.dll" adapterTypeName="executor://xunit/VsTestRunner3/netcore/" className="SonnetDB.Parity.Runner.ResultDifferTests" name="DiffSqlResults_WithTimeBucketContract_NormalizesWindowStopOnEitherSide" />
    </UnitTest>
    <UnitTest name="SonnetDB.Parity.Runner.ResultDifferTests.DiffSqlResults_WithBucketAlias_AcceptsEquivalentTimeColumnName" storage="/home/runner/work/sonnetdb/sonnetdb/tests/sonnetdb.parity/bin/release/net10.0/sonnetdb.parity.dll" id="ee07b8ae-2701-101a-fee5-0fb9b5b109b4">
      <Execution id="8e4b31a0-bf5c-49f3-ac59-2b4fdc35451e" />
      <TestMethod codeBase="/home/runner/work/SonnetDB/SonnetDB/tests/SonnetDB.Parity/bin/Release/net10.0/SonnetDB.Parity.dll" adapterTypeName="executor://xunit/VsTestRunner3/netcore/" className="SonnetDB.Parity.Runner.ResultDifferTests" name="DiffSqlResults_WithBucketAlias_AcceptsEquivalentTimeColumnName" />
    </UnitTest>
    <UnitTest name="SonnetDB.Parity.Runner.ParityRunner.VectorSuite_SonnetDbMatchesQdrant" storage="/home/runner/work/sonnetdb/sonnetdb/tests/sonnetdb.parity/bin/release/net10.0/sonnetdb.parity.dll" id="6cfb7d90-74fc-c7a3-287d-37b4650aa54d">
      <Execution id="4bf0d8fb-b16a-4f8c-91fb-d58ef2da3169" />
      <TestMethod codeBase="/home/runner/work/SonnetDB/SonnetDB/tests/SonnetDB.Parity/bin/Release/net10.0/SonnetDB.Parity.dll" adapterTypeName="executor://xunit/VsTestRunner3/netcore/" className="SonnetDB.Parity.Runner.ParityRunner" name="VectorSuite_SonnetDbMatchesQdrant" />
    </UnitTest>
  </TestDefinitions>
  <TestEntries>
    <TestEntry testId="6cfb7d90-74fc-c7a3-287d-37b4650aa54d" executionId="4bf0d8fb-b16a-4f8c-91fb-d58ef2da3169" testListId="8c84fa94-04c1-424b-9868-57a2d4851a1d" />
    <TestEntry testId="da7990f2-5dd5-68c9-cd8b-83165d59ca0a" executionId="3e4d0eb1-02b7-4bc1-b58c-7090e15e0e9f" testListId="8c84fa94-04c1-424b-9868-57a2d4851a1d" />
    <TestEntry testId="ee07b8ae-2701-101a-fee5-0fb9b5b109b4" executionId="8e4b31a0-bf5c-49f3-ac59-2b4fdc35451e" testListId="8c84fa94-04c1-424b-9868-57a2d4851a1d" />
    <TestEntry testId="56b0765d-9cc2-4c9e-e01f-ce69614fa9ee" executionId="92352b0f-33f7-4504-b9c2-7b6ccb5ffe22" testListId="8c84fa94-04c1-424b-9868-57a2d4851a1d" />
    <TestEntry testId="b2f087cf-30a2-36dc-426f-7c7c70967bf0" executionId="ea1d1b82-7dd1-40c4-8bae-67dfa814943c" testListId="8c84fa94-04c1-424b-9868-57a2d4851a1d" />
    <TestEntry testId="66e61c5f-c702-a767-f8b5-e32fbd491049" executionId="5ee61121-9416-4d3f-ad14-1fda5615cca2" testListId="8c84fa94-04c1-424b-9868-57a2d4851a1d" />
    <TestEntry testId="7a2f4258-eca0-9ab2-de74-b48e51c31b91" executionId="8e77769b-a121-4bae-bc5e-22a55753bbb7" testListId="8c84fa94-04c1-424b-9868-57a2d4851a1d" />
    <TestEntry testId="45a94119-4f7f-2202-c475-1c2e4d283298" executionId="5e4aa6d2-9aad-43ff-a4b1-85f4db2cbccb" testListId="8c84fa94-04c1-424b-9868-57a2d4851a1d" />
    <TestEntry testId="707c162a-e09a-96a2-445c-c45322d5e8e8" executionId="90062624-a5b5-4854-b805-f22dcff2f272" testListId="8c84fa94-04c1-424b-9868-57a2d4851a1d" />
    <TestEntry testId="9d48f0d2-2ffa-3aeb-e036-ad27082d0bb4" executionId="e4bb15b8-4137-4091-8728-ea2c0e40cfdb" testListId="8c84fa94-04c1-424b-9868-57a2d4851a1d" />
    <TestEntry testId="326f18ea-ff47-0d78-2a31-253eef3e3b9d" executionId="1bafe528-8306-4674-ae2b-60a0690e8e2b" testListId="8c84fa94-04c1-424b-9868-57a2d4851a1d" />
    <TestEntry testId="acb2f3ab-260f-16f2-daed-19b4d6b5945b" executionId="30f40350-d6f3-4759-bad3-d9293b682ca7" testListId="8c84fa94-04c1-424b-9868-57a2d4851a1d" />
    <TestEntry testId="66a88082-7872-fe6d-92d1-1ef9f0689ba7" executionId="0a5105ff-38ff-4a76-b6de-a720aee92db6" testListId="8c84fa94-04c1-424b-9868-57a2d4851a1d" />
    <TestEntry testId="da0cedfe-ae28-1d5e-524f-235c86149b72" executionId="44b32813-3e69-4462-b5aa-7ed5da73ab2d" testListId="8c84fa94-04c1-424b-9868-57a2d4851a1d" />
    <TestEntry testId="e7b8d2f1-2350-3ae7-4d72-5c147a8fd3cb" executionId="260db7a3-87d0-4a08-a605-245868a19a58" testListId="8c84fa94-04c1-424b-9868-57a2d4851a1d" />
    <TestEntry testId="0c4b18d7-aafc-8287-45d4-75233304d011" executionId="70f06594-3872-41aa-b765-556d92e8ce7f" testListId="8c84fa94-04c1-424b-9868-57a2d4851a1d" />
    <TestEntry testId="a3dce82f-2060-f755-ba41-589eaef086cf" executionId="c08c2922-2be7-4221-960c-11ea62bad686" testListId="8c84fa94-04c1-424b-9868-57a2d4851a1d" />
  </TestEntries>
  <TestLists>
    <TestList name="Results Not in a List" id="8c84fa94-04c1-424b-9868-57a2d4851a1d" />
    <TestList name="All Loaded Results" id="19431567-8539-422a-85d7-44ee4e166bda" />
  </TestLists>
  <ResultSummary outcome="Failed">
    <Counters total="17" executed="17" passed="13" failed="4" error="0" timeout="0" aborted="0" inconclusive="0" passedButRunAborted="0" notRunnable="0" notExecuted="0" disconnected="0" warning="0" completed="0" inProgress="0" pending="0" />
    <Output>
      <StdOut>[xUnit.net 00:00:00.00] xUnit.net VSTest Adapter v3.1.5+1b188a7b0a (64-bit .NET 10.0.11)
[xUnit.net 00:00:00.08]   Discovering: SonnetDB.Parity
[xUnit.net 00:00:00.26]   Discovered:  SonnetDB.Parity
[xUnit.net 00:00:00.28]   Starting:    SonnetDB.Parity
{"Timestamp":"2026-09-05T06:56:05.471Z","EventId":14,"LogLevel":"Information","Category":"Microsoft.Hosting.Lifetime","Message":"Now listening on: http://127.0.0.1:45559","State":{"address":"http://127.0.0.1:45559","{OriginalFormat}":"Now listening on: {address}"},"Scopes":[]}
{"Timestamp":"2026-09-05T06:56:05.472Z","EventId":0,"LogLevel":"Information","Category":"Microsoft.Hosting.Lifetime","Message":"Application started. Press Ctrl\u002BC to shut down.","State":{"{OriginalFormat}":"Application started. Press Ctrl\u002BC to shut down."},"Scopes":[]}
{"Timestamp":"2026-09-05T06:56:05.473Z","EventId":0,"LogLevel":"Information","Category":"Microsoft.Hosting.Lifetime","Message":"Hosting environment: Production","State":{"EnvName":"Production","{OriginalFormat}":"Hosting environment: {EnvName}"},"Scopes":[]}
{"Timestamp":"2026-09-05T06:56:05.473Z","EventId":0,"LogLevel":"Information","Category":"Microsoft.Hosting.Lifetime","Message":"Content root path: /tmp/sonnetdb-parity-host-160a743e70184e5a95b18ac8967af1c7","State":{"ContentRoot":"/tmp/sonnetdb-parity-host-160a743e70184e5a95b18ac8967af1c7","{OriginalFormat}":"Content root path: {ContentRoot}"},"Scopes":[]}
{"Timestamp":"2026-09-05T06:56:05.532Z","EventId":1,"LogLevel":"Information","Category":"Microsoft.AspNetCore.Hosting.Diagnostics","Message":"Request starting HTTP/1.1 POST http://127.0.0.1:45559/v1/db - application/json;\u002Bcharset=utf-8 27","State":{"Protocol":"HTTP/1.1","Method":"POST","ContentType":"application/json; charset=utf-8","ContentLength":27,"Scheme":"http","Host":"127.0.0.1:45559","PathBase":"","Path":"/v1/db","QueryString":"","{OriginalFormat}":"Request starting {Protocol} {Method} {Scheme}://{Host}{PathBase}{Path}{QueryString} - {ContentType} {ContentLength}"},"Scopes":[{"Message":"SpanId:ecc68a08e44cc380, TraceId:c28727e4724f377c62d865124889a42f, ParentId:2eae3d0ab899fa52","SpanId":"ecc68a08e44cc380","TraceId":"c28727e4724f377c62d865124889a42f","ParentId":"2eae3d0ab899fa52"},{"Message":"http.request.method:POST, server.address:127.0.0.1, server.port:45559, url.scheme:http, url.path:/v1/db, network.protocol.version:1.1","http.request.method":"POST","server.address":"127.0.0.1","server.port":45559,"url.scheme":"http","url.path":"/v1/db","network.protocol.version":"1.1"},{"Message":"ConnectionId:0HNOB3B0PG9V6","ConnectionId":"0HNOB3B0PG9V6"},{"Message":"RequestPath:/v1/db RequestId:0HNOB3B0PG9V6:00000001","RequestId":"0HNOB3B0PG9V6:00000001","RequestPath":"/v1/db"}]}
{"Timestamp":"2026-09-05T06:56:05.578Z","EventId":0,"LogLevel":"Information","Category":"Microsoft.AspNetCore.Routing.EndpointMiddleware","Message":"Executing endpoint \u0027HTTP: POST /v1/db\u0027","State":{"EndpointName":"HTTP: POST /v1/db","{OriginalFormat}":"Executing endpoint \u0027{EndpointName}\u0027"},"Scopes":[{"Message":"SpanId:ecc68a08e44cc380, TraceId:c28727e4724f377c62d865124889a42f, ParentId:2eae3d0ab899fa52","SpanId":"ecc68a08e44cc380","TraceId":"c28727e4724f377c62d865124889a42f","ParentId":"2eae3d0ab899fa52"},{"Message":"http.request.method:POST, server.address:127.0.0.1, server.port:45559, url.scheme:http, url.path:/v1/db, network.protocol.version:1.1","http.request.method":"POST","server.address":"127.0.0.1","server.port":45559,"url.scheme":"http","url.path":"/v1/db","network.protocol.version":"1.1"},{"Message":"ConnectionId:0HNOB3B0PG9V6","ConnectionId":"0HNOB3B0PG9V6"},{"Message":"RequestPath:/v1/db RequestId:0HNOB3B0PG9V6:00000001","RequestId":"0HNOB3B0PG9V6:00000001","RequestPath":"/v1/db"}]}
{"Timestamp":"2026-09-05T06:56:05.634Z","EventId":1,"LogLevel":"Information","Category":"Microsoft.AspNetCore.Http.Result.JsonResult","Message":"Setting HTTP status code 201.","State":{"StatusCode":201,"{OriginalFormat}":"Setting HTTP status code {StatusCode}."},"Scopes":[{"Message":"SpanId:ecc68a08e44cc380, TraceId:c28727e4724f377c62d865124889a42f, ParentId:2eae3d0ab899fa52","SpanId":"ecc68a08e44cc380","TraceId":"c28727e4724f377c62d865124889a42f","ParentId":"2eae3d0ab899fa52"},{"Message":"http.request.method:POST, server.address:127.0.0.1, server.port:45559, url.scheme:http, url.path:/v1/db, network.protocol.version:1.1","http.request.method":"POST","server.address":"127.0.0.1","server.port":45559,"url.scheme":"http","url.path":"/v1/db","network.protocol.version":"1.1"},{"Message":"ConnectionId:0HNOB3B0PG9V6","ConnectionId":"0HNOB3B0PG9V6"},{"Message":"RequestPath:/v1/db RequestId:0HNOB3B0PG9V6:00000001","RequestId":"0HNOB3B0PG9V6:00000001","RequestPath":"/v1/db"}]}
{"Timestamp":"2026-09-05T06:56:05.634Z","EventId":3,"LogLevel":"Information","Category":"Microsoft.AspNetCore.Http.Result.JsonResult","Message":"Writing value of type \u0027DatabaseOperationResponse\u0027 as Json.","State":{"Type":"DatabaseOperationResponse","{OriginalFormat}":"Writing value of type \u0027{Type}\u0027 as Json."},"Scopes":[{"Message":"SpanId:ecc68a08e44cc380, TraceId:c28727e4724f377c62d865124889a42f, ParentId:2eae3d0ab899fa52","SpanId":"ecc68a08e44cc380","TraceId":"c28727e4724f377c62d865124889a42f","ParentId":"2eae3d0ab899fa52"},{"Message":"http.request.method:POST, server.address:127.0.0.1, server.port:45559, url.scheme:http, url.path:/v1/db, network.protocol.version:1.1","http.request.method":"POST","server.address":"127.0.0.1","server.port":45559,"url.scheme":"http","url.path":"/v1/db","network.protocol.version":"1.1"},{"Message":"ConnectionId:0HNOB3B0PG9V6","ConnectionId":"0HNOB3B0PG9V6"},{"Message":"RequestPath:/v1/db RequestId:0HNOB3B0PG9V6:00000001","RequestId":"0HNOB3B0PG9V6:00000001","RequestPath":"/v1/db"}]}
{"Timestamp":"2026-09-05T06:56:05.652Z","EventId":1,"LogLevel":"Information","Category":"Microsoft.AspNetCore.Routing.EndpointMiddleware","Message":"Executed endpoint \u0027HTTP: POST /v1/db\u0027","State":{"EndpointName":"HTTP: POST /v1/db","{OriginalFormat}":"Executed endpoint \u0027{EndpointName}\u0027"},"Scopes":[{"Message":"SpanId:ecc68a08e44cc380, TraceId:c28727e4724f377c62d865124889a42f, ParentId:2eae3d0ab899fa52","SpanId":"ecc68a08e44cc380","TraceId":"c28727e4724f377c62d865124889a42f","ParentId":"2eae3d0ab899fa52"},{"Message":"http.request.method:POST, server.address:127.0.0.1, server.port:45559, url.scheme:http, url.path:/v1/db, network.protocol.version:1.1","http.request.method":"POST","server.address":"127.0.0.1","server.port":45559,"url.scheme":"http","url.path":"/v1/db","network.protocol.version":"1.1"},{"Message":"ConnectionId:0HNOB3B0PG9V6","ConnectionId":"0HNOB3B0PG9V6"},{"Message":"RequestPath:/v1/db RequestId:0HNOB3B0PG9V6:00000001","RequestId":"0HNOB3B0PG9V6:00000001","RequestPath":"/v1/db"}]}
{"Timestamp":"2026-09-05T06:56:05.653Z","EventId":2,"LogLevel":"Information","Category":"Microsoft.AspNetCore.Hosting.Diagnostics","Message":"Request finished HTTP/1.1 POST http://127.0.0.1:45559/v1/db - 201 - application/json;\u002Bcharset=utf-8 121.3023ms","State":{"ElapsedMilliseconds":121.3023,"StatusCode":201,"ContentType":"application/json; charset=utf-8","ContentLength":null,"Protocol":"HTTP/1.1","Method":"POST","Scheme":"http","Host":"127.0.0.1:45559","PathBase":"","Path":"/v1/db","QueryString":"","{OriginalFormat}":"Request finished {Protocol} {Method} {Scheme}://{Host}{PathBase}{Path}{QueryString} - {StatusCode} {ContentLength} {ContentType} {ElapsedMilliseconds}ms"},"Scopes":[{"Message":"SpanId:ecc68a08e44cc380, TraceId:c28727e4724f377c62d865124889a42f, ParentId:2eae3d0ab899fa52","SpanId":"ecc68a08e44cc380","TraceId":"c28727e4724f377c62d865124889a42f","ParentId":"2eae3d0ab899fa52"},{"Message":"http.request.method:POST, server.address:127.0.0.1, server.port:45559, url.scheme:http, url.path:/v1/db, network.protocol.version:1.1","http.request.method":"POST","server.address":"127.0.0.1","server.port":45559,"url.scheme":"http","url.path":"/v1/db","network.protocol.version":"1.1"},{"Message":"ConnectionId:0HNOB3B0PG9V6","ConnectionId":"0HNOB3B0PG9V6"},{"Message":"RequestPath:/v1/db RequestId:0HNOB3B0PG9V6:00000001","RequestId":"0HNOB3B0PG9V6:00000001","RequestPath":"/v1/db"}]}
{"Timestamp":"2026-09-05T06:56:05.694Z","EventId":0,"LogLevel":"Information","Category":"Microsoft.Hosting.Lifetime","Message":"Application is shutting down...","State":{"{OriginalFormat}":"Application is shutting down..."},"Scopes":[]}
[xUnit.net 00:00:02.17]       SonnetDB.Data.SndbServerException : [200 OK] frame_transport_error: 帧端点连接失败：The HTTP/2 server closed the connection. HTTP/2 error code 'HTTP_1_1_REQUIRED' (0xd). (HttpProtocolError)
[xUnit.net 00:00:02.17]       Stack Trace:
[xUnit.net 00:00:02.17]         /home/runner/work/SonnetDB/SonnetDB/src/SonnetDB.Data/Remote/FrameChannel.cs(113,0): at SonnetDB.Data.Remote.FrameChannel.HandleTransportFailure(String message)
[xUnit.net 00:00:02.17]         /home/runner/work/SonnetDB/SonnetDB/src/SonnetDB.Data/Remote/FrameChannel.cs(80,0): at SonnetDB.Data.Remote.FrameChannel.TrySendAsync(ReadOnlyMemory`1 requestFrames, CancellationToken cancellationToken)
[xUnit.net 00:00:02.17]         /home/runner/work/SonnetDB/SonnetDB/src/SonnetDB.Data/Remote/FrameChannel.cs(92,0): at SonnetDB.Data.Remote.FrameChannel.SendUnaryAsync(ReadOnlyMemory`1 requestFrame, CancellationToken cancellationToken)
[xUnit.net 00:00:02.17]         /home/runner/work/SonnetDB/SonnetDB/src/SonnetDB.Data/Mq/SndbMqClient.cs(68,0): at SonnetDB.Data.Mq.SndbMqClient.PublishAsync(String topic, Byte[] payload, IReadOnlyDictionary`2 headers, CancellationToken cancellationToken)
[xUnit.net 00:00:02.17]         /home/runner/work/SonnetDB/SonnetDB/tests/SonnetDB.Parity/runner/FrameRestTransportParitySuite.cs(108,0): at SonnetDB.Parity.Runner.FrameRestTransportParitySuite.ExerciseMqAsync(String protocol, String topic)
[xUnit.net 00:00:02.17]         /home/runner/work/SonnetDB/SonnetDB/tests/SonnetDB.Parity/runner/FrameRestTransportParitySuite.cs(96,0): at SonnetDB.Parity.Runner.FrameRestTransportParitySuite.AssertMqParityAsync()
[xUnit.net 00:00:02.17]         /home/runner/work/SonnetDB/SonnetDB/tests/SonnetDB.Parity/runner/FrameRestTransportParitySuite.cs(85,0): at SonnetDB.Parity.Runner.FrameRestTransportParitySuite.FrameHttp2_And_Rest_AreSemanticallyEquivalent_ForAllServices()
[xUnit.net 00:00:02.17]         --- End of stack trace from previous location ---
[xUnit.net 00:00:52.86]       Assert.Empty() Failure: Collection was not empty
[xUnit.net 00:00:52.86]       Collection: ["victoriametrics TSDB 场景 ingest_1m_points 自检未通过。", "SonnetDB 与 victoriametrics 场景 groupby_time_window "···, "SonnetDB 与 influxdb 场景 derivative_accuracy 结果超出容差："···, "SonnetDB 与 victoriametrics 场景 derivative_accuracy "···, "SonnetDB 与 influxdb 场景 rate_irate_consistency 结果超出"···, ···]
[xUnit.net 00:00:52.86]       Stack Trace:
[xUnit.net 00:00:52.86]         /home/runner/work/SonnetDB/SonnetDB/tests/SonnetDB.Parity/runner/ParityRunner.cs(180,0): at SonnetDB.Parity.Runner.ParityRunner.TsdbSuite_SonnetDbMatchesInfluxDbAndVictoriaMetrics()
[xUnit.net 00:00:52.86]         /home/runner/work/SonnetDB/SonnetDB/tests/SonnetDB.Parity/runner/ParityRunner.cs(180,0): at SonnetDB.Parity.Runner.ParityRunner.TsdbSuite_SonnetDbMatchesInfluxDbAndVictoriaMetrics()
[xUnit.net 00:00:52.86]         --- End of stack trace from previous location ---
[xUnit.net 00:00:54.26]       Assert.Empty() Failure: Collection was not empty
[xUnit.net 00:00:54.26]       Collection: ["qdrant 场景 ann_recall_at_10 自检未通过。", "qdrant 场景 filtered_search 自检未通过。", "qdrant 场景 upsert_during_query 自检未通过。"]
[xUnit.net 00:00:54.26]       Stack Trace:
[xUnit.net 00:00:54.26]         /home/runner/work/SonnetDB/SonnetDB/tests/SonnetDB.Parity/runner/ParityRunner.cs(298,0): at SonnetDB.Parity.Runner.ParityRunner.VectorSuite_SonnetDbMatchesQdrant()
[xUnit.net 00:00:54.26]         /home/runner/work/SonnetDB/SonnetDB/tests/SonnetDB.Parity/runner/ParityRunner.cs(298,0): at SonnetDB.Parity.Runner.ParityRunner.VectorSuite_SonnetDbMatchesQdrant()
[xUnit.net 00:00:54.26]         --- End of stack trace from previous location ---
[xUnit.net 00:01:40.17]       Assert.Empty() Failure: Collection was not empty
[xUnit.net 00:01:40.17]       Collection: ["meilisearch 场景 index_1m_documents 自检未通过。", "meilisearch 场景 bm25_ranking_top10_overlap 自检未通过。", "meilisearch 场景 cjk_tokenize_correctness 自检未通过。", "meilisearch 场景 facet_filter_query 自检未通过。", "meilisearch 场景 incremental_update_during_query 自检未"···, ···]
[xUnit.net 00:01:40.17]       Stack Trace:
[xUnit.net 00:01:40.17]         /home/runner/work/SonnetDB/SonnetDB/tests/SonnetDB.Parity/runner/ParityRunner.cs(475,0): at SonnetDB.Parity.Runner.ParityRunner.FullTextSuite_SonnetDbMatchesMeilisearch()
[xUnit.net 00:01:40.17]         /home/runner/work/SonnetDB/SonnetDB/tests/SonnetDB.Parity/runner/ParityRunner.cs(475,0): at SonnetDB.Parity.Runner.ParityRunner.FullTextSuite_SonnetDbMatchesMeilisearch()
[xUnit.net 00:01:40.17]         --- End of stack trace from previous location ---
{"Timestamp":"2026-09-05T06:57:45.348Z","EventId":0,"LogLevel":"Information","Category":"SonnetDB.Coap","Message":"CoAP \u660E\u6587 UDP \u76D1\u542C\u5DF2\u542F\u7528\uFF1A0.0.0.0:56800","State":{"Port":56800,"{OriginalFormat}":"CoAP \u660E\u6587 UDP \u76D1\u542C\u5DF2\u542F\u7528\uFF1A0.0.0.0:{Port}"},"Scopes":[]}
{"Timestamp":"2026-09-05T06:57:45.478Z","EventId":14,"LogLevel":"Information","Category":"Microsoft.Hosting.Lifetime","Message":"Now listening on: http://[::]:37063","State":{"address":"http://[::]:37063","{OriginalFormat}":"Now listening on: {address}"},"Scopes":[]}
{"Timestamp":"2026-09-05T06:57:45.478Z","EventId":14,"LogLevel":"Information","Category":"Microsoft.Hosting.Lifetime","Message":"Now listening on: http://127.0.0.1:36437","State":{"address":"http://127.0.0.1:36437","{OriginalFormat}":"Now listening on: {address}"},"Scopes":[]}
{"Timestamp":"2026-09-05T06:57:45.478Z","EventId":1012,"LogLevel":"Information","Category":"SonnetDB.LineProtocolUdp.LineProtocolUdpListenerService","Message":"Line Protocol UDP \u76D1\u542C\u5DF2\u542F\u7528\uFF1A0.0.0.0:37000 -\u003E database \u0027protocol_udp\u0027\uFF0C\u65E0\u9274\u6743/\u65E0 ack\uFF0C\u4EC5\u9650\u53EF\u4FE1\u5185\u7F51","State":{"Port":37000,"Database":"protocol_udp","{OriginalFormat}":"Line Protocol UDP \u76D1\u542C\u5DF2\u542F\u7528\uFF1A0.0.0.0:{Port} -\u003E database \u0027{Database}\u0027\uFF0C\u65E0\u9274\u6743/\u65E0 ack\uFF0C\u4EC5\u9650\u53EF\u4FE1\u5185\u7F51"},"Scopes":[]}
{"Timestamp":"2026-09-05T06:57:45.482Z","EventId":0,"LogLevel":"Information","Category":"Microsoft.Hosting.Lifetime","Message":"Application started. Press Ctrl\u002BC to shut down.","State":{"{OriginalFormat}":"Application started. Press Ctrl\u002BC to shut down."},"Scopes":[]}
{"Timestamp":"2026-09-05T06:57:45.482Z","EventId":0,"LogLevel":"Information","Category":"Microsoft.Hosting.Lifetime","Message":"Hosting environment: Production","State":{"EnvName":"Production","{OriginalFormat}":"Hosting environment: {EnvName}"},"Scopes":[]}
{"Timestamp":"2026-09-05T06:57:45.482Z","EventId":0,"LogLevel":"Information","Category":"Microsoft.Hosting.Lifetime","Message":"Content root path: /tmp/sndb-protocol-parity-host-9e86ce83c6ae4f89a2354cf3f6878725","State":{"ContentRoot":"/tmp/sndb-protocol-parity-host-9e86ce83c6ae4f89a2354cf3f6878725","{OriginalFormat}":"Content root path: {ContentRoot}"},"Scopes":[]}
{"Timestamp":"2026-09-05T06:57:45.489Z","EventId":1,"LogLevel":"Information","Category":"Microsoft.AspNetCore.Hosting.Diagnostics","Message":"Request starting HTTP/1.1 GET http://127.0.0.1:36437/healthz - - -","State":{"Protocol":"HTTP/1.1","Method":"GET","ContentType":null,"ContentLength":null,"Scheme":"http","Host":"127.0.0.1:36437","PathBase":"","Path":"/healthz","QueryString":"","{OriginalFormat}":"Request starting {Protocol} {Method} {Scheme}://{Host}{PathBase}{Path}{QueryString} - {ContentType} {ContentLength}"},"Scopes":[{"Message":"SpanId:df257c2896c15c50, TraceId:b65821c931413c4badbc9baf8fee3c0d, ParentId:54e42f608f0adc68","SpanId":"df257c2896c15c50","TraceId":"b65821c931413c4badbc9baf8fee3c0d","ParentId":"54e42f608f0adc68"},{"Message":"http.request.method:GET, server.address:127.0.0.1, server.port:36437, url.scheme:http, url.path:/healthz, network.protocol.version:1.1","http.request.method":"GET","server.address":"127.0.0.1","server.port":36437,"url.scheme":"http","url.path":"/healthz","network.protocol.version":"1.1"},{"Message":"ConnectionId:0HNOB3B0PG9V9","ConnectionId":"0HNOB3B0PG9V9"},{"Message":"RequestPath:/healthz RequestId:0HNOB3B0PG9V9:00000001","RequestId":"0HNOB3B0PG9V9:00000001","RequestPath":"/healthz"}]}
{"Timestamp":"2026-09-05T06:57:45.493Z","EventId":0,"LogLevel":"Information","Category":"Microsoft.AspNetCore.Routing.EndpointMiddleware","Message":"Executing endpoint \u0027HTTP: GET /healthz\u0027","State":{"EndpointName":"HTTP: GET /healthz","{OriginalFormat}":"Executing endpoint \u0027{EndpointName}\u0027"},"Scopes":[{"Message":"SpanId:df257c2896c15c50, TraceId:b65821c931413c4badbc9baf8fee3c0d, ParentId:54e42f608f0adc68","SpanId":"df257c2896c15c50","TraceId":"b65821c931413c4badbc9baf8fee3c0d","ParentId":"54e42f608f0adc68"},{"Message":"http.request.method:GET, server.address:127.0.0.1, server.port:36437, url.scheme:http, url.path:/healthz, network.protocol.version:1.1","http.request.method":"GET","server.address":"127.0.0.1","server.port":36437,"url.scheme":"http","url.path":"/healthz","network.protocol.version":"1.1"},{"Message":"ConnectionId:0HNOB3B0PG9V9","ConnectionId":"0HNOB3B0PG9V9"},{"Message":"RequestPath:/healthz RequestId:0HNOB3B0PG9V9:00000001","RequestId":"0HNOB3B0PG9V9:00000001","RequestPath":"/healthz"}]}
{"Timestamp":"2026-09-05T06:57:45.495Z","EventId":3,"LogLevel":"Information","Category":"Microsoft.AspNetCore.Http.Result.JsonResult","Message":"Writing value of type \u0027HealthResponse\u0027 as Json.","State":{"Type":"HealthResponse","{OriginalFormat}":"Writing value of type \u0027{Type}\u0027 as Json."},"Scopes":[{"Message":"SpanId:df257c2896c15c50, TraceId:b65821c931413c4badbc9baf8fee3c0d, ParentId:54e42f608f0adc68","SpanId":"df257c2896c15c50","TraceId":"b65821c931413c4badbc9baf8fee3c0d","ParentId":"54e42f608f0adc68"},{"Message":"http.request.method:GET, server.address:127.0.0.1, server.port:36437, url.scheme:http, url.path:/healthz, network.protocol.version:1.1","http.request.method":"GET","server.address":"127.0.0.1","server.port":36437,"url.scheme":"http","url.path":"/healthz","network.protocol.version":"1.1"},{"Message":"ConnectionId:0HNOB3B0PG9V9","ConnectionId":"0HNOB3B0PG9V9"},{"Message":"RequestPath:/healthz RequestId:0HNOB3B0PG9V9:00000001","RequestId":"0HNOB3B0PG9V9:00000001","RequestPath":"/healthz"}]}
{"Timestamp":"2026-09-05T06:57:45.495Z","EventId":1,"LogLevel":"Information","Category":"Microsoft.AspNetCore.Routing.EndpointMiddleware","Message":"Executed endpoint \u0027HTTP: GET /healthz\u0027","State":{"EndpointName":"HTTP: GET /healthz","{OriginalFormat}":"Executed endpoint \u0027{EndpointName}\u0027"},"Scopes":[{"Message":"SpanId:df257c2896c15c50, TraceId:b65821c931413c4badbc9baf8fee3c0d, ParentId:54e42f608f0adc68","SpanId":"df257c2896c15c50","TraceId":"b65821c931413c4badbc9baf8fee3c0d","ParentId":"54e42f608f0adc68"},{"Message":"http.request.method:GET, server.address:127.0.0.1, server.port:36437, url.scheme:http, url.path:/healthz, network.protocol.version:1.1","http.request.method":"GET","server.address":"127.0.0.1","server.port":36437,"url.scheme":"http","url.path":"/healthz","network.protocol.version":"1.1"},{"Message":"ConnectionId:0HNOB3B0PG9V9","ConnectionId":"0HNOB3B0PG9V9"},{"Message":"RequestPath:/healthz RequestId:0HNOB3B0PG9V9:00000001","RequestId":"0HNOB3B0PG9V9:00000001","RequestPath":"/healthz"}]}
{"Timestamp":"2026-09-05T06:57:45.496Z","EventId":2,"LogLevel":"Information","Category":"Microsoft.AspNetCore.Hosting.Diagnostics","Message":"Request finished HTTP/1.1 GET http://127.0.0.1:36437/healthz - 200 - application/json;\u002Bcharset=utf-8 6.6988ms","State":{"ElapsedMilliseconds":6.6988,"StatusCode":200,"ContentType":"application/json; charset=utf-8","ContentLength":null,"Protocol":"HTTP/1.1","Method":"GET","Scheme":"http","Host":"127.0.0.1:36437","PathBase":"","Path":"/healthz","QueryString":"","{OriginalFormat}":"Request finished {Protocol} {Method} {Scheme}://{Host}{PathBase}{Path}{QueryString} - {StatusCode} {ContentLength} {ContentType} {ElapsedMilliseconds}ms"},"Scopes":[{"Message":"SpanId:df257c2896c15c50, TraceId:b65821c931413c4badbc9baf8fee3c0d, ParentId:54e42f608f0adc68","SpanId":"df257c2896c15c50","TraceId":"b65821c931413c4badbc9baf8fee3c0d","ParentId":"54e42f608f0adc68"},{"Message":"http.request.method:GET, server.address:127.0.0.1, server.port:36437, url.scheme:http, url.path:/healthz, network.protocol.version:1.1","http.request.method":"GET","server.address":"127.0.0.1","server.port":36437,"url.scheme":"http","url.path":"/healthz","network.protocol.version":"1.1"},{"Message":"ConnectionId:0HNOB3B0PG9V9","ConnectionId":"0HNOB3B0PG9V9"},{"Message":"RequestPath:/healthz RequestId:0HNOB3B0PG9V9:00000001","RequestId":"0HNOB3B0PG9V9:00000001","RequestPath":"/healthz"}]}
{"Timestamp":"2026-09-05T06:57:45.498Z","EventId":1,"LogLevel":"Information","Category":"Microsoft.AspNetCore.Hosting.Diagnostics","Message":"Request starting HTTP/1.1 POST http://127.0.0.1:36437/v1/db - application/json;\u002Bcharset=utf-8 24","State":{"Protocol":"HTTP/1.1","Method":"POST","ContentType":"application/json; charset=utf-8","ContentLength":24,"Scheme":"http","Host":"127.0.0.1:36437","PathBase":"","Path":"/v1/db","QueryString":"","{OriginalFormat}":"Request starting {Protocol} {Method} {Scheme}://{Host}{PathBase}{Path}{QueryString} - {ContentType} {ContentLength}"},"Scopes":[{"Message":"SpanId:6ddca5d120a0a0bb, TraceId:e640a9cf7cce1749d80de2d0dbe3e483, ParentId:a6058cdee40762a1","SpanId":"6ddca5d120a0a0bb","TraceId":"e640a9cf7cce1749d80de2d0dbe3e483","ParentId":"a6058cdee40762a1"},{"Message":"http.request.method:POST, server.address:127.0.0.1, server.port:36437, url.scheme:http, url.path:/v1/db, network.protocol.version:1.1","http.request.method":"POST","server.address":"127.0.0.1","server.port":36437,"url.scheme":"http","url.path":"/v1/db","network.protocol.version":"1.1"},{"Message":"ConnectionId:0HNOB3B0PG9VA","ConnectionId":"0HNOB3B0PG9VA"},{"Message":"RequestPath:/v1/db RequestId:0HNOB3B0PG9VA:00000001","RequestId":"0HNOB3B0PG9VA:00000001","RequestPath":"/v1/db"}]}
{"Timestamp":"2026-09-05T06:57:45.499Z","EventId":0,"LogLevel":"Information","Category":"Microsoft.AspNetCore.Routing.EndpointMiddleware","Message":"Executing endpoint \u0027HTTP: POST /v1/db\u0027","State":{"EndpointName":"HTTP: POST /v1/db","{OriginalFormat}":"Executing endpoint \u0027{EndpointName}\u0027"},"Scopes":[{"Message":"SpanId:6ddca5d120a0a0bb, TraceId:e640a9cf7cce1749d80de2d0dbe3e483, ParentId:a6058cdee40762a1","SpanId":"6ddca5d120a0a0bb","TraceId":"e640a9cf7cce1749d80de2d0dbe3e483","ParentId":"a6058cdee40762a1"},{"Message":"http.request.method:POST, server.address:127.0.0.1, server.port:36437, url.scheme:http, url.path:/v1/db, network.protocol.version:1.1","http.request.method":"POST","server.address":"127.0.0.1","server.port":36437,"url.scheme":"http","url.path":"/v1/db","network.protocol.version":"1.1"},{"Message":"ConnectionId:0HNOB3B0PG9VA","ConnectionId":"0HNOB3B0PG9VA"},{"Message":"RequestPath:/v1/db RequestId:0HNOB3B0PG9VA:00000001","RequestId":"0HNOB3B0PG9VA:00000001","RequestPath":"/v1/db"}]}
{"Timestamp":"2026-09-05T06:57:45.501Z","EventId":1,"LogLevel":"Information","Category":"Microsoft.AspNetCore.Http.Result.JsonResult","Message":"Setting HTTP status code 201.","State":{"StatusCode":201,"{OriginalFormat}":"Setting HTTP status code {StatusCode}."},"Scopes":[{"Message":"SpanId:6ddca5d120a0a0bb, TraceId:e640a9cf7cce1749d80de2d0dbe3e483, ParentId:a6058cdee40762a1","SpanId":"6ddca5d120a0a0bb","TraceId":"e640a9cf7cce1749d80de2d0dbe3e483","ParentId":"a6058cdee40762a1"},{"Message":"http.request.method:POST, server.address:127.0.0.1, server.port:36437, url.scheme:http, url.path:/v1/db, network.protocol.version:1.1","http.request.method":"POST","server.address":"127.0.0.1","server.port":36437,"url.scheme":"http","url.path":"/v1/db","network.protocol.version":"1.1"},{"Message":"ConnectionId:0HNOB3B0PG9VA","ConnectionId":"0HNOB3B0PG9VA"},{"Message":"RequestPath:/v1/db RequestId:0HNOB3B0PG9VA:00000001","RequestId":"0HNOB3B0PG9VA:00000001","RequestPath":"/v1/db"}]}
{"Timestamp":"2026-09-05T06:57:45.501Z","EventId":3,"LogLevel":"Information","Category":"Microsoft.AspNetCore.Http.Result.JsonResult","Message":"Writing value of type \u0027DatabaseOperationResponse\u0027 as Json.","State":{"Type":"DatabaseOperationResponse","{OriginalFormat}":"Writing value of type \u0027{Type}\u0027 as Json."},"Scopes":[{"Message":"SpanId:6ddca5d120a0a0bb, TraceId:e640a9cf7cce1749d80de2d0dbe3e483, ParentId:a6058cdee40762a1","SpanId":"6ddca5d120a0a0bb","TraceId":"e640a9cf7cce1749d80de2d0dbe3e483","ParentId":"a6058cdee40762a1"},{"Message":"http.request.method:POST, server.address:127.0.0.1, server.port:36437, url.scheme:http, url.path:/v1/db, network.protocol.version:1.1","http.request.method":"POST","server.address":"127.0.0.1","server.port":36437,"url.scheme":"http","url.path":"/v1/db","network.protocol.version":"1.1"},{"Message":"ConnectionId:0HNOB3B0PG9VA","ConnectionId":"0HNOB3B0PG9VA"},{"Message":"RequestPath:/v1/db RequestId:0HNOB3B0PG9VA:00000001","RequestId":"0HNOB3B0PG9VA:00000001","RequestPath":"/v1/db"}]}
{"Timestamp":"2026-09-05T06:57:45.501Z","EventId":1,"LogLevel":"Information","Category":"Microsoft.AspNetCore.Routing.EndpointMiddleware","Message":"Executed endpoint \u0027HTTP: POST /v1/db\u0027","State":{"EndpointName":"HTTP: POST /v1/db","{OriginalFormat}":"Executed endpoint \u0027{EndpointName}\u0027"},"Scopes":[{"Message":"SpanId:6ddca5d120a0a0bb, TraceId:e640a9cf7cce1749d80de2d0dbe3e483, ParentId:a6058cdee40762a1","SpanId":"6ddca5d120a0a0bb","TraceId":"e640a9cf7cce1749d80de2d0dbe3e483","ParentId":"a6058cdee40762a1"},{"Message":"http.request.method:POST, server.address:127.0.0.1, server.port:36437, url.scheme:http, url.path:/v1/db, network.protocol.version:1.1","http.request.method":"POST","server.address":"127.0.0.1","server.port":36437,"url.scheme":"http","url.path":"/v1/db","network.protocol.version":"1.1"},{"Message":"ConnectionId:0HNOB3B0PG9VA","ConnectionId":"0HNOB3B0PG9VA"},{"Message":"RequestPath:/v1/db RequestId:0HNOB3B0PG9VA:00000001","RequestId":"0HNOB3B0PG9VA:00000001","RequestPath":"/v1/db"}]}
{"Timestamp":"2026-09-05T06:57:45.502Z","EventId":2,"LogLevel":"Information","Category":"Microsoft.AspNetCore.Hosting.Diagnostics","Message":"Request finished HTTP/1.1 POST http://127.0.0.1:36437/v1/db - 201 - application/json;\u002Bcharset=utf-8 3.8456ms","State":{"ElapsedMilliseconds":3.8456,"StatusCode":201,"ContentType":"application/json; charset=utf-8","ContentLength":null,"Protocol":"HTTP/1.1","Method":"POST","Scheme":"http","Host":"127.0.0.1:36437","PathBase":"","Path":"/v1/db","QueryString":"","{OriginalFormat}":"Request finished {Protocol} {Method} {Scheme}://{Host}{PathBase}{Path}{QueryString} - {StatusCode} {ContentLength} {ContentType} {ElapsedMilliseconds}ms"},"Scopes":[{"Message":"SpanId:6ddca5d120a0a0bb, TraceId:e640a9cf7cce1749d80de2d0dbe3e483, ParentId:a6058cdee40762a1","SpanId":"6ddca5d120a0a0bb","TraceId":"e640a9cf7cce1749d80de2d0dbe3e483","ParentId":"a6058cdee40762a1"},{"Message":"http.request.method:POST, server.address:127.0.0.1, server.port:36437, url.scheme:http, url.path:/v1/db, network.protocol.version:1.1","http.request.method":"POST","server.address":"127.0.0.1","server.port":36437,"url.scheme":"http","url.path":"/v1/db","network.protocol.version":"1.1"},{"Message":"ConnectionId:0HNOB3B0PG9VA","ConnectionId":"0HNOB3B0PG9VA"},{"Message":"RequestPath:/v1/db RequestId:0HNOB3B0PG9VA:00000001","RequestId":"0HNOB3B0PG9VA:00000001","RequestPath":"/v1/db"}]}
{"Timestamp":"2026-09-05T06:57:45.505Z","EventId":1,"LogLevel":"Information","Category":"Microsoft.AspNetCore.Hosting.Diagnostics","Message":"Request starting HTTP/1.1 POST http://127.0.0.1:36437/v1/db/protocol_http/sql - application/json;\u002Bcharset=utf-8 71","State":{"Protocol":"HTTP/1.1","Method":"POST","ContentType":"application/json; charset=utf-8","ContentLength":71,"Scheme":"http","Host":"127.0.0.1:36437","PathBase":"","Path":"/v1/db/protocol_http/sql","QueryString":"","{OriginalFormat}":"Request starting {Protocol} {Method} {Scheme}://{Host}{PathBase}{Path}{QueryString} - {ContentType} {ContentLength}"},"Scopes":[{"Message":"SpanId:4c32d8013926fa87, TraceId:e2f5f6a5e6698b00b9b4bd80a684eebb, ParentId:5ae70152fa1f93aa","SpanId":"4c32d8013926fa87","TraceId":"e2f5f6a5e6698b00b9b4bd80a684eebb","ParentId":"5ae70152fa1f93aa"},{"Message":"http.request.method:POST, server.address:127.0.0.1, server.port:36437, url.scheme:http, url.path:/v1/db/protocol_http/sql, network.protocol.version:1.1","http.request.method":"POST","server.address":"127.0.0.1","server.port":36437,"url.scheme":"http","url.path":"/v1/db/protocol_http/sql","network.protocol.version":"1.1"},{"Message":"ConnectionId:0HNOB3B0PG9VB","ConnectionId":"0HNOB3B0PG9VB"},{"Message":"RequestPath:/v1/db/protocol_http/sql RequestId:0HNOB3B0PG9VB:00000001","RequestId":"0HNOB3B0PG9VB:00000001","RequestPath":"/v1/db/protocol_http/sql"}]}
{"Timestamp":"2026-09-05T06:57:45.507Z","EventId":0,"LogLevel":"Information","Category":"Microsoft.AspNetCore.Routing.EndpointMiddleware","Message":"Executing endpoint \u0027HTTP: POST /v1/db/{db}/sql\u0027","State":{"EndpointName":"HTTP: POST /v1/db/{db}/sql","{OriginalFormat}":"Executing endpoint \u0027{EndpointName}\u0027"},"Scopes":[{"Message":"SpanId:4c32d8013926fa87, TraceId:e2f5f6a5e6698b00b9b4bd80a684eebb, ParentId:5ae70152fa1f93aa","SpanId":"4c32d8013926fa87","TraceId":"e2f5f6a5e6698b00b9b4bd80a684eebb","ParentId":"5ae70152fa1f93aa"},{"Message":"http.request.method:POST, server.address:127.0.0.1, server.port:36437, url.scheme:http, url.path:/v1/db/protocol_http/sql, network.protocol.version:1.1","http.request.method":"POST","server.address":"127.0.0.1","server.port":36437,"url.scheme":"http","url.path":"/v1/db/protocol_http/sql","network.protocol.version":"1.1"},{"Message":"ConnectionId:0HNOB3B0PG9VB","ConnectionId":"0HNOB3B0PG9VB"},{"Message":"RequestPath:/v1/db/protocol_http/sql RequestId:0HNOB3B0PG9VB:00000001","RequestId":"0HNOB3B0PG9VB:00000001","RequestPath":"/v1/db/protocol_http/sql"}]}
{"Timestamp":"2026-09-05T06:57:45.526Z","EventId":1,"LogLevel":"Information","Category":"Microsoft.AspNetCore.Routing.EndpointMiddleware","Message":"Executed endpoint \u0027HTTP: POST /v1/db/{db}/sql\u0027","State":{"EndpointName":"HTTP: POST /v1/db/{db}/sql","{OriginalFormat}":"Executed endpoint \u0027{EndpointName}\u0027"},"Scopes":[{"Message":"SpanId:4c32d8013926fa87, TraceId:e2f5f6a5e6698b00b9b4bd80a684eebb, ParentId:5ae70152fa1f93aa","SpanId":"4c32d8013926fa87","TraceId":"e2f5f6a5e6698b00b9b4bd80a684eebb","ParentId":"5ae70152fa1f93aa"},{"Message":"http.request.method:POST, server.address:127.0.0.1, server.port:36437, url.scheme:http, url.path:/v1/db/protocol_http/sql, network.protocol.version:1.1","http.request.method":"POST","server.address":"127.0.0.1","server.port":36437,"url.scheme":"http","url.path":"/v1/db/protocol_http/sql","network.protocol.version":"1.1"},{"Message":"ConnectionId:0HNOB3B0PG9VB","ConnectionId":"0HNOB3B0PG9VB"},{"Message":"RequestPath:/v1/db/protocol_http/sql RequestId:0HNOB3B0PG9VB:00000001","RequestId":"0HNOB3B0PG9VB:00000001","RequestPath":"/v1/db/protocol_http/sql"}]}
{"Timestamp":"2026-09-05T06:57:45.526Z","EventId":2,"LogLevel":"Information","Category":"Microsoft.AspNetCore.Hosting.Diagnostics","Message":"Request finished HTTP/1.1 POST http://127.0.0.1:36437/v1/db/protocol_http/sql - 200 - application/x-ndjson;\u002Bcharset=utf-8 20.6859ms","State":{"ElapsedMilliseconds":20.6859,"StatusCode":200,"ContentType":"application/x-ndjson; charset=utf-8","ContentLength":null,"Protocol":"HTTP/1.1","Method":"POST","Scheme":"http","Host":"127.0.0.1:36437","PathBase":"","Path":"/v1/db/protocol_http/sql","QueryString":"","{OriginalFormat}":"Request finished {Protocol} {Method} {Scheme}://{Host}{PathBase}{Path}{QueryString} - {StatusCode} {ContentLength} {ContentType} {ElapsedMilliseconds}ms"},"Scopes":[{"Message":"SpanId:4c32d8013926fa87, TraceId:e2f5f6a5e6698b00b9b4bd80a684eebb, ParentId:5ae70152fa1f93aa","SpanId":"4c32d8013926fa87","TraceId":"e2f5f6a5e6698b00b9b4bd80a684eebb","ParentId":"5ae70152fa1f93aa"},{"Message":"http.request.method:POST, server.address:127.0.0.1, server.port:36437, url.scheme:http, url.path:/v1/db/protocol_http/sql, network.protocol.version:1.1","http.request.method":"POST","server.address":"127.0.0.1","server.port":36437,"url.scheme":"http","url.path":"/v1/db/protocol_http/sql","network.protocol.version":"1.1"},{"Message":"ConnectionId:0HNOB3B0PG9VB","ConnectionId":"0HNOB3B0PG9VB"},{"Message":"RequestPath:/v1/db/protocol_http/sql RequestId:0HNOB3B0PG9VB:00000001","RequestId":"0HNOB3B0PG9VB:00000001","RequestPath":"/v1/db/protocol_http/sql"}]}
{"Timestamp":"2026-09-05T06:57:45.528Z","EventId":1,"LogLevel":"Information","Category":"Microsoft.AspNetCore.Hosting.Diagnostics","Message":"Request starting HTTP/1.1 POST http://127.0.0.1:36437/v1/db - application/json;\u002Bcharset=utf-8 23","State":{"Protocol":"HTTP/1.1","Method":"POST","ContentType":"application/json; charset=utf-8","ContentLength":23,"Scheme":"http","Host":"127.0.0.1:36437","PathBase":"","Path":"/v1/db","QueryString":"","{OriginalFormat}":"Request starting {Protocol} {Method} {Scheme}://{Host}{PathBase}{Path}{QueryString} - {ContentType} {ContentLength}"},"Scopes":[{"Message":"SpanId:9e552d9ed1b7b84f, TraceId:19b6c0a45eb8040b41cc2a7df4f9a6a6, ParentId:03593107c62607f2","SpanId":"9e552d9ed1b7b84f","TraceId":"19b6c0a45eb8040b41cc2a7df4f9a6a6","ParentId":"03593107c62607f2"},{"Message":"http.request.method:POST, server.address:127.0.0.1, server.port:36437, url.scheme:http, url.path:/v1/db, network.protocol.version:1.1","http.request.method":"POST","server.address":"127.0.0.1","server.port":36437,"url.scheme":"http","url.path":"/v1/db","network.protocol.version":"1.1"},{"Message":"ConnectionId:0HNOB3B0PG9VC","ConnectionId":"0HNOB3B0PG9VC"},{"Message":"RequestPath:/v1/db RequestId:0HNOB3B0PG9VC:00000001","RequestId":"0HNOB3B0PG9VC:00000001","RequestPath":"/v1/db"}]}
{"Timestamp":"2026-09-05T06:57:45.528Z","EventId":0,"LogLevel":"Information","Category":"Microsoft.AspNetCore.Routing.EndpointMiddleware","Message":"Executing endpoint \u0027HTTP: POST /v1/db\u0027","State":{"EndpointName":"HTTP: POST /v1/db","{OriginalFormat}":"Executing endpoint \u0027{EndpointName}\u0027"},"Scopes":[{"Message":"SpanId:9e552d9ed1b7b84f, TraceId:19b6c0a45eb8040b41cc2a7df4f9a6a6, ParentId:03593107c62607f2","SpanId":"9e552d9ed1b7b84f","TraceId":"19b6c0a45eb8040b41cc2a7df4f9a6a6","ParentId":"03593107c62607f2"},{"Message":"http.request.method:POST, server.address:127.0.0.1, server.port:36437, url.scheme:http, url.path:/v1/db, network.protocol.version:1.1","http.request.method":"POST","server.address":"127.0.0.1","server.port":36437,"url.scheme":"http","url.path":"/v1/db","network.protocol.version":"1.1"},{"Message":"ConnectionId:0HNOB3B0PG9VC","ConnectionId":"0HNOB3B0PG9VC"},{"Message":"RequestPath:/v1/db RequestId:0HNOB3B0PG9VC:00000001","RequestId":"0HNOB3B0PG9VC:00000001","RequestPath":"/v1/db"}]}
{"Timestamp":"2026-09-05T06:57:45.531Z","EventId":1,"LogLevel":"Information","Category":"Microsoft.AspNetCore.Http.Result.JsonResult","Message":"Setting HTTP status code 201.","State":{"StatusCode":201,"{OriginalFormat}":"Setting HTTP status code {StatusCode}."},"Scopes":[{"Message":"SpanId:9e552d9ed1b7b84f, TraceId:19b6c0a45eb8040b41cc2a7df4f9a6a6, ParentId:03593107c62607f2","SpanId":"9e552d9ed1b7b84f","TraceId":"19b6c0a45eb8040b41cc2a7df4f9a6a6","ParentId":"03593107c62607f2"},{"Message":"http.request.method:POST, server.address:127.0.0.1, server.port:36437, url.scheme:http, url.path:/v1/db, network.protocol.version:1.1","http.request.method":"POST","server.address":"127.0.0.1","server.port":36437,"url.scheme":"http","url.path":"/v1/db","network.protocol.version":"1.1"},{"Message":"ConnectionId:0HNOB3B0PG9VC","ConnectionId":"0HNOB3B0PG9VC"},{"Message":"RequestPath:/v1/db RequestId:0HNOB3B0PG9VC:00000001","RequestId":"0HNOB3B0PG9VC:00000001","RequestPath":"/v1/db"}]}
{"Timestamp":"2026-09-05T06:57:45.531Z","EventId":3,"LogLevel":"Information","Category":"Microsoft.AspNetCore.Http.Result.JsonResult","Message":"Writing value of type \u0027DatabaseOperationResponse\u0027 as Json.","State":{"Type":"DatabaseOperationResponse","{OriginalFormat}":"Writing value of type \u0027{Type}\u0027 as Json."},"Scopes":[{"Message":"SpanId:9e552d9ed1b7b84f, TraceId:19b6c0a45eb8040b41cc2a7df4f9a6a6, ParentId:03593107c62607f2","SpanId":"9e552d9ed1b7b84f","TraceId":"19b6c0a45eb8040b41cc2a7df4f9a6a6","ParentId":"03593107c62607f2"},{"Message":"http.request.method:POST, server.address:127.0.0.1, server.port:36437, url.scheme:http, url.path:/v1/db, network.protocol.version:1.1","http.request.method":"POST","server.address":"127.0.0.1","server.port":36437,"url.scheme":"http","url.path":"/v1/db","network.protocol.version":"1.1"},{"Message":"ConnectionId:0HNOB3B0PG9VC","ConnectionId":"0HNOB3B0PG9VC"},{"Message":"RequestPath:/v1/db RequestId:0HNOB3B0PG9VC:00000001","RequestId":"0HNOB3B0PG9VC:00000001","RequestPath":"/v1/db"}]}
{"Timestamp":"2026-09-05T06:57:45.531Z","EventId":1,"LogLevel":"Information","Category":"Microsoft.AspNetCore.Routing.EndpointMiddleware","Message":"Executed endpoint \u0027HTTP: POST /v1/db\u0027","State":{"EndpointName":"HTTP: POST /v1/db","{OriginalFormat}":"Executed endpoint \u0027{EndpointName}\u0027"},"Scopes":[{"Message":"SpanId:9e552d9ed1b7b84f, TraceId:19b6c0a45eb8040b41cc2a7df4f9a6a6, ParentId:03593107c62607f2","SpanId":"9e552d9ed1b7b84f","TraceId":"19b6c0a45eb8040b41cc2a7df4f9a6a6","ParentId":"03593107c62607f2"},{"Message":"http.request.method:POST, server.address:127.0.0.1, server.port:36437, url.scheme:http, url.path:/v1/db, network.protocol.version:1.1","http.request.method":"POST","server.address":"127.0.0.1","server.port":36437,"url.scheme":"http","url.path":"/v1/db","network.protocol.version":"1.1"},{"Message":"ConnectionId:0HNOB3B0PG9VC","ConnectionId":"0HNOB3B0PG9VC"},{"Message":"RequestPath:/v1/db RequestId:0HNOB3B0PG9VC:00000001","RequestId":"0HNOB3B0PG9VC:00000001","RequestPath":"/v1/db"}]}
{"Timestamp":"2026-09-05T06:57:45.531Z","EventId":2,"LogLevel":"Information","Category":"Microsoft.AspNetCore.Hosting.Diagnostics","Message":"Request finished HTTP/1.1 POST http://127.0.0.1:36437/v1/db - 201 - application/json;\u002Bcharset=utf-8 3.1589ms","State":{"ElapsedMilliseconds":3.1589,"StatusCode":201,"ContentType":"application/json; charset=utf-8","ContentLength":null,"Protocol":"HTTP/1.1","Method":"POST","Scheme":"http","Host":"127.0.0.1:36437","PathBase":"","Path":"/v1/db","QueryString":"","{OriginalFormat}":"Request finished {Protocol} {Method} {Scheme}://{Host}{PathBase}{Path}{QueryString} - {StatusCode} {ContentLength} {ContentType} {ElapsedMilliseconds}ms"},"Scopes":[{"Message":"SpanId:9e552d9ed1b7b84f, TraceId:19b6c0a45eb8040b41cc2a7df4f9a6a6, ParentId:03593107c62607f2","SpanId":"9e552d9ed1b7b84f","TraceId":"19b6c0a45eb8040b41cc2a7df4f9a6a6","ParentId":"03593107c62607f2"},{"Message":"http.request.method:POST, server.address:127.0.0.1, server.port:36437, url.scheme:http, url.path:/v1/db, network.protocol.version:1.1","http.request.method":"POST","server.address":"127.0.0.1","server.port":36437,"url.scheme":"http","url.path":"/v1/db","network.protocol.version":"1.1"},{"Message":"ConnectionId:0HNOB3B0PG9VC","ConnectionId":"0HNOB3B0PG9VC"},{"Message":"RequestPath:/v1/db RequestId:0HNOB3B0PG9VC:00000001","RequestId":"0HNOB3B0PG9VC:00000001","RequestPath":"/v1/db"}]}
{"Timestamp":"2026-09-05T06:57:45.532Z","EventId":1,"LogLevel":"Information","Category":"Microsoft.AspNetCore.Hosting.Diagnostics","Message":"Request starting HTTP/1.1 POST http://127.0.0.1:36437/v1/db/protocol_udp/sql - application/json;\u002Bcharset=utf-8 71","State":{"Protocol":"HTTP/1.1","Method":"POST","ContentType":"application/json; charset=utf-8","ContentLength":71,"Scheme":"http","Host":"127.0.0.1:36437","PathBase":"","Path":"/v1/db/protocol_udp/sql","QueryString":"","{OriginalFormat}":"Request starting {Protocol} {Method} {Scheme}://{Host}{PathBase}{Path}{QueryString} - {ContentType} {ContentLength}"},"Scopes":[{"Message":"SpanId:6de4e899365593f6, TraceId:616be67a3e2930d65e9208804da012ca, ParentId:7b7549caaca09da5","SpanId":"6de4e899365593f6","TraceId":"616be67a3e2930d65e9208804da012ca","ParentId":"7b7549caaca09da5"},{"Message":"http.request.method:POST, server.address:127.0.0.1, server.port:36437, url.scheme:http, url.path:/v1/db/protocol_udp/sql, network.protocol.version:1.1","http.request.method":"POST","server.address":"127.0.0.1","server.port":36437,"url.scheme":"http","url.path":"/v1/db/protocol_udp/sql","network.protocol.version":"1.1"},{"Message":"ConnectionId:0HNOB3B0PG9VD","ConnectionId":"0HNOB3B0PG9VD"},{"Message":"RequestPath:/v1/db/protocol_udp/sql RequestId:0HNOB3B0PG9VD:00000001","RequestId":"0HNOB3B0PG9VD:00000001","RequestPath":"/v1/db/protocol_udp/sql"}]}
{"Timestamp":"2026-09-05T06:57:45.533Z","EventId":0,"LogLevel":"Information","Category":"Microsoft.AspNetCore.Routing.EndpointMiddleware","Message":"Executing endpoint \u0027HTTP: POST /v1/db/{db}/sql\u0027","State":{"EndpointName":"HTTP: POST /v1/db/{db}/sql","{OriginalFormat}":"Executing endpoint \u0027{EndpointName}\u0027"},"Scopes":[{"Message":"SpanId:6de4e899365593f6, TraceId:616be67a3e2930d65e9208804da012ca, ParentId:7b7549caaca09da5","SpanId":"6de4e899365593f6","TraceId":"616be67a3e2930d65e9208804da012ca","ParentId":"7b7549caaca09da5"},{"Message":"http.request.method:POST, server.address:127.0.0.1, server.port:36437, url.scheme:http, url.path:/v1/db/protocol_udp/sql, network.protocol.version:1.1","http.request.method":"POST","server.address":"127.0.0.1","server.port":36437,"url.scheme":"http","url.path":"/v1/db/protocol_udp/sql","network.protocol.version":"1.1"},{"Message":"ConnectionId:0HNOB3B0PG9VD","ConnectionId":"0HNOB3B0PG9VD"},{"Message":"RequestPath:/v1/db/protocol_udp/sql RequestId:0HNOB3B0PG9VD:00000001","RequestId":"0HNOB3B0PG9VD:00000001","RequestPath":"/v1/db/protocol_udp/sql"}]}
{"Timestamp":"2026-09-05T06:57:45.535Z","EventId":1,"LogLevel":"Information","Category":"Microsoft.AspNetCore.Routing.EndpointMiddleware","Message":"Executed endpoint \u0027HTTP: POST /v1/db/{db}/sql\u0027","State":{"EndpointName":"HTTP: POST /v1/db/{db}/sql","{OriginalFormat}":"Executed endpoint \u0027{EndpointName}\u0027"},"Scopes":[{"Message":"SpanId:6de4e899365593f6, TraceId:616be67a3e2930d65e9208804da012ca, ParentId:7b7549caaca09da5","SpanId":"6de4e899365593f6","TraceId":"616be67a3e2930d65e9208804da012ca","ParentId":"7b7549caaca09da5"},{"Message":"http.request.method:POST, server.address:127.0.0.1, server.port:36437, url.scheme:http, url.path:/v1/db/protocol_udp/sql, network.protocol.version:1.1","http.request.method":"POST","server.address":"127.0.0.1","server.port":36437,"url.scheme":"http","url.path":"/v1/db/protocol_udp/sql","network.protocol.version":"1.1"},{"Message":"ConnectionId:0HNOB3B0PG9VD","ConnectionId":"0HNOB3B0PG9VD"},{"Message":"RequestPath:/v1/db/protocol_udp/sql RequestId:0HNOB3B0PG9VD:00000001","RequestId":"0HNOB3B0PG9VD:00000001","RequestPath":"/v1/db/protocol_udp/sql"}]}
{"Timestamp":"2026-09-05T06:57:45.535Z","EventId":2,"LogLevel":"Information","Category":"Microsoft.AspNetCore.Hosting.Diagnostics","Message":"Request finished HTTP/1.1 POST http://127.0.0.1:36437/v1/db/protocol_udp/sql - 200 - application/x-ndjson;\u002Bcharset=utf-8 2.6857ms","State":{"ElapsedMilliseconds":2.6857,"StatusCode":200,"ContentType":"application/x-ndjson; charset=utf-8","ContentLength":null,"Protocol":"HTTP/1.1","Method":"POST","Scheme":"http","Host":"127.0.0.1:36437","PathBase":"","Path":"/v1/db/protocol_udp/sql","QueryString":"","{OriginalFormat}":"Request finished {Protocol} {Method} {Scheme}://{Host}{PathBase}{Path}{QueryString} - {StatusCode} {ContentLength} {ContentType} {ElapsedMilliseconds}ms"},"Scopes":[{"Message":"SpanId:6de4e899365593f6, TraceId:616be67a3e2930d65e9208804da012ca, ParentId:7b7549caaca09da5","SpanId":"6de4e899365593f6","TraceId":"616be67a3e2930d65e9208804da012ca","ParentId":"7b7549caaca09da5"},{"Message":"http.request.method:POST, server.address:127.0.0.1, server.port:36437, url.scheme:http, url.path:/v1/db/protocol_udp/sql, network.protocol.version:1.1","http.request.method":"POST","server.address":"127.0.0.1","server.port":36437,"url.scheme":"http","url.path":"/v1/db/protocol_udp/sql","network.protocol.version":"1.1"},{"Message":"ConnectionId:0HNOB3B0PG9VD","ConnectionId":"0HNOB3B0PG9VD"},{"Message":"RequestPath:/v1/db/protocol_udp/sql RequestId:0HNOB3B0PG9VD:00000001","RequestId":"0HNOB3B0PG9VD:00000001","RequestPath":"/v1/db/protocol_udp/sql"}]}
{"Timestamp":"2026-09-05T06:57:45.536Z","EventId":1,"LogLevel":"Information","Category":"Microsoft.AspNetCore.Hosting.Diagnostics","Message":"Request starting HTTP/1.1 POST http://127.0.0.1:36437/v1/db - application/json;\u002Bcharset=utf-8 24","State":{"Protocol":"HTTP/1.1","Method":"POST","ContentType":"application/json; charset=utf-8","ContentLength":24,"Scheme":"http","Host":"127.0.0.1:36437","PathBase":"","Path":"/v1/db","QueryString":"","{OriginalFormat}":"Request starting {Protocol} {Method} {Scheme}://{Host}{PathBase}{Path}{QueryString} - {ContentType} {ContentLength}"},"Scopes":[{"Message":"SpanId:65468ab229ff4009, TraceId:811e30d69f23ac7195bb5191871853b4, ParentId:c83e50304dce062b","SpanId":"65468ab229ff4009","TraceId":"811e30d69f23ac7195bb5191871853b4","ParentId":"c83e50304dce062b"},{"Message":"http.request.method:POST, server.address:127.0.0.1, server.port:36437, url.scheme:http, url.path:/v1/db, network.protocol.version:1.1","http.request.method":"POST","server.address":"127.0.0.1","server.port":36437,"url.scheme":"http","url.path":"/v1/db","network.protocol.version":"1.1"},{"Message":"ConnectionId:0HNOB3B0PG9VE","ConnectionId":"0HNOB3B0PG9VE"},{"Message":"RequestPath:/v1/db RequestId:0HNOB3B0PG9VE:00000001","RequestId":"0HNOB3B0PG9VE:00000001","RequestPath":"/v1/db"}]}
{"Timestamp":"2026-09-05T06:57:45.536Z","EventId":0,"LogLevel":"Information","Category":"Microsoft.AspNetCore.Routing.EndpointMiddleware","Message":"Executing endpoint \u0027HTTP: POST /v1/db\u0027","State":{"EndpointName":"HTTP: POST /v1/db","{OriginalFormat}":"Executing endpoint \u0027{EndpointName}\u0027"},"Scopes":[{"Message":"SpanId:65468ab229ff4009, TraceId:811e30d69f23ac7195bb5191871853b4, ParentId:c83e50304dce062b","SpanId":"65468ab229ff4009","TraceId":"811e30d69f23ac7195bb5191871853b4","ParentId":"c83e50304dce062b"},{"Message":"http.request.method:POST, server.address:127.0.0.1, server.port:36437, url.scheme:http, url.path:/v1/db, network.protocol.version:1.1","http.request.method":"POST","server.address":"127.0.0.1","server.port":36437,"url.scheme":"http","url.path":"/v1/db","network.protocol.version":"1.1"},{"Message":"ConnectionId:0HNOB3B0PG9VE","ConnectionId":"0HNOB3B0PG9VE"},{"Message":"RequestPath:/v1/db RequestId:0HNOB3B0PG9VE:00000001","RequestId":"0HNOB3B0PG9VE:00000001","RequestPath":"/v1/db"}]}
{"Timestamp":"2026-09-05T06:57:45.538Z","EventId":1,"LogLevel":"Information","Category":"Microsoft.AspNetCore.Http.Result.JsonResult","Message":"Setting HTTP status code 201.","State":{"StatusCode":201,"{OriginalFormat}":"Setting HTTP status code {StatusCode}."},"Scopes":[{"Message":"SpanId:65468ab229ff4009, TraceId:811e30d69f23ac7195bb5191871853b4, ParentId:c83e50304dce062b","SpanId":"65468ab229ff4009","TraceId":"811e30d69f23ac7195bb5191871853b4","ParentId":"c83e50304dce062b"},{"Message":"http.request.method:POST, server.address:127.0.0.1, server.port:36437, url.scheme:http, url.path:/v1/db, network.protocol.version:1.1","http.request.method":"POST","server.address":"127.0.0.1","server.port":36437,"url.scheme":"http","url.path":"/v1/db","network.protocol.version":"1.1"},{"Message":"ConnectionId:0HNOB3B0PG9VE","ConnectionId":"0HNOB3B0PG9VE"},{"Message":"RequestPath:/v1/db RequestId:0HNOB3B0PG9VE:00000001","RequestId":"0HNOB3B0PG9VE:00000001","RequestPath":"/v1/db"}]}
{"Timestamp":"2026-09-05T06:57:45.538Z","EventId":3,"LogLevel":"Information","Category":"Microsoft.AspNetCore.Http.Result.JsonResult","Message":"Writing value of type \u0027DatabaseOperationResponse\u0027 as Json.","State":{"Type":"DatabaseOperationResponse","{OriginalFormat}":"Writing value of type \u0027{Type}\u0027 as Json."},"Scopes":[{"Message":"SpanId:65468ab229ff4009, TraceId:811e30d69f23ac7195bb5191871853b4, ParentId:c83e50304dce062b","SpanId":"65468ab229ff4009","TraceId":"811e30d69f23ac7195bb5191871853b4","ParentId":"c83e50304dce062b"},{"Message":"http.request.method:POST, server.address:127.0.0.1, server.port:36437, url.scheme:http, url.path:/v1/db, network.protocol.version:1.1","http.request.method":"POST","server.address":"127.0.0.1","server.port":36437,"url.scheme":"http","url.path":"/v1/db","network.protocol.version":"1.1"},{"Message":"ConnectionId:0HNOB3B0PG9VE","ConnectionId":"0HNOB3B0PG9VE"},{"Message":"RequestPath:/v1/db RequestId:0HNOB3B0PG9VE:00000001","RequestId":"0HNOB3B0PG9VE:00000001","RequestPath":"/v1/db"}]}
{"Timestamp":"2026-09-05T06:57:45.538Z","EventId":1,"LogLevel":"Information","Category":"Microsoft.AspNetCore.Routing.EndpointMiddleware","Message":"Executed endpoint \u0027HTTP: POST /v1/db\u0027","State":{"EndpointName":"HTTP: POST /v1/db","{OriginalFormat}":"Executed endpoint \u0027{EndpointName}\u0027"},"Scopes":[{"Message":"SpanId:65468ab229ff4009, TraceId:811e30d69f23ac7195bb5191871853b4, ParentId:c83e50304dce062b","SpanId":"65468ab229ff4009","TraceId":"811e30d69f23ac7195bb5191871853b4","ParentId":"c83e50304dce062b"},{"Message":"http.request.method:POST, server.address:127.0.0.1, server.port:36437, url.scheme:http, url.path:/v1/db, network.protocol.version:1.1","http.request.method":"POST","server.address":"127.0.0.1","server.port":36437,"url.scheme":"http","url.path":"/v1/db","network.protocol.version":"1.1"},{"Message":"ConnectionId:0HNOB3B0PG9VE","ConnectionId":"0HNOB3B0PG9VE"},{"Message":"RequestPath:/v1/db RequestId:0HNOB3B0PG9VE:00000001","RequestId":"0HNOB3B0PG9VE:00000001","RequestPath":"/v1/db"}]}
[...]
{"Timestamp":"2026-09-05T06:57:45.645Z","EventId":1,"LogLevel":"Information","Category":"Microsoft.AspNetCore.Routing.EndpointMiddleware","Message":"Executed endpoint \u0027HTTP: POST /v1/db/{db}/sql\u0027","State":{"EndpointName":"HTTP: POST /v1/db/{db}/sql","{OriginalFormat}":"Executed endpoint \u0027{EndpointName}\u0027"},"Scopes":[{"Message":"SpanId:b6ef0a37e4f8fedb, TraceId:77ea45dce198f9927dba6f9582d05072, ParentId:7036708a9ef89f41","SpanId":"b6ef0a37e4f8fedb","TraceId":"77ea45dce198f9927dba6f9582d05072","ParentId":"7036708a9ef89f41"},{"Message":"http.request.method:POST, server.address:127.0.0.1, server.port:36437, url.scheme:http, url.path:/v1/db/protocol_http/sql, network.protocol.version:1.1","http.request.method":"POST","server.address":"127.0.0.1","server.port":36437,"url.scheme":"http","url.path":"/v1/db/protocol_http/sql","network.protocol.version":"1.1"},{"Message":"ConnectionId:0HNOB3B0PG9VK","ConnectionId":"0HNOB3B0PG9VK"},{"Message":"RequestPath:/v1/db/protocol_http/sql RequestId:0HNOB3B0PG9VK:00000001","RequestId":"0HNOB3B0PG9VK:00000001","RequestPath":"/v1/db/protocol_http/sql"}]}
{"Timestamp":"2026-09-05T06:57:45.646Z","EventId":2,"LogLevel":"Information","Category":"Microsoft.AspNetCore.Hosting.Diagnostics","Message":"Request finished HTTP/1.1 POST http://127.0.0.1:36437/v1/db/protocol_http/sql - 200 - application/x-ndjson;\u002Bcharset=utf-8 3.4331ms","State":{"ElapsedMilliseconds":3.4331,"StatusCode":200,"ContentType":"application/x-ndjson; charset=utf-8","ContentLength":null,"Protocol":"HTTP/1.1","Method":"POST","Scheme":"http","Host":"127.0.0.1:36437","PathBase":"","Path":"/v1/db/protocol_http/sql","QueryString":"","{OriginalFormat}":"Request finished {Protocol} {Method} {Scheme}://{Host}{PathBase}{Path}{QueryString} - {StatusCode} {ContentLength} {ContentType} {ElapsedMilliseconds}ms"},"Scopes":[{"Message":"SpanId:b6ef0a37e4f8fedb, TraceId:77ea45dce198f9927dba6f9582d05072, ParentId:7036708a9ef89f41","SpanId":"b6ef0a37e4f8fedb","TraceId":"77ea45dce198f9927dba6f9582d05072","ParentId":"7036708a9ef89f41"},{"Message":"http.request.method:POST, server.address:127.0.0.1, server.port:36437, url.scheme:http, url.path:/v1/db/protocol_http/sql, network.protocol.version:1.1","http.request.method":"POST","server.address":"127.0.0.1","server.port":36437,"url.scheme":"http","url.path":"/v1/db/protocol_http/sql","network.protocol.version":"1.1"},{"Message":"ConnectionId:0HNOB3B0PG9VK","ConnectionId":"0HNOB3B0PG9VK"},{"Message":"RequestPath:/v1/db/protocol_http/sql RequestId:0HNOB3B0PG9VK:00000001","RequestId":"0HNOB3B0PG9VK:00000001","RequestPath":"/v1/db/protocol_http/sql"}]}
{"Timestamp":"2026-09-05T06:57:45.648Z","EventId":1,"LogLevel":"Information","Category":"Microsoft.AspNetCore.Hosting.Diagnostics","Message":"Request starting HTTP/1.1 POST http://127.0.0.1:36437/v1/db/protocol_udp/sql - application/json;\u002Bcharset=utf-8 66","State":{"Protocol":"HTTP/1.1","Method":"POST","ContentType":"application/json; charset=utf-8","ContentLength":66,"Scheme":"http","Host":"127.0.0.1:36437","PathBase":"","Path":"/v1/db/protocol_udp/sql","QueryString":"","{OriginalFormat}":"Request starting {Protocol} {Method} {Scheme}://{Host}{PathBase}{Path}{QueryString} - {ContentType} {ContentLength}"},"Scopes":[{"Message":"SpanId:4be1a0026030590d, TraceId:9dfe26499193a7edff3ceff326f696d0, ParentId:10edf902bbebc179","SpanId":"4be1a0026030590d","TraceId":"9dfe26499193a7edff3ceff326f696d0","ParentId":"10edf902bbebc179"},{"Message":"http.request.method:POST, server.address:127.0.0.1, server.port:36437, url.scheme:http, url.path:/v1/db/protocol_udp/sql, network.protocol.version:1.1","http.request.method":"POST","server.address":"127.0.0.1","server.port":36437,"url.scheme":"http","url.path":"/v1/db/protocol_udp/sql","network.protocol.version":"1.1"},{"Message":"ConnectionId:0HNOB3B0PG9VK","ConnectionId":"0HNOB3B0PG9VK"},{"Message":"RequestPath:/v1/db/protocol_udp/sql RequestId:0HNOB3B0PG9VK:00000002","RequestId":"0HNOB3B0PG9VK:00000002","RequestPath":"/v1/db/protocol_udp/sql"}]}
{"Timestamp":"2026-09-05T06:57:45.648Z","EventId":0,"LogLevel":"Information","Category":"Microsoft.AspNetCore.Routing.EndpointMiddleware","Message":"Executing endpoint \u0027HTTP: POST /v1/db/{db}/sql\u0027","State":{"EndpointName":"HTTP: POST /v1/db/{db}/sql","{OriginalFormat}":"Executing endpoint \u0027{EndpointName}\u0027"},"Scopes":[{"Message":"SpanId:4be1a0026030590d, TraceId:9dfe26499193a7edff3ceff326f696d0, ParentId:10edf902bbebc179","SpanId":"4be1a0026030590d","TraceId":"9dfe26499193a7edff3ceff326f696d0","ParentId":"10edf902bbebc179"},{"Message":"http.request.method:POST, server.address:127.0.0.1, server.port:36437, url.scheme:http, url.path:/v1/db/protocol_udp/sql, network.protocol.version:1.1","http.request.method":"POST","server.address":"127.0.0.1","server.port":36437,"url.scheme":"http","url.path":"/v1/db/protocol_udp/sql","network.protocol.version":"1.1"},{"Message":"ConnectionId:0HNOB3B0PG9VK","ConnectionId":"0HNOB3B0PG9VK"},{"Message":"RequestPath:/v1/db/protocol_udp/sql RequestId:0HNOB3B0PG9VK:00000002","RequestId":"0HNOB3B0PG9VK:00000002","RequestPath":"/v1/db/protocol_udp/sql"}]}
{"Timestamp":"2026-09-05T06:57:45.648Z","EventId":1,"LogLevel":"Information","Category":"Microsoft.AspNetCore.Routing.EndpointMiddleware","Message":"Executed endpoint \u0027HTTP: POST /v1/db/{db}/sql\u0027","State":{"EndpointName":"HTTP: POST /v1/db/{db}/sql","{OriginalFormat}":"Executed endpoint \u0027{EndpointName}\u0027"},"Scopes":[{"Message":"SpanId:4be1a0026030590d, TraceId:9dfe26499193a7edff3ceff326f696d0, ParentId:10edf902bbebc179","SpanId":"4be1a0026030590d","TraceId":"9dfe26499193a7edff3ceff326f696d0","ParentId":"10edf902bbebc179"},{"Message":"http.request.method:POST, server.address:127.0.0.1, server.port:36437, url.scheme:http, url.path:/v1/db/protocol_udp/sql, network.protocol.version:1.1","http.request.method":"POST","server.address":"127.0.0.1","server.port":36437,"url.scheme":"http","url.path":"/v1/db/protocol_udp/sql","network.protocol.version":"1.1"},{"Message":"ConnectionId:0HNOB3B0PG9VK","ConnectionId":"0HNOB3B0PG9VK"},{"Message":"RequestPath:/v1/db/protocol_udp/sql RequestId:0HNOB3B0PG9VK:00000002","RequestId":"0HNOB3B0PG9VK:00000002","RequestPath":"/v1/db/protocol_udp/sql"}]}
{"Timestamp":"2026-09-05T06:57:45.648Z","EventId":2,"LogLevel":"Information","Category":"Microsoft.AspNetCore.Hosting.Diagnostics","Message":"Request finished HTTP/1.1 POST http://127.0.0.1:36437/v1/db/protocol_udp/sql - 200 - application/x-ndjson;\u002Bcharset=utf-8 0.4845ms","State":{"ElapsedMilliseconds":0.4845,"StatusCode":200,"ContentType":"application/x-ndjson; charset=utf-8","ContentLength":null,"Protocol":"HTTP/1.1","Method":"POST","Scheme":"http","Host":"127.0.0.1:36437","PathBase":"","Path":"/v1/db/protocol_udp/sql","QueryString":"","{OriginalFormat}":"Request finished {Protocol} {Method} {Scheme}://{Host}{PathBase}{Path}{QueryString} - {StatusCode} {ContentLength} {ContentType} {ElapsedMilliseconds}ms"},"Scopes":[{"Message":"SpanId:4be1a0026030590d, TraceId:9dfe26499193a7edff3ceff326f696d0, ParentId:10edf902bbebc179","SpanId":"4be1a0026030590d","TraceId":"9dfe26499193a7edff3ceff326f696d0","ParentId":"10edf902bbebc179"},{"Message":"http.request.method:POST, server.address:127.0.0.1, server.port:36437, url.scheme:http, url.path:/v1/db/protocol_udp/sql, network.protocol.version:1.1","http.request.method":"POST","server.address":"127.0.0.1","server.port":36437,"url.scheme":"http","url.path":"/v1/db/protocol_udp/sql","network.protocol.version":"1.1"},{"Message":"ConnectionId:0HNOB3B0PG9VK","ConnectionId":"0HNOB3B0PG9VK"},{"Message":"RequestPath:/v1/db/protocol_udp/sql RequestId:0HNOB3B0PG9VK:00000002","RequestId":"0HNOB3B0PG9VK:00000002","RequestPath":"/v1/db/protocol_udp/sql"}]}
{"Timestamp":"2026-09-05T06:57:45.649Z","EventId":1,"LogLevel":"Information","Category":"Microsoft.AspNetCore.Hosting.Diagnostics","Message":"Request starting HTTP/1.1 POST http://127.0.0.1:36437/v1/db/protocol_mqtt/sql - application/json;\u002Bcharset=utf-8 66","State":{"Protocol":"HTTP/1.1","Method":"POST","ContentType":"application/json; charset=utf-8","ContentLength":66,"Scheme":"http","Host":"127.0.0.1:36437","PathBase":"","Path":"/v1/db/protocol_mqtt/sql","QueryString":"","{OriginalFormat}":"Request starting {Protocol} {Method} {Scheme}://{Host}{PathBase}{Path}{QueryString} - {ContentType} {ContentLength}"},"Scopes":[{"Message":"SpanId:0b54f244f35b7f38, TraceId:def82345561f90434c966bcf64a54fe5, ParentId:ab6a9848824dd672","SpanId":"0b54f244f35b7f38","TraceId":"def82345561f90434c966bcf64a54fe5","ParentId":"ab6a9848824dd672"},{"Message":"http.request.method:POST, server.address:127.0.0.1, server.port:36437, url.scheme:http, url.path:/v1/db/protocol_mqtt/sql, network.protocol.version:1.1","http.request.method":"POST","server.address":"127.0.0.1","server.port":36437,"url.scheme":"http","url.path":"/v1/db/protocol_mqtt/sql","network.protocol.version":"1.1"},{"Message":"ConnectionId:0HNOB3B0PG9VK","ConnectionId":"0HNOB3B0PG9VK"},{"Message":"RequestPath:/v1/db/protocol_mqtt/sql RequestId:0HNOB3B0PG9VK:00000003","RequestId":"0HNOB3B0PG9VK:00000003","RequestPath":"/v1/db/protocol_mqtt/sql"}]}
{"Timestamp":"2026-09-05T06:57:45.649Z","EventId":0,"LogLevel":"Information","Category":"Microsoft.AspNetCore.Routing.EndpointMiddleware","Message":"Executing endpoint \u0027HTTP: POST /v1/db/{db}/sql\u0027","State":{"EndpointName":"HTTP: POST /v1/db/{db}/sql","{OriginalFormat}":"Executing endpoint \u0027{EndpointName}\u0027"},"Scopes":[{"Message":"SpanId:0b54f244f35b7f38, TraceId:def82345561f90434c966bcf64a54fe5, ParentId:ab6a9848824dd672","SpanId":"0b54f244f35b7f38","TraceId":"def82345561f90434c966bcf64a54fe5","ParentId":"ab6a9848824dd672"},{"Message":"http.request.method:POST, server.address:127.0.0.1, server.port:36437, url.scheme:http, url.path:/v1/db/protocol_mqtt/sql, network.protocol.version:1.1","http.request.method":"POST","server.address":"127.0.0.1","server.port":36437,"url.scheme":"http","url.path":"/v1/db/protocol_mqtt/sql","network.protocol.version":"1.1"},{"Message":"ConnectionId:0HNOB3B0PG9VK","ConnectionId":"0HNOB3B0PG9VK"},{"Message":"RequestPath:/v1/db/protocol_mqtt/sql RequestId:0HNOB3B0PG9VK:00000003","RequestId":"0HNOB3B0PG9VK:00000003","RequestPath":"/v1/db/protocol_mqtt/sql"}]}
{"Timestamp":"2026-09-05T06:57:45.649Z","EventId":1,"LogLevel":"Information","Category":"Microsoft.AspNetCore.Routing.EndpointMiddleware","Message":"Executed endpoint \u0027HTTP: POST /v1/db/{db}/sql\u0027","State":{"EndpointName":"HTTP: POST /v1/db/{db}/sql","{OriginalFormat}":"Executed endpoint \u0027{EndpointName}\u0027"},"Scopes":[{"Message":"SpanId:0b54f244f35b7f38, TraceId:def82345561f90434c966bcf64a54fe5, ParentId:ab6a9848824dd672","SpanId":"0b54f244f35b7f38","TraceId":"def82345561f90434c966bcf64a54fe5","ParentId":"ab6a9848824dd672"},{"Message":"http.request.method:POST, server.address:127.0.0.1, server.port:36437, url.scheme:http, url.path:/v1/db/protocol_mqtt/sql, network.protocol.version:1.1","http.request.method":"POST","server.address":"127.0.0.1","server.port":36437,"url.scheme":"http","url.path":"/v1/db/protocol_mqtt/sql","network.protocol.version":"1.1"},{"Message":"ConnectionId:0HNOB3B0PG9VK","ConnectionId":"0HNOB3B0PG9VK"},{"Message":"RequestPath:/v1/db/protocol_mqtt/sql RequestId:0HNOB3B0PG9VK:00000003","RequestId":"0HNOB3B0PG9VK:00000003","RequestPath":"/v1/db/protocol_mqtt/sql"}]}
{"Timestamp":"2026-09-05T06:57:45.649Z","EventId":2,"LogLevel":"Information","Category":"Microsoft.AspNetCore.Hosting.Diagnostics","Message":"Request finished HTTP/1.1 POST http://127.0.0.1:36437/v1/db/protocol_mqtt/sql - 200 - application/x-ndjson;\u002Bcharset=utf-8 0.3305ms","State":{"ElapsedMilliseconds":0.3305,"StatusCode":200,"ContentType":"application/x-ndjson; charset=utf-8","ContentLength":null,"Protocol":"HTTP/1.1","Method":"POST","Scheme":"http","Host":"127.0.0.1:36437","PathBase":"","Path":"/v1/db/protocol_mqtt/sql","QueryString":"","{OriginalFormat}":"Request finished {Protocol} {Method} {Scheme}://{Host}{PathBase}{Path}{QueryString} - {StatusCode} {ContentLength} {ContentType} {ElapsedMilliseconds}ms"},"Scopes":[{"Message":"SpanId:0b54f244f35b7f38, TraceId:def82345561f90434c966bcf64a54fe5, ParentId:ab6a9848824dd672","SpanId":"0b54f244f35b7f38","TraceId":"def82345561f90434c966bcf64a54fe5","ParentId":"ab6a9848824dd672"},{"Message":"http.request.method:POST, server.address:127.0.0.1, server.port:36437, url.scheme:http, url.path:/v1/db/protocol_mqtt/sql, network.protocol.version:1.1","http.request.method":"POST","server.address":"127.0.0.1","server.port":36437,"url.scheme":"http","url.path":"/v1/db/protocol_mqtt/sql","network.protocol.version":"1.1"},{"Message":"ConnectionId:0HNOB3B0PG9VK","ConnectionId":"0HNOB3B0PG9VK"},{"Message":"RequestPath:/v1/db/protocol_mqtt/sql RequestId:0HNOB3B0PG9VK:00000003","RequestId":"0HNOB3B0PG9VK:00000003","RequestPath":"/v1/db/protocol_mqtt/sql"}]}
{"Timestamp":"2026-09-05T06:57:45.649Z","EventId":1,"LogLevel":"Information","Category":"Microsoft.AspNetCore.Hosting.Diagnostics","Message":"Request starting HTTP/1.1 POST http://127.0.0.1:36437/v1/db/protocol_coap/sql - application/json;\u002Bcharset=utf-8 66","State":{"Protocol":"HTTP/1.1","Method":"POST","ContentType":"application/json; charset=utf-8","ContentLength":66,"Scheme":"http","Host":"127.0.0.1:36437","PathBase":"","Path":"/v1/db/protocol_coap/sql","QueryString":"","{OriginalFormat}":"Request starting {Protocol} {Method} {Scheme}://{Host}{PathBase}{Path}{QueryString} - {ContentType} {ContentLength}"},"Scopes":[{"Message":"SpanId:dcd61f507d285956, TraceId:185ad6c72c553762a0267d272b9090c3, ParentId:064bab87bb1b7968","SpanId":"dcd61f507d285956","TraceId":"185ad6c72c553762a0267d272b9090c3","ParentId":"064bab87bb1b7968"},{"Message":"http.request.method:POST, server.address:127.0.0.1, server.port:36437, url.scheme:http, url.path:/v1/db/protocol_coap/sql, network.protocol.version:1.1","http.request.method":"POST","server.address":"127.0.0.1","server.port":36437,"url.scheme":"http","url.path":"/v1/db/protocol_coap/sql","network.protocol.version":"1.1"},{"Message":"ConnectionId:0HNOB3B0PG9VK","ConnectionId":"0HNOB3B0PG9VK"},{"Message":"RequestPath:/v1/db/protocol_coap/sql RequestId:0HNOB3B0PG9VK:00000004","RequestId":"0HNOB3B0PG9VK:00000004","RequestPath":"/v1/db/protocol_coap/sql"}]}
{"Timestamp":"2026-09-05T06:57:45.649Z","EventId":0,"LogLevel":"Information","Category":"Microsoft.AspNetCore.Routing.EndpointMiddleware","Message":"Executing endpoint \u0027HTTP: POST /v1/db/{db}/sql\u0027","State":{"EndpointName":"HTTP: POST /v1/db/{db}/sql","{OriginalFormat}":"Executing endpoint \u0027{EndpointName}\u0027"},"Scopes":[{"Message":"SpanId:dcd61f507d285956, TraceId:185ad6c72c553762a0267d272b9090c3, ParentId:064bab87bb1b7968","SpanId":"dcd61f507d285956","TraceId":"185ad6c72c553762a0267d272b9090c3","ParentId":"064bab87bb1b7968"},{"Message":"http.request.method:POST, server.address:127.0.0.1, server.port:36437, url.scheme:http, url.path:/v1/db/protocol_coap/sql, network.protocol.version:1.1","http.request.method":"POST","server.address":"127.0.0.1","server.port":36437,"url.scheme":"http","url.path":"/v1/db/protocol_coap/sql","network.protocol.version":"1.1"},{"Message":"ConnectionId:0HNOB3B0PG9VK","ConnectionId":"0HNOB3B0PG9VK"},{"Message":"RequestPath:/v1/db/protocol_coap/sql RequestId:0HNOB3B0PG9VK:00000004","RequestId":"0HNOB3B0PG9VK:00000004","RequestPath":"/v1/db/protocol_coap/sql"}]}
{"Timestamp":"2026-09-05T06:57:45.650Z","EventId":1,"LogLevel":"Information","Category":"Microsoft.AspNetCore.Routing.EndpointMiddleware","Message":"Executed endpoint \u0027HTTP: POST /v1/db/{db}/sql\u0027","State":{"EndpointName":"HTTP: POST /v1/db/{db}/sql","{OriginalFormat}":"Executed endpoint \u0027{EndpointName}\u0027"},"Scopes":[{"Message":"SpanId:dcd61f507d285956, TraceId:185ad6c72c553762a0267d272b9090c3, ParentId:064bab87bb1b7968","SpanId":"dcd61f507d285956","TraceId":"185ad6c72c553762a0267d272b9090c3","ParentId":"064bab87bb1b7968"},{"Message":"http.request.method:POST, server.address:127.0.0.1, server.port:36437, url.scheme:http, url.path:/v1/db/protocol_coap/sql, network.protocol.version:1.1","http.request.method":"POST","server.address":"127.0.0.1","server.port":36437,"url.scheme":"http","url.path":"/v1/db/protocol_coap/sql","network.protocol.version":"1.1"},{"Message":"ConnectionId:0HNOB3B0PG9VK","ConnectionId":"0HNOB3B0PG9VK"},{"Message":"RequestPath:/v1/db/protocol_coap/sql RequestId:0HNOB3B0PG9VK:00000004","RequestId":"0HNOB3B0PG9VK:00000004","RequestPath":"/v1/db/protocol_coap/sql"}]}
{"Timestamp":"2026-09-05T06:57:45.650Z","EventId":2,"LogLevel":"Information","Category":"Microsoft.AspNetCore.Hosting.Diagnostics","Message":"Request finished HTTP/1.1 POST http://127.0.0.1:36437/v1/db/protocol_coap/sql - 200 - application/x-ndjson;\u002Bcharset=utf-8 0.2980ms","State":{"ElapsedMilliseconds":0.298,"StatusCode":200,"ContentType":"application/x-ndjson; charset=utf-8","ContentLength":null,"Protocol":"HTTP/1.1","Method":"POST","Scheme":"http","Host":"127.0.0.1:36437","PathBase":"","Path":"/v1/db/protocol_coap/sql","QueryString":"","{OriginalFormat}":"Request finished {Protocol} {Method} {Scheme}://{Host}{PathBase}{Path}{QueryString} - {StatusCode} {ContentLength} {ContentType} {ElapsedMilliseconds}ms"},"Scopes":[{"Message":"SpanId:dcd61f507d285956, TraceId:185ad6c72c553762a0267d272b9090c3, ParentId:064bab87bb1b7968","SpanId":"dcd61f507d285956","TraceId":"185ad6c72c553762a0267d272b9090c3","ParentId":"064bab87bb1b7968"},{"Message":"http.request.method:POST, server.address:127.0.0.1, server.port:36437, url.scheme:http, url.path:/v1/db/protocol_coap/sql, network.protocol.version:1.1","http.request.method":"POST","server.address":"127.0.0.1","server.port":36437,"url.scheme":"http","url.path":"/v1/db/protocol_coap/sql","network.protocol.version":"1.1"},{"Message":"ConnectionId:0HNOB3B0PG9VK","ConnectionId":"0HNOB3B0PG9VK"},{"Message":"RequestPath:/v1/db/protocol_coap/sql RequestId:0HNOB3B0PG9VK:00000004","RequestId":"0HNOB3B0PG9VK:00000004","RequestPath":"/v1/db/protocol_coap/sql"}]}
{"Timestamp":"2026-09-05T06:57:45.652Z","EventId":0,"LogLevel":"Information","Category":"Microsoft.Hosting.Lifetime","Message":"Application is shutting down...","State":{"{OriginalFormat}":"Application is shutting down..."},"Scopes":[]}
[xUnit.net 00:01:42.04]   Finished:    SonnetDB.Parity
</StdOut>
    </Output>
    <RunInfos>
      <RunInfo computerName="runnervmejwal" outcome="Error" timestamp="2026-09-05T06:56:06.1301060+00:00">
        <Text>[xUnit.net 00:00:02.17]     SonnetDB.Parity.Runner.FrameRestTransportParitySuite.FrameHttp2_And_Rest_AreSemanticallyEquivalent_ForAllServices [FAIL]</Text>
      </RunInfo>
      <RunInfo computerName="runnervmejwal" outcome="Error" timestamp="2026-09-05T06:56:56.8203302+00:00">
        <Text>[xUnit.net 00:00:52.86]     SonnetDB.Parity.Runner.ParityRunner.TsdbSuite_SonnetDbMatchesInfluxDbAndVictoriaMetrics [FAIL]</Text>
      </RunInfo>
      <RunInfo computerName="runnervmejwal" outcome="Error" timestamp="2026-09-05T06:56:58.2211200+00:00">
        <Text>[xUnit.net 00:00:54.26]     SonnetDB.Parity.Runner.ParityRunner.VectorSuite_SonnetDbMatchesQdrant [FAIL]</Text>
      </RunInfo>
      <RunInfo computerName="runnervmejwal" outcome="Error" timestamp="2026-09-05T06:57:44.1342418+00:00">
        <Text>[xUnit.net 00:01:40.17]     SonnetDB.Parity.Runner.ParityRunner.FullTextSuite_SonnetDbMatchesMeilisearch [FAIL]</Text>
      </RunInfo>
    </RunInfos>
  </ResultSummary>
</TestRun>