<?xml version="1.0" encoding="utf-8"?>
<TestRun id="63dad2a5-cd5b-46a1-b273-37e3c69bf9da" name="@runnervmejwal 2026-09-05 06:57:48" xmlns="http://microsoft.com/schemas/VisualStudio/TeamTest/2010">
  <Times creation="2026-09-05T06:57:48.5778829+00:00" queuing="2026-09-05T06:57:48.5778830+00:00" start="2026-09-05T06:57:46.8186826+00:00" finish="2026-09-05T06:57:51.8757803+00:00" />
  <TestSettings name="default" id="d1634431-2ab3-4a7e-96af-6386cc89f0bc">
    <Deployment runDeploymentRoot="_runnervmejwal_2026-09-05_06_57_48" />
  </TestSettings>
  <Results>
    <UnitTestResult executionId="f1257cb8-9674-4240-96f4-7ff85b58939a" testId="3ed8f3c2-3284-1a28-63f1-358738d5a81d" testName="SonnetDB.CrashTests.CrashReliabilityTests.oom_protection_memtable_backpressure_HardCapFlushesBeforeUnboundedGrowth" computerName="runnervmejwal" duration="00:00:00.3426255" startTime="2026-09-05T06:57:48.4341636+00:00" endTime="2026-09-05T06:57:48.7760784+00:00" testType="13cdc9d9-ddb5-4fa4-a97d-d965ccfc6d4b" outcome="Passed" testListId="8c84fa94-04c1-424b-9868-57a2d4851a1d" relativeResultsDirectory="f1257cb8-9674-4240-96f4-7ff85b58939a" />
    <UnitTestResult executionId="91e71ecc-2307-401d-875f-bfe090808738" testId="6d2529d1-17c4-74dd-8b49-9d11989bb1d3" testName="SonnetDB.CrashTests.CrashReliabilityTests.power_loss_torn_record_ReopenIgnoresTornWalTail" computerName="runnervmejwal" duration="00:00:00.0177385" startTime="2026-09-05T06:57:50.3212493+00:00" endTime="2026-09-05T06:57:50.3387276+00:00" testType="13cdc9d9-ddb5-4fa4-a97d-d965ccfc6d4b" outcome="Passed" testListId="8c84fa94-04c1-424b-9868-57a2d4851a1d" relativeResultsDirectory="91e71ecc-2307-401d-875f-bfe090808738" />
    <UnitTestResult executionId="9951fef6-6ce1-4924-a870-a57ff4ca3401" testId="939f4755-8654-694a-aa27-8a1c688f8ed8" testName="SonnetDB.CrashTests.CrashReliabilityTests.crash_kill9_os_flushed_writes_AckedWritesSurviveProcessCrash" computerName="runnervmejwal" duration="00:00:00.5808090" startTime="2026-09-05T06:57:50.3390223+00:00" endTime="2026-09-05T06:57:50.9196950+00:00" testType="13cdc9d9-ddb5-4fa4-a97d-d965ccfc6d4b" outcome="Passed" testListId="8c84fa94-04c1-424b-9868-57a2d4851a1d" relativeResultsDirectory="9951fef6-6ce1-4924-a870-a57ff4ca3401" />
    <UnitTestResult executionId="ea265407-8175-4e9a-904c-cef7076152b7" testId="9150857f-c4e4-07c5-0035-9fdc417b3556" testName="SonnetDB.CrashTests.CrashReliabilityTests.disk_full_during_wal_append_PreservesPreviouslySyncedRecords" computerName="runnervmejwal" duration="00:00:00.2134065" startTime="2026-09-05T06:57:50.9198989+00:00" endTime="2026-09-05T06:57:51.1332945+00:00" testType="13cdc9d9-ddb5-4fa4-a97d-d965ccfc6d4b" outcome="Passed" testListId="8c84fa94-04c1-424b-9868-57a2d4851a1d" relativeResultsDirectory="ea265407-8175-4e9a-904c-cef7076152b7" />
    <UnitTestResult executionId="9cb8bb25-6b25-460c-ba9a-c4e7595190f8" testId="c69b76cf-c18e-bebd-fa50-e1cbed3f35a7" testName="SonnetDB.CrashTests.CrashReliabilityTests.crash_kill9_after_delete_DeletedRangeStaysDeleted" computerName="runnervmejwal" duration="00:00:00.7258756" startTime="2026-09-05T06:57:47.7142480+00:00" endTime="2026-09-05T06:57:48.4332776+00:00" testType="13cdc9d9-ddb5-4fa4-a97d-d965ccfc6d4b" outcome="Passed" testListId="8c84fa94-04c1-424b-9868-57a2d4851a1d" relativeResultsDirectory="9cb8bb25-6b25-460c-ba9a-c4e7595190f8" />
    <UnitTestResult executionId="07c3efc4-ac64-42f0-82ae-f8dbe0c891b1" testId="719ee9c2-b843-29cb-bb45-ddae30178768" testName="SonnetDB.CrashTests.CrashReliabilityTests.power_loss_half_renamed_segment_PendingReplacementIsIgnoredOnReopen" computerName="runnervmejwal" duration="00:00:00.5085588" startTime="2026-09-05T06:57:47.1943218+00:00" endTime="2026-09-05T06:57:47.7071811+00:00" testType="13cdc9d9-ddb5-4fa4-a97d-d965ccfc6d4b" outcome="Passed" testListId="8c84fa94-04c1-424b-9868-57a2d4851a1d" relativeResultsDirectory="07c3efc4-ac64-42f0-82ae-f8dbe0c891b1" />
    <UnitTestResult executionId="dcf3b041-14c6-44bf-b319-0c075050e2ab" testId="cbacb637-f33d-723f-1062-c8637f0fe42b" testName="SonnetDB.CrashTests.CrashReliabilityTests.crash_kill9_during_fsync_ReopenReplaysOnlyValidWalRecords" computerName="runnervmejwal" duration="00:00:00.6943241" startTime="2026-09-05T06:57:51.1334945+00:00" endTime="2026-09-05T06:57:51.8278651+00:00" testType="13cdc9d9-ddb5-4fa4-a97d-d965ccfc6d4b" outcome="Passed" testListId="8c84fa94-04c1-424b-9868-57a2d4851a1d" relativeResultsDirectory="dcf3b041-14c6-44bf-b319-0c075050e2ab" />
    <UnitTestResult executionId="dceb5dfb-41b5-4950-95b8-b347b023d9a5" testId="0f349738-363a-8ef0-8a25-a36953b9592a" testName="SonnetDB.CrashTests.CrashReliabilityTests.crash_kill9_mid_compaction_ReopenDoesNotDuplicateCommittedSegments" computerName="runnervmejwal" duration="00:00:01.5446118" startTime="2026-09-05T06:57:48.7764908+00:00" endTime="2026-09-05T06:57:50.3208451+00:00" testType="13cdc9d9-ddb5-4fa4-a97d-d965ccfc6d4b" outcome="Passed" testListId="8c84fa94-04c1-424b-9868-57a2d4851a1d" relativeResultsDirectory="dceb5dfb-41b5-4950-95b8-b347b023d9a5" />
  </Results>
  <TestDefinitions>
    <UnitTest name="SonnetDB.CrashTests.CrashReliabilityTests.crash_kill9_during_fsync_ReopenReplaysOnlyValidWalRecords" storage="/home/runner/work/sonnetdb/sonnetdb/tests/sonnetdb.crashtests/bin/release/net10.0/sonnetdb.crashtests.dll" id="cbacb637-f33d-723f-1062-c8637f0fe42b">
      <Execution id="dcf3b041-14c6-44bf-b319-0c075050e2ab" />
      <TestMethod codeBase="/home/runner/work/SonnetDB/SonnetDB/tests/SonnetDB.CrashTests/bin/Release/net10.0/SonnetDB.CrashTests.dll" adapterTypeName="executor://xunit/VsTestRunner3/netcore/" className="SonnetDB.CrashTests.CrashReliabilityTests" name="crash_kill9_during_fsync_ReopenReplaysOnlyValidWalRecords" />
    </UnitTest>
    <UnitTest name="SonnetDB.CrashTests.CrashReliabilityTests.oom_protection_memtable_backpressure_HardCapFlushesBeforeUnboundedGrowth" storage="/home/runner/work/sonnetdb/sonnetdb/tests/sonnetdb.crashtests/bin/release/net10.0/sonnetdb.crashtests.dll" id="3ed8f3c2-3284-1a28-63f1-358738d5a81d">
      <Execution id="f1257cb8-9674-4240-96f4-7ff85b58939a" />
      <TestMethod codeBase="/home/runner/work/SonnetDB/SonnetDB/tests/SonnetDB.CrashTests/bin/Release/net10.0/SonnetDB.CrashTests.dll" adapterTypeName="executor://xunit/VsTestRunner3/netcore/" className="SonnetDB.CrashTests.CrashReliabilityTests" name="oom_protection_memtable_backpressure_HardCapFlushesBeforeUnboundedGrowth" />
    </UnitTest>
    <UnitTest name="SonnetDB.CrashTests.CrashReliabilityTests.crash_kill9_after_delete_DeletedRangeStaysDeleted" storage="/home/runner/work/sonnetdb/sonnetdb/tests/sonnetdb.crashtests/bin/release/net10.0/sonnetdb.crashtests.dll" id="c69b76cf-c18e-bebd-fa50-e1cbed3f35a7">
      <Execution id="9cb8bb25-6b25-460c-ba9a-c4e7595190f8" />
      <TestMethod codeBase="/home/runner/work/SonnetDB/SonnetDB/tests/SonnetDB.CrashTests/bin/Release/net10.0/SonnetDB.CrashTests.dll" adapterTypeName="executor://xunit/VsTestRunner3/netcore/" className="SonnetDB.CrashTests.CrashReliabilityTests" name="crash_kill9_after_delete_DeletedRangeStaysDeleted" />
    </UnitTest>
    <UnitTest name="SonnetDB.CrashTests.CrashReliabilityTests.crash_kill9_os_flushed_writes_AckedWritesSurviveProcessCrash" storage="/home/runner/work/sonnetdb/sonnetdb/tests/sonnetdb.crashtests/bin/release/net10.0/sonnetdb.crashtests.dll" id="939f4755-8654-694a-aa27-8a1c688f8ed8">
      <Execution id="9951fef6-6ce1-4924-a870-a57ff4ca3401" />
      <TestMethod codeBase="/home/runner/work/SonnetDB/SonnetDB/tests/SonnetDB.CrashTests/bin/Release/net10.0/SonnetDB.CrashTests.dll" adapterTypeName="executor://xunit/VsTestRunner3/netcore/" className="SonnetDB.CrashTests.CrashReliabilityTests" name="crash_kill9_os_flushed_writes_AckedWritesSurviveProcessCrash" />
    </UnitTest>
    <UnitTest name="SonnetDB.CrashTests.CrashReliabilityTests.power_loss_half_renamed_segment_PendingReplacementIsIgnoredOnReopen" storage="/home/runner/work/sonnetdb/sonnetdb/tests/sonnetdb.crashtests/bin/release/net10.0/sonnetdb.crashtests.dll" id="719ee9c2-b843-29cb-bb45-ddae30178768">
      <Execution id="07c3efc4-ac64-42f0-82ae-f8dbe0c891b1" />
      <TestMethod codeBase="/home/runner/work/SonnetDB/SonnetDB/tests/SonnetDB.CrashTests/bin/Release/net10.0/SonnetDB.CrashTests.dll" adapterTypeName="executor://xunit/VsTestRunner3/netcore/" className="SonnetDB.CrashTests.CrashReliabilityTests" name="power_loss_half_renamed_segment_PendingReplacementIsIgnoredOnReopen" />
    </UnitTest>
    <UnitTest name="SonnetDB.CrashTests.CrashReliabilityTests.crash_kill9_mid_compaction_ReopenDoesNotDuplicateCommittedSegments" storage="/home/runner/work/sonnetdb/sonnetdb/tests/sonnetdb.crashtests/bin/release/net10.0/sonnetdb.crashtests.dll" id="0f349738-363a-8ef0-8a25-a36953b9592a">
      <Execution id="dceb5dfb-41b5-4950-95b8-b347b023d9a5" />
      <TestMethod codeBase="/home/runner/work/SonnetDB/SonnetDB/tests/SonnetDB.CrashTests/bin/Release/net10.0/SonnetDB.CrashTests.dll" adapterTypeName="executor://xunit/VsTestRunner3/netcore/" className="SonnetDB.CrashTests.CrashReliabilityTests" name="crash_kill9_mid_compaction_ReopenDoesNotDuplicateCommittedSegments" />
    </UnitTest>
    <UnitTest name="SonnetDB.CrashTests.CrashReliabilityTests.disk_full_during_wal_append_PreservesPreviouslySyncedRecords" storage="/home/runner/work/sonnetdb/sonnetdb/tests/sonnetdb.crashtests/bin/release/net10.0/sonnetdb.crashtests.dll" id="9150857f-c4e4-07c5-0035-9fdc417b3556">
      <Execution id="ea265407-8175-4e9a-904c-cef7076152b7" />
      <TestMethod codeBase="/home/runner/work/SonnetDB/SonnetDB/tests/SonnetDB.CrashTests/bin/Release/net10.0/SonnetDB.CrashTests.dll" adapterTypeName="executor://xunit/VsTestRunner3/netcore/" className="SonnetDB.CrashTests.CrashReliabilityTests" name="disk_full_during_wal_append_PreservesPreviouslySyncedRecords" />
    </UnitTest>
    <UnitTest name="SonnetDB.CrashTests.CrashReliabilityTests.power_loss_torn_record_ReopenIgnoresTornWalTail" storage="/home/runner/work/sonnetdb/sonnetdb/tests/sonnetdb.crashtests/bin/release/net10.0/sonnetdb.crashtests.dll" id="6d2529d1-17c4-74dd-8b49-9d11989bb1d3">
      <Execution id="91e71ecc-2307-401d-875f-bfe090808738" />
      <TestMethod codeBase="/home/runner/work/SonnetDB/SonnetDB/tests/SonnetDB.CrashTests/bin/Release/net10.0/SonnetDB.CrashTests.dll" adapterTypeName="executor://xunit/VsTestRunner3/netcore/" className="SonnetDB.CrashTests.CrashReliabilityTests" name="power_loss_torn_record_ReopenIgnoresTornWalTail" />
    </UnitTest>
  </TestDefinitions>
  <TestEntries>
    <TestEntry testId="3ed8f3c2-3284-1a28-63f1-358738d5a81d" executionId="f1257cb8-9674-4240-96f4-7ff85b58939a" testListId="8c84fa94-04c1-424b-9868-57a2d4851a1d" />
    <TestEntry testId="6d2529d1-17c4-74dd-8b49-9d11989bb1d3" executionId="91e71ecc-2307-401d-875f-bfe090808738" testListId="8c84fa94-04c1-424b-9868-57a2d4851a1d" />
    <TestEntry testId="939f4755-8654-694a-aa27-8a1c688f8ed8" executionId="9951fef6-6ce1-4924-a870-a57ff4ca3401" testListId="8c84fa94-04c1-424b-9868-57a2d4851a1d" />
    <TestEntry testId="9150857f-c4e4-07c5-0035-9fdc417b3556" executionId="ea265407-8175-4e9a-904c-cef7076152b7" testListId="8c84fa94-04c1-424b-9868-57a2d4851a1d" />
    <TestEntry testId="c69b76cf-c18e-bebd-fa50-e1cbed3f35a7" executionId="9cb8bb25-6b25-460c-ba9a-c4e7595190f8" testListId="8c84fa94-04c1-424b-9868-57a2d4851a1d" />
    <TestEntry testId="719ee9c2-b843-29cb-bb45-ddae30178768" executionId="07c3efc4-ac64-42f0-82ae-f8dbe0c891b1" testListId="8c84fa94-04c1-424b-9868-57a2d4851a1d" />
    <TestEntry testId="cbacb637-f33d-723f-1062-c8637f0fe42b" executionId="dcf3b041-14c6-44bf-b319-0c075050e2ab" testListId="8c84fa94-04c1-424b-9868-57a2d4851a1d" />
    <TestEntry testId="0f349738-363a-8ef0-8a25-a36953b9592a" executionId="dceb5dfb-41b5-4950-95b8-b347b023d9a5" testListId="8c84fa94-04c1-424b-9868-57a2d4851a1d" />
  </TestEntries>
  <TestLists>
    <TestList name="Results Not in a List" id="8c84fa94-04c1-424b-9868-57a2d4851a1d" />
    <TestList name="All Loaded Results" id="19431567-8539-422a-85d7-44ee4e166bda" />
  </TestLists>
  <ResultSummary outcome="Completed">
    <Counters total="8" executed="8" passed="8" failed="0" error="0" timeout="0" aborted="0" inconclusive="0" passedButRunAborted="0" notRunnable="0" notExecuted="0" disconnected="0" warning="0" completed="0" inProgress="0" pending="0" />
    <Output>
      <StdOut>[xUnit.net 00:00:00.00] xUnit.net VSTest Adapter v3.1.5+1b188a7b0a (64-bit .NET 10.0.11)
[xUnit.net 00:00:00.05]   Discovering: SonnetDB.CrashTests
[xUnit.net 00:00:00.08]   Discovered:  SonnetDB.CrashTests
[xUnit.net 00:00:00.09]   Starting:    SonnetDB.CrashTests
[xUnit.net 00:00:04.75]   Finished:    SonnetDB.CrashTests
</StdOut>
    </Output>
  </ResultSummary>
</TestRun>